2024-02-26 14:28:12,601 INFO o.a.j.u.JMeterUtils: Setting Locale to en_EN
2024-02-26 14:28:12,652 INFO o.a.j.JMeter: Loading user properties from: /usr/local/Cellar/jmeter/5.6.2/libexec/bin/user.properties
2024-02-26 14:28:12,653 INFO o.a.j.JMeter: Loading system properties from: /usr/local/Cellar/jmeter/5.6.2/libexec/bin/system.properties
2024-02-26 14:28:12,662 INFO o.a.j.JMeter: Copyright (c) 1998-2023 The Apache Software Foundation
2024-02-26 14:28:12,663 INFO o.a.j.JMeter: Version 5.6.2
2024-02-26 14:28:12,663 INFO o.a.j.JMeter: java.version=17.0.8.1
2024-02-26 14:28:12,663 INFO o.a.j.JMeter: java.vm.name=OpenJDK 64-Bit Server VM
2024-02-26 14:28:12,663 INFO o.a.j.JMeter: os.name=Mac OS X
2024-02-26 14:28:12,663 INFO o.a.j.JMeter: os.arch=x86_64
2024-02-26 14:28:12,663 INFO o.a.j.JMeter: os.version=12.6.7
2024-02-26 14:28:12,663 INFO o.a.j.JMeter: file.encoding=UTF-8
2024-02-26 14:28:12,663 INFO o.a.j.JMeter: java.awt.headless=null
2024-02-26 14:28:12,663 INFO o.a.j.JMeter: Max memory     =1073741824
2024-02-26 14:28:12,663 INFO o.a.j.JMeter: Available Processors =16
2024-02-26 14:28:12,676 INFO o.a.j.JMeter: Default Locale=English (EN)
2024-02-26 14:28:12,676 INFO o.a.j.JMeter: JMeter  Locale=English (EN)
2024-02-26 14:28:12,676 INFO o.a.j.JMeter: JMeterHome=/usr/local/Cellar/jmeter/5.6.2/libexec
2024-02-26 14:28:12,677 INFO o.a.j.JMeter: user.dir  =/Users/valeriovinciarelli/Documents/opensource-github/services/backoffice-service
2024-02-26 14:28:12,677 INFO o.a.j.JMeter: PWD       =/Users/valeriovinciarelli/Documents/opensource-github/services/backoffice-service
2024-02-26 14:28:12,682 INFO o.a.j.JMeter: IP: 192.168.1.21 Name: MBP-di-Valerio.homenet.telecomitalia.it FullName: mbp-di-valerio.homenet.telecomitalia.it
2024-02-26 14:28:12,706 INFO o.a.j.JMeter: Loaded icon properties from org/apache/jmeter/images/icon.properties
2024-02-26 14:28:15,840 INFO o.a.j.JMeterGuiLauncher: Setting LAF to: com.github.weisj.darklaf.DarkLaf:com.github.weisj.darklaf.theme.DarculaTheme
2024-02-26 14:28:17,603 INFO o.a.j.r.ClassFinder: Will scan jar /usr/local/Cellar/jmeter/5.6.2/libexec/lib/ext/jmeter-plugins-manager-1.9.jar with filter ExtendsClassFilter [parents=[interface org.apache.jmeter.gui.action.Command], inner=false, contains=null, notContains=null]. Consider exposing JMeter plugins via META-INF/services, and add JMeter-Skip-Class-Scanning=true manifest attribute so JMeter can skip classfile scanning
2024-02-26 14:28:17,744 INFO o.a.j.r.ClassFinder: Will scan jar /usr/local/Cellar/jmeter/5.6.2/libexec/lib/ext/jmeter-plugins-manager-1.9.jar with filter ExtendsClassFilter [parents=[interface org.apache.jmeter.gui.plugin.MenuCreator], inner=false, contains=null, notContains=null]. Consider exposing JMeter plugins via META-INF/services, and add JMeter-Skip-Class-Scanning=true manifest attribute so JMeter can skip classfile scanning
2024-02-26 14:28:17,839 INFO o.j.r.JARSourceHTTP: Requesting https://jmeter-plugins.org/repo/?installID=mac_os_x-847ca1211558c783bae012c18a1c7488-gui
2024-02-26 14:28:19,668 INFO o.j.r.PluginManager: Plugins Status: [jpgc-plugins-manager=1.9, jmeter-core=5.6.2, jmeter-ftp=5.6.2, jmeter-http=5.6.2, jmeter-jdbc=5.6.2, jmeter-jms=5.6.2, jmeter-junit=5.6.2, jmeter-java=5.6.2, jmeter-ldap=5.6.2, jmeter-mail=5.6.2, jmeter-mongodb=5.6.2, jmeter-native=5.6.2, jmeter-tcp=5.6.2, jmeter-components=5.6.2]
2024-02-26 14:28:19,669 INFO o.j.r.PluginManagerMenuItem: Plugins Manager has upgrades: [jpgc-plugins-manager]
2024-02-26 14:29:09,729 INFO o.a.j.s.FileServer: Default base='/Users/valeriovinciarelli/Documents/opensource-github/services/backoffice-service'
2024-02-26 14:29:09,732 INFO o.a.j.g.a.Load: Loading file: /Users/valeriovinciarelli/Documents/opensource-github/load-testing/epos-prod-webapi-to-db.jmx
2024-02-26 14:29:09,732 INFO o.a.j.s.FileServer: Set new base='/Users/valeriovinciarelli/Documents/opensource-github/load-testing'
2024-02-26 14:29:09,940 INFO o.a.j.s.SaveService: Testplan (JMX) version: 2.2. Testlog (JTL) version: 2.2
2024-02-26 14:29:09,947 INFO o.a.j.s.SaveService: Using SaveService properties version 5.0
2024-02-26 14:29:09,949 INFO o.a.j.s.SaveService: Using SaveService properties file encoding UTF-8
2024-02-26 14:29:09,950 INFO o.a.j.s.SaveService: Loading file: /Users/valeriovinciarelli/Documents/opensource-github/load-testing/epos-prod-webapi-to-db.jmx
2024-02-26 14:29:10,058 INFO o.a.j.p.h.s.HTTPSamplerBase: Parser for text/html is org.apache.jmeter.protocol.http.parser.LagartoBasedHtmlParser
2024-02-26 14:29:10,058 INFO o.a.j.p.h.s.HTTPSamplerBase: Parser for application/xhtml+xml is org.apache.jmeter.protocol.http.parser.LagartoBasedHtmlParser
2024-02-26 14:29:10,058 INFO o.a.j.p.h.s.HTTPSamplerBase: Parser for application/xml is org.apache.jmeter.protocol.http.parser.LagartoBasedHtmlParser
2024-02-26 14:29:10,058 INFO o.a.j.p.h.s.HTTPSamplerBase: Parser for text/xml is org.apache.jmeter.protocol.http.parser.LagartoBasedHtmlParser
2024-02-26 14:29:10,058 INFO o.a.j.p.h.s.HTTPSamplerBase: Parser for text/vnd.wap.wml is org.apache.jmeter.protocol.http.parser.RegexpHTMLParser
2024-02-26 14:29:10,058 INFO o.a.j.p.h.s.HTTPSamplerBase: Parser for text/css is org.apache.jmeter.protocol.http.parser.CssParser
2024-02-26 14:29:10,280 INFO o.a.j.e.KeyToolUtils: keytool found at 'keytool'
2024-02-26 14:29:10,280 INFO o.a.j.p.h.p.ProxyControl: HTTP(S) Test Script Recorder SSL Proxy will use keys that support embedded 3rd party resources in file /usr/local/Cellar/jmeter/5.6.2/libexec/bin/proxyserver.jks
2024-02-26 14:29:10,490 INFO o.a.j.s.SampleResult: Note: Sample TimeStamps are START times
2024-02-26 14:29:10,490 INFO o.a.j.s.SampleResult: sampleresult.default.encoding is set to UTF-8
2024-02-26 14:29:10,490 INFO o.a.j.s.SampleResult: sampleresult.useNanoTime=true
2024-02-26 14:29:10,490 INFO o.a.j.s.SampleResult: sampleresult.nanoThreadSleep=5000
2024-02-26 14:29:10,671 INFO o.a.j.r.ClassFinder: Will scan jar /usr/local/Cellar/jmeter/5.6.2/libexec/lib/ext/jmeter-plugins-manager-1.9.jar with filter ExtendsClassFilter [parents=[interface org.apache.jmeter.visualizers.ResultRenderer], inner=false, contains=null, notContains=null]. Consider exposing JMeter plugins via META-INF/services, and add JMeter-Skip-Class-Scanning=true manifest attribute so JMeter can skip classfile scanning
2024-02-26 14:29:10,690 INFO o.a.j.r.ClassFinder: Will scan jar /usr/local/Cellar/jmeter/5.6.2/libexec/lib/ext/jmeter-plugins-manager-1.9.jar with filter ExtendsClassFilter [parents=[interface org.apache.jmeter.visualizers.RequestView], inner=false, contains=null, notContains=null]. Consider exposing JMeter plugins via META-INF/services, and add JMeter-Skip-Class-Scanning=true manifest attribute so JMeter can skip classfile scanning
2024-02-26 14:29:10,813 INFO o.a.j.s.FileServer: Set new base='/Users/valeriovinciarelli/Documents/opensource-github/load-testing'
2024-02-26 14:30:05,993 INFO o.a.j.e.StandardJMeterEngine: Running the test!
2024-02-26 14:30:05,993 INFO o.a.j.s.SampleEvent: List of sample_variables: []
2024-02-26 14:30:05,993 INFO o.a.j.s.SampleEvent: List of sample_variables: []
2024-02-26 14:30:05,994 INFO o.a.j.e.u.CompoundVariable: Note: Function class names must contain the string: '.functions.'
2024-02-26 14:30:05,994 INFO o.a.j.e.u.CompoundVariable: Note: Function class names must not contain the string: '.gui.'
2024-02-26 14:30:06,044 INFO o.a.j.r.ClassFinder: Will scan jar /usr/local/Cellar/jmeter/5.6.2/libexec/lib/ext/jmeter-plugins-manager-1.9.jar with filter ExtendsClassFilter [parents=[interface org.apache.jmeter.functions.Function], inner=false, contains=null, notContains=null]. Consider exposing JMeter plugins via META-INF/services, and add JMeter-Skip-Class-Scanning=true manifest attribute so JMeter can skip classfile scanning
2024-02-26 14:30:06,048 INFO o.a.j.g.u.JMeterMenuBar: setRunning(true, *local*)
2024-02-26 14:30:06,092 INFO o.a.j.e.StandardJMeterEngine: Starting ThreadGroup: 1 : Thread Group
2024-02-26 14:30:06,092 INFO o.a.j.e.StandardJMeterEngine: Starting 30 threads for group Thread Group.
2024-02-26 14:30:06,092 INFO o.a.j.e.StandardJMeterEngine: Thread will continue on error
2024-02-26 14:30:06,092 INFO o.a.j.t.ThreadGroup: Starting thread group... number=1 threads=30 ramp-up=1 delayedStart=false
2024-02-26 14:30:06,096 INFO o.a.j.t.JMeterThread: Thread started: Thread Group 1-1
2024-02-26 14:30:06,105 INFO o.a.j.p.h.s.HTTPHCAbstractImpl: Local host = MBP-di-Valerio.homenet.telecomitalia.it
2024-02-26 14:30:06,109 INFO o.a.j.t.ThreadGroup: Started thread group number 1
2024-02-26 14:30:06,110 INFO o.a.j.e.StandardJMeterEngine: All thread groups have been started
2024-02-26 14:30:06,111 INFO o.a.j.p.h.s.HTTPHC4Impl: HTTP request retry count = 0
2024-02-26 14:30:06,127 INFO o.a.j.t.JMeterThread: Thread started: Thread Group 1-2
2024-02-26 14:30:06,155 INFO o.a.j.p.h.s.h.LazyLayeredConnectionSocketFactory: Setting up HTTPS TrustAll Socket Factory
2024-02-26 14:30:06,157 INFO o.a.j.u.JsseSSLManager: Using default SSL protocol: TLS
2024-02-26 14:30:06,157 INFO o.a.j.u.JsseSSLManager: SSL session context: per-thread
2024-02-26 14:30:06,160 INFO o.a.j.t.JMeterThread: Thread started: Thread Group 1-3
2024-02-26 14:30:06,194 INFO o.a.j.t.JMeterThread: Thread started: Thread Group 1-4
2024-02-26 14:30:06,211 INFO o.a.j.u.SSLManager: JmeterKeyStore Location:  type JKS
2024-02-26 14:30:06,212 INFO o.a.j.u.SSLManager: KeyStore created OK
2024-02-26 14:30:06,212 WARN o.a.j.u.SSLManager: Keystore file not found, loading empty keystore
2024-02-26 14:30:06,229 INFO o.a.j.t.JMeterThread: Thread started: Thread Group 1-5
2024-02-26 14:30:06,262 INFO o.a.j.t.JMeterThread: Thread started: Thread Group 1-6
2024-02-26 14:30:06,293 INFO o.a.j.t.JMeterThread: Thread started: Thread Group 1-7
2024-02-26 14:30:06,327 INFO o.a.j.t.JMeterThread: Thread started: Thread Group 1-8
2024-02-26 14:30:06,361 INFO o.a.j.t.JMeterThread: Thread started: Thread Group 1-9
2024-02-26 14:30:06,394 INFO o.a.j.t.JMeterThread: Thread started: Thread Group 1-10
2024-02-26 14:30:06,427 INFO o.a.j.t.JMeterThread: Thread started: Thread Group 1-11
2024-02-26 14:30:06,460 INFO o.a.j.t.JMeterThread: Thread started: Thread Group 1-12
2024-02-26 14:30:06,489 INFO o.a.j.t.JMeterThread: Thread started: Thread Group 1-13
2024-02-26 14:30:06,522 INFO o.a.j.t.JMeterThread: Thread started: Thread Group 1-14
2024-02-26 14:30:06,555 INFO o.a.j.t.JMeterThread: Thread started: Thread Group 1-15
2024-02-26 14:30:06,591 INFO o.a.j.t.JMeterThread: Thread started: Thread Group 1-16
2024-02-26 14:30:06,618 INFO o.a.j.t.JMeterThread: Thread is done: Thread Group 1-1
2024-02-26 14:30:06,618 INFO o.a.j.t.JMeterThread: Thread finished: Thread Group 1-1
2024-02-26 14:30:06,620 INFO o.a.j.t.JMeterThread: Thread is done: Thread Group 1-2
2024-02-26 14:30:06,620 INFO o.a.j.t.JMeterThread: Thread finished: Thread Group 1-2
2024-02-26 14:30:06,624 INFO o.a.j.t.JMeterThread: Thread is done: Thread Group 1-4
2024-02-26 14:30:06,624 INFO o.a.j.t.JMeterThread: Thread is done: Thread Group 1-5
2024-02-26 14:30:06,624 INFO o.a.j.t.JMeterThread: Thread finished: Thread Group 1-4
2024-02-26 14:30:06,624 INFO o.a.j.t.JMeterThread: Thread finished: Thread Group 1-5
2024-02-26 14:30:06,625 INFO o.a.j.t.JMeterThread: Thread is done: Thread Group 1-3
2024-02-26 14:30:06,625 INFO o.a.j.t.JMeterThread: Thread finished: Thread Group 1-3
2024-02-26 14:30:06,625 INFO o.a.j.t.JMeterThread: Thread started: Thread Group 1-17
2024-02-26 14:30:06,626 INFO o.a.j.t.JMeterThread: Thread is done: Thread Group 1-6
2024-02-26 14:30:06,626 INFO o.a.j.t.JMeterThread: Thread finished: Thread Group 1-6
2024-02-26 14:30:06,628 INFO o.a.j.t.JMeterThread: Thread is done: Thread Group 1-10
2024-02-26 14:30:06,628 INFO o.a.j.t.JMeterThread: Thread finished: Thread Group 1-10
2024-02-26 14:30:06,629 INFO o.a.j.t.JMeterThread: Thread is done: Thread Group 1-8
2024-02-26 14:30:06,629 INFO o.a.j.t.JMeterThread: Thread finished: Thread Group 1-8
2024-02-26 14:30:06,631 INFO o.a.j.t.JMeterThread: Thread is done: Thread Group 1-7
2024-02-26 14:30:06,631 INFO o.a.j.t.JMeterThread: Thread finished: Thread Group 1-7
2024-02-26 14:30:06,636 INFO o.a.j.t.JMeterThread: Thread is done: Thread Group 1-9
2024-02-26 14:30:06,636 INFO o.a.j.t.JMeterThread: Thread finished: Thread Group 1-9
2024-02-26 14:30:06,649 INFO o.a.j.t.JMeterThread: Thread is done: Thread Group 1-11
2024-02-26 14:30:06,650 INFO o.a.j.t.JMeterThread: Thread finished: Thread Group 1-11
2024-02-26 14:30:06,654 INFO o.a.j.t.JMeterThread: Thread started: Thread Group 1-18
2024-02-26 14:30:06,691 INFO o.a.j.t.JMeterThread: Thread started: Thread Group 1-19
2024-02-26 14:30:06,719 INFO o.a.j.t.JMeterThread: Thread started: Thread Group 1-20
2024-02-26 14:30:06,755 INFO o.a.j.t.JMeterThread: Thread started: Thread Group 1-21
2024-02-26 14:30:06,760 INFO o.a.j.t.JMeterThread: Thread is done: Thread Group 1-13
2024-02-26 14:30:06,760 INFO o.a.j.t.JMeterThread: Thread finished: Thread Group 1-13
2024-02-26 14:30:06,763 INFO o.a.j.t.JMeterThread: Thread is done: Thread Group 1-12
2024-02-26 14:30:06,763 INFO o.a.j.t.JMeterThread: Thread finished: Thread Group 1-12
2024-02-26 14:30:06,786 INFO o.a.j.t.JMeterThread: Thread started: Thread Group 1-22
2024-02-26 14:30:06,815 INFO o.a.j.t.JMeterThread: Thread is done: Thread Group 1-15
2024-02-26 14:30:06,816 INFO o.a.j.t.JMeterThread: Thread finished: Thread Group 1-15
2024-02-26 14:30:06,819 INFO o.a.j.t.JMeterThread: Thread started: Thread Group 1-23
2024-02-26 14:30:06,822 INFO o.a.j.t.JMeterThread: Thread is done: Thread Group 1-14
2024-02-26 14:30:06,822 INFO o.a.j.t.JMeterThread: Thread finished: Thread Group 1-14
2024-02-26 14:30:06,853 INFO o.a.j.t.JMeterThread: Thread started: Thread Group 1-24
2024-02-26 14:30:06,864 INFO o.a.j.t.JMeterThread: Thread is done: Thread Group 1-16
2024-02-26 14:30:06,864 INFO o.a.j.t.JMeterThread: Thread finished: Thread Group 1-16
2024-02-26 14:30:06,885 INFO o.a.j.t.JMeterThread: Thread is done: Thread Group 1-17
2024-02-26 14:30:06,885 INFO o.a.j.t.JMeterThread: Thread finished: Thread Group 1-17
2024-02-26 14:30:06,887 INFO o.a.j.t.JMeterThread: Thread started: Thread Group 1-25
2024-02-26 14:30:06,916 INFO o.a.j.t.JMeterThread: Thread is done: Thread Group 1-18
2024-02-26 14:30:06,916 INFO o.a.j.t.JMeterThread: Thread finished: Thread Group 1-18
2024-02-26 14:30:06,919 INFO o.a.j.t.JMeterThread: Thread started: Thread Group 1-26
2024-02-26 14:30:06,945 INFO o.a.j.t.JMeterThread: Thread is done: Thread Group 1-20
2024-02-26 14:30:06,945 INFO o.a.j.t.JMeterThread: Thread finished: Thread Group 1-20
2024-02-26 14:30:06,947 INFO o.a.j.t.JMeterThread: Thread is done: Thread Group 1-19
2024-02-26 14:30:06,947 INFO o.a.j.t.JMeterThread: Thread finished: Thread Group 1-19
2024-02-26 14:30:06,952 INFO o.a.j.t.JMeterThread: Thread started: Thread Group 1-27
2024-02-26 14:30:06,987 INFO o.a.j.t.JMeterThread: Thread started: Thread Group 1-28
2024-02-26 14:30:06,999 INFO o.a.j.t.JMeterThread: Thread is done: Thread Group 1-21
2024-02-26 14:30:06,999 INFO o.a.j.t.JMeterThread: Thread finished: Thread Group 1-21
2024-02-26 14:30:07,021 INFO o.a.j.t.JMeterThread: Thread started: Thread Group 1-29
2024-02-26 14:30:07,038 INFO o.a.j.t.JMeterThread: Thread is done: Thread Group 1-22
2024-02-26 14:30:07,038 INFO o.a.j.t.JMeterThread: Thread finished: Thread Group 1-22
2024-02-26 14:30:07,052 INFO o.a.j.t.JMeterThread: Thread started: Thread Group 1-30
2024-02-26 14:30:07,079 INFO o.a.j.t.JMeterThread: Thread is done: Thread Group 1-23
2024-02-26 14:30:07,079 INFO o.a.j.t.JMeterThread: Thread finished: Thread Group 1-23
2024-02-26 14:30:07,099 INFO o.a.j.t.JMeterThread: Thread is done: Thread Group 1-24
2024-02-26 14:30:07,099 INFO o.a.j.t.JMeterThread: Thread finished: Thread Group 1-24
2024-02-26 14:30:07,118 INFO o.a.j.t.JMeterThread: Thread is done: Thread Group 1-25
2024-02-26 14:30:07,118 INFO o.a.j.t.JMeterThread: Thread finished: Thread Group 1-25
2024-02-26 14:30:07,159 INFO o.a.j.t.JMeterThread: Thread is done: Thread Group 1-26
2024-02-26 14:30:07,159 INFO o.a.j.t.JMeterThread: Thread finished: Thread Group 1-26
2024-02-26 14:30:07,191 INFO o.a.j.t.JMeterThread: Thread is done: Thread Group 1-27
2024-02-26 14:30:07,191 INFO o.a.j.t.JMeterThread: Thread finished: Thread Group 1-27
2024-02-26 14:30:07,227 INFO o.a.j.t.JMeterThread: Thread is done: Thread Group 1-28
2024-02-26 14:30:07,227 INFO o.a.j.t.JMeterThread: Thread finished: Thread Group 1-28
2024-02-26 14:30:07,282 INFO o.a.j.t.JMeterThread: Thread is done: Thread Group 1-29
2024-02-26 14:30:07,282 INFO o.a.j.t.JMeterThread: Thread finished: Thread Group 1-29
2024-02-26 14:30:07,300 INFO o.a.j.t.JMeterThread: Thread is done: Thread Group 1-30
2024-02-26 14:30:07,300 INFO o.a.j.t.JMeterThread: Thread finished: Thread Group 1-30
2024-02-26 14:30:07,300 INFO o.a.j.e.StandardJMeterEngine: Notifying test listeners of end of test
2024-02-26 14:30:07,301 INFO o.a.j.g.u.JMeterMenuBar: setRunning(false, *local*)
2024-02-26 14:30:36,981 INFO o.a.j.e.StandardJMeterEngine: Running the test!
2024-02-26 14:30:36,981 INFO o.a.j.s.SampleEvent: List of sample_variables: []
2024-02-26 14:30:36,982 INFO o.a.j.g.u.JMeterMenuBar: setRunning(true, *local*)
2024-02-26 14:30:37,022 INFO o.a.j.e.StandardJMeterEngine: Starting ThreadGroup: 1 : Thread Group
2024-02-26 14:30:37,022 INFO o.a.j.e.StandardJMeterEngine: Starting 30 threads for group Thread Group.
2024-02-26 14:30:37,022 INFO o.a.j.e.StandardJMeterEngine: Thread will continue on error
2024-02-26 14:30:37,022 INFO o.a.j.t.ThreadGroup: Starting thread group... number=1 threads=30 ramp-up=1 delayedStart=false
2024-02-26 14:30:37,023 INFO o.a.j.t.JMeterThread: Thread started: Thread Group 1-1
2024-02-26 14:30:37,030 INFO o.a.j.t.ThreadGroup: Started thread group number 1
2024-02-26 14:30:37,030 INFO o.a.j.e.StandardJMeterEngine: All thread groups have been started
2024-02-26 14:30:37,058 INFO o.a.j.t.JMeterThread: Thread started: Thread Group 1-2
2024-02-26 14:30:37,090 INFO o.a.j.t.JMeterThread: Thread started: Thread Group 1-3
2024-02-26 14:30:37,126 INFO o.a.j.t.JMeterThread: Thread started: Thread Group 1-4
2024-02-26 14:30:37,155 INFO o.a.j.t.JMeterThread: Thread started: Thread Group 1-5
2024-02-26 14:30:37,191 INFO o.a.j.t.JMeterThread: Thread started: Thread Group 1-6
2024-02-26 14:30:37,221 INFO o.a.j.t.JMeterThread: Thread started: Thread Group 1-7
2024-02-26 14:30:37,250 INFO o.a.j.t.JMeterThread: Thread is done: Thread Group 1-1
2024-02-26 14:30:37,250 INFO o.a.j.t.JMeterThread: Thread finished: Thread Group 1-1
2024-02-26 14:30:37,257 INFO o.a.j.t.JMeterThread: Thread started: Thread Group 1-8
2024-02-26 14:30:37,289 INFO o.a.j.t.JMeterThread: Thread started: Thread Group 1-9
2024-02-26 14:30:37,319 INFO o.a.j.t.JMeterThread: Thread is done: Thread Group 1-2
2024-02-26 14:30:37,319 INFO o.a.j.t.JMeterThread: Thread finished: Thread Group 1-2
2024-02-26 14:30:37,324 INFO o.a.j.t.JMeterThread: Thread started: Thread Group 1-10
2024-02-26 14:30:37,327 INFO o.a.j.t.JMeterThread: Thread is done: Thread Group 1-3
2024-02-26 14:30:37,327 INFO o.a.j.t.JMeterThread: Thread finished: Thread Group 1-3
2024-02-26 14:30:37,354 INFO o.a.j.t.JMeterThread: Thread started: Thread Group 1-11
2024-02-26 14:30:37,379 INFO o.a.j.t.JMeterThread: Thread is done: Thread Group 1-4
2024-02-26 14:30:37,379 INFO o.a.j.t.JMeterThread: Thread finished: Thread Group 1-4
2024-02-26 14:30:37,387 INFO o.a.j.t.JMeterThread: Thread started: Thread Group 1-12
2024-02-26 14:30:37,389 INFO o.a.j.t.JMeterThread: Thread is done: Thread Group 1-5
2024-02-26 14:30:37,389 INFO o.a.j.t.JMeterThread: Thread finished: Thread Group 1-5
2024-02-26 14:30:37,420 INFO o.a.j.t.JMeterThread: Thread started: Thread Group 1-13
2024-02-26 14:30:37,430 INFO o.a.j.t.JMeterThread: Thread is done: Thread Group 1-6
2024-02-26 14:30:37,430 INFO o.a.j.t.JMeterThread: Thread finished: Thread Group 1-6
2024-02-26 14:30:37,449 INFO o.a.j.t.JMeterThread: Thread is done: Thread Group 1-7
2024-02-26 14:30:37,449 INFO o.a.j.t.JMeterThread: Thread finished: Thread Group 1-7
2024-02-26 14:30:37,454 INFO o.a.j.t.JMeterThread: Thread started: Thread Group 1-14
2024-02-26 14:30:37,489 INFO o.a.j.t.JMeterThread: Thread started: Thread Group 1-15
2024-02-26 14:30:37,491 INFO o.a.j.t.JMeterThread: Thread is done: Thread Group 1-8
2024-02-26 14:30:37,493 INFO o.a.j.t.JMeterThread: Thread finished: Thread Group 1-8
2024-02-26 14:30:37,523 INFO o.a.j.t.JMeterThread: Thread started: Thread Group 1-16
2024-02-26 14:30:37,534 INFO o.a.j.t.JMeterThread: Thread is done: Thread Group 1-9
2024-02-26 14:30:37,534 INFO o.a.j.t.JMeterThread: Thread finished: Thread Group 1-9
2024-02-26 14:30:37,544 INFO o.a.j.t.JMeterThread: Thread is done: Thread Group 1-10
2024-02-26 14:30:37,544 INFO o.a.j.t.JMeterThread: Thread finished: Thread Group 1-10
2024-02-26 14:30:37,553 INFO o.a.j.t.JMeterThread: Thread started: Thread Group 1-17
2024-02-26 14:30:37,586 INFO o.a.j.t.JMeterThread: Thread started: Thread Group 1-18
2024-02-26 14:30:37,614 INFO o.a.j.t.JMeterThread: Thread is done: Thread Group 1-12
2024-02-26 14:30:37,614 INFO o.a.j.t.JMeterThread: Thread finished: Thread Group 1-12
2024-02-26 14:30:37,617 INFO o.a.j.t.JMeterThread: Thread started: Thread Group 1-19
2024-02-26 14:30:37,618 INFO o.a.j.t.JMeterThread: Thread is done: Thread Group 1-11
2024-02-26 14:30:37,618 INFO o.a.j.t.JMeterThread: Thread finished: Thread Group 1-11
2024-02-26 14:30:37,654 INFO o.a.j.t.JMeterThread: Thread started: Thread Group 1-20
2024-02-26 14:30:37,675 INFO o.a.j.t.JMeterThread: Thread is done: Thread Group 1-13
2024-02-26 14:30:37,675 INFO o.a.j.t.JMeterThread: Thread finished: Thread Group 1-13
2024-02-26 14:30:37,682 INFO o.a.j.t.JMeterThread: Thread started: Thread Group 1-21
2024-02-26 14:30:37,698 INFO o.a.j.t.JMeterThread: Thread is done: Thread Group 1-14
2024-02-26 14:30:37,699 INFO o.a.j.t.JMeterThread: Thread finished: Thread Group 1-14
2024-02-26 14:30:37,717 INFO o.a.j.t.JMeterThread: Thread started: Thread Group 1-22
2024-02-26 14:30:37,739 INFO o.a.j.t.JMeterThread: Thread is done: Thread Group 1-15
2024-02-26 14:30:37,739 INFO o.a.j.t.JMeterThread: Thread finished: Thread Group 1-15
2024-02-26 14:30:37,752 INFO o.a.j.t.JMeterThread: Thread started: Thread Group 1-23
2024-02-26 14:30:37,757 INFO o.a.j.t.JMeterThread: Thread is done: Thread Group 1-16
2024-02-26 14:30:37,757 INFO o.a.j.t.JMeterThread: Thread finished: Thread Group 1-16
2024-02-26 14:30:37,785 INFO o.a.j.t.JMeterThread: Thread started: Thread Group 1-24
2024-02-26 14:30:37,792 INFO o.a.j.t.JMeterThread: Thread is done: Thread Group 1-17
2024-02-26 14:30:37,792 INFO o.a.j.t.JMeterThread: Thread finished: Thread Group 1-17
2024-02-26 14:30:37,816 INFO o.a.j.t.JMeterThread: Thread started: Thread Group 1-25
2024-02-26 14:30:37,819 INFO o.a.j.t.JMeterThread: Thread is done: Thread Group 1-18
2024-02-26 14:30:37,819 INFO o.a.j.t.JMeterThread: Thread finished: Thread Group 1-18
2024-02-26 14:30:37,844 INFO o.a.j.t.JMeterThread: Thread is done: Thread Group 1-19
2024-02-26 14:30:37,844 INFO o.a.j.t.JMeterThread: Thread finished: Thread Group 1-19
2024-02-26 14:30:37,847 INFO o.a.j.t.JMeterThread: Thread started: Thread Group 1-26
2024-02-26 14:30:37,882 INFO o.a.j.t.JMeterThread: Thread started: Thread Group 1-27
2024-02-26 14:30:37,898 INFO o.a.j.t.JMeterThread: Thread is done: Thread Group 1-21
2024-02-26 14:30:37,898 INFO o.a.j.t.JMeterThread: Thread is done: Thread Group 1-20
2024-02-26 14:30:37,898 INFO o.a.j.t.JMeterThread: Thread finished: Thread Group 1-20
2024-02-26 14:30:37,898 INFO o.a.j.t.JMeterThread: Thread finished: Thread Group 1-21
2024-02-26 14:30:37,917 INFO o.a.j.t.JMeterThread: Thread started: Thread Group 1-28
2024-02-26 14:30:37,948 INFO o.a.j.t.JMeterThread: Thread started: Thread Group 1-29
2024-02-26 14:30:37,969 INFO o.a.j.t.JMeterThread: Thread is done: Thread Group 1-22
2024-02-26 14:30:37,969 INFO o.a.j.t.JMeterThread: Thread finished: Thread Group 1-22
2024-02-26 14:30:37,981 INFO o.a.j.t.JMeterThread: Thread started: Thread Group 1-30
2024-02-26 14:30:37,997 INFO o.a.j.t.JMeterThread: Thread is done: Thread Group 1-23
2024-02-26 14:30:37,997 INFO o.a.j.t.JMeterThread: Thread finished: Thread Group 1-23
2024-02-26 14:30:38,026 INFO o.a.j.t.JMeterThread: Thread is done: Thread Group 1-24
2024-02-26 14:30:38,026 INFO o.a.j.t.JMeterThread: Thread finished: Thread Group 1-24
2024-02-26 14:30:38,054 INFO o.a.j.t.JMeterThread: Thread is done: Thread Group 1-25
2024-02-26 14:30:38,055 INFO o.a.j.t.JMeterThread: Thread finished: Thread Group 1-25
2024-02-26 14:30:38,063 INFO o.a.j.t.JMeterThread: Thread is done: Thread Group 1-26
2024-02-26 14:30:38,063 INFO o.a.j.t.JMeterThread: Thread finished: Thread Group 1-26
2024-02-26 14:30:38,158 INFO o.a.j.t.JMeterThread: Thread is done: Thread Group 1-27
2024-02-26 14:30:38,158 INFO o.a.j.t.JMeterThread: Thread finished: Thread Group 1-27
2024-02-26 14:30:38,216 INFO o.a.j.t.JMeterThread: Thread is done: Thread Group 1-28
2024-02-26 14:30:38,217 INFO o.a.j.t.JMeterThread: Thread finished: Thread Group 1-28
2024-02-26 14:30:38,221 INFO o.a.j.t.JMeterThread: Thread is done: Thread Group 1-29
2024-02-26 14:30:38,221 INFO o.a.j.t.JMeterThread: Thread finished: Thread Group 1-29
2024-02-26 14:30:38,295 INFO o.a.j.t.JMeterThread: Thread is done: Thread Group 1-30
2024-02-26 14:30:38,295 INFO o.a.j.t.JMeterThread: Thread finished: Thread Group 1-30
2024-02-26 14:30:38,296 INFO o.a.j.e.StandardJMeterEngine: Notifying test listeners of end of test
2024-02-26 14:30:38,296 INFO o.a.j.g.u.JMeterMenuBar: setRunning(false, *local*)
2024-02-26 14:30:57,901 INFO o.a.j.e.StandardJMeterEngine: Running the test!
2024-02-26 14:30:57,901 INFO o.a.j.s.SampleEvent: List of sample_variables: []
2024-02-26 14:30:57,901 INFO o.a.j.g.u.JMeterMenuBar: setRunning(true, *local*)
2024-02-26 14:30:57,952 INFO o.a.j.e.StandardJMeterEngine: Starting ThreadGroup: 1 : Thread Group
2024-02-26 14:30:57,952 INFO o.a.j.e.StandardJMeterEngine: Starting 30 threads for group Thread Group.
2024-02-26 14:30:57,952 INFO o.a.j.e.StandardJMeterEngine: Thread will continue on error
2024-02-26 14:30:57,952 INFO o.a.j.t.ThreadGroup: Starting thread group... number=1 threads=30 ramp-up=1 delayedStart=false
2024-02-26 14:30:57,953 INFO o.a.j.t.JMeterThread: Thread started: Thread Group 1-1
2024-02-26 14:30:57,953 INFO o.a.j.t.JMeterThread: Thread is done: Thread Group 1-1
2024-02-26 14:30:57,954 INFO o.a.j.t.JMeterThread: Thread finished: Thread Group 1-1
2024-02-26 14:30:57,958 INFO o.a.j.t.ThreadGroup: Started thread group number 1
2024-02-26 14:30:57,958 INFO o.a.j.e.StandardJMeterEngine: All thread groups have been started
2024-02-26 14:30:57,989 INFO o.a.j.t.JMeterThread: Thread started: Thread Group 1-2
2024-02-26 14:30:57,990 INFO o.a.j.t.JMeterThread: Thread is done: Thread Group 1-2
2024-02-26 14:30:57,990 INFO o.a.j.t.JMeterThread: Thread finished: Thread Group 1-2
2024-02-26 14:30:58,018 INFO o.a.j.t.JMeterThread: Thread started: Thread Group 1-3
2024-02-26 14:30:58,019 INFO o.a.j.t.JMeterThread: Thread is done: Thread Group 1-3
2024-02-26 14:30:58,019 INFO o.a.j.t.JMeterThread: Thread finished: Thread Group 1-3
2024-02-26 14:30:58,052 INFO o.a.j.t.JMeterThread: Thread started: Thread Group 1-4
2024-02-26 14:30:58,053 INFO o.a.j.t.JMeterThread: Thread is done: Thread Group 1-4
2024-02-26 14:30:58,053 INFO o.a.j.t.JMeterThread: Thread finished: Thread Group 1-4
2024-02-26 14:30:58,085 INFO o.a.j.t.JMeterThread: Thread started: Thread Group 1-5
2024-02-26 14:30:58,086 INFO o.a.j.t.JMeterThread: Thread is done: Thread Group 1-5
2024-02-26 14:30:58,086 INFO o.a.j.t.JMeterThread: Thread finished: Thread Group 1-5
2024-02-26 14:30:58,123 INFO o.a.j.t.JMeterThread: Thread started: Thread Group 1-6
2024-02-26 14:30:58,124 INFO o.a.j.t.JMeterThread: Thread is done: Thread Group 1-6
2024-02-26 14:30:58,124 INFO o.a.j.t.JMeterThread: Thread finished: Thread Group 1-6
2024-02-26 14:30:58,154 INFO o.a.j.t.JMeterThread: Thread started: Thread Group 1-7
2024-02-26 14:30:58,155 INFO o.a.j.t.JMeterThread: Thread is done: Thread Group 1-7
2024-02-26 14:30:58,155 INFO o.a.j.t.JMeterThread: Thread finished: Thread Group 1-7
2024-02-26 14:30:58,187 INFO o.a.j.t.JMeterThread: Thread started: Thread Group 1-8
2024-02-26 14:30:58,188 INFO o.a.j.t.JMeterThread: Thread is done: Thread Group 1-8
2024-02-26 14:30:58,188 INFO o.a.j.t.JMeterThread: Thread finished: Thread Group 1-8
2024-02-26 14:30:58,221 INFO o.a.j.t.JMeterThread: Thread started: Thread Group 1-9
2024-02-26 14:30:58,222 INFO o.a.j.t.JMeterThread: Thread is done: Thread Group 1-9
2024-02-26 14:30:58,222 INFO o.a.j.t.JMeterThread: Thread finished: Thread Group 1-9
2024-02-26 14:30:58,253 INFO o.a.j.t.JMeterThread: Thread started: Thread Group 1-10
2024-02-26 14:30:58,254 INFO o.a.j.t.JMeterThread: Thread is done: Thread Group 1-10
2024-02-26 14:30:58,254 INFO o.a.j.t.JMeterThread: Thread finished: Thread Group 1-10
2024-02-26 14:30:58,284 INFO o.a.j.t.JMeterThread: Thread started: Thread Group 1-11
2024-02-26 14:30:58,284 INFO o.a.j.t.JMeterThread: Thread is done: Thread Group 1-11
2024-02-26 14:30:58,284 INFO o.a.j.t.JMeterThread: Thread finished: Thread Group 1-11
2024-02-26 14:30:58,319 INFO o.a.j.t.JMeterThread: Thread started: Thread Group 1-12
2024-02-26 14:30:58,320 INFO o.a.j.t.JMeterThread: Thread is done: Thread Group 1-12
2024-02-26 14:30:58,320 INFO o.a.j.t.JMeterThread: Thread finished: Thread Group 1-12
2024-02-26 14:30:58,350 INFO o.a.j.t.JMeterThread: Thread started: Thread Group 1-13
2024-02-26 14:30:58,351 INFO o.a.j.t.JMeterThread: Thread is done: Thread Group 1-13
2024-02-26 14:30:58,351 INFO o.a.j.t.JMeterThread: Thread finished: Thread Group 1-13
2024-02-26 14:30:58,382 INFO o.a.j.t.JMeterThread: Thread started: Thread Group 1-14
2024-02-26 14:30:58,382 INFO o.a.j.t.JMeterThread: Thread is done: Thread Group 1-14
2024-02-26 14:30:58,382 INFO o.a.j.t.JMeterThread: Thread finished: Thread Group 1-14
2024-02-26 14:30:58,419 INFO o.a.j.t.JMeterThread: Thread started: Thread Group 1-15
2024-02-26 14:30:58,420 INFO o.a.j.t.JMeterThread: Thread is done: Thread Group 1-15
2024-02-26 14:30:58,420 INFO o.a.j.t.JMeterThread: Thread finished: Thread Group 1-15
2024-02-26 14:30:58,450 INFO o.a.j.t.JMeterThread: Thread started: Thread Group 1-16
2024-02-26 14:30:58,451 INFO o.a.j.t.JMeterThread: Thread is done: Thread Group 1-16
2024-02-26 14:30:58,451 INFO o.a.j.t.JMeterThread: Thread finished: Thread Group 1-16
2024-02-26 14:30:58,485 INFO o.a.j.t.JMeterThread: Thread started: Thread Group 1-17
2024-02-26 14:30:58,486 INFO o.a.j.t.JMeterThread: Thread is done: Thread Group 1-17
2024-02-26 14:30:58,486 INFO o.a.j.t.JMeterThread: Thread finished: Thread Group 1-17
2024-02-26 14:30:58,516 INFO o.a.j.t.JMeterThread: Thread started: Thread Group 1-18
2024-02-26 14:30:58,516 INFO o.a.j.t.JMeterThread: Thread is done: Thread Group 1-18
2024-02-26 14:30:58,516 INFO o.a.j.t.JMeterThread: Thread finished: Thread Group 1-18
2024-02-26 14:30:58,550 INFO o.a.j.t.JMeterThread: Thread started: Thread Group 1-19
2024-02-26 14:30:58,550 INFO o.a.j.t.JMeterThread: Thread is done: Thread Group 1-19
2024-02-26 14:30:58,550 INFO o.a.j.t.JMeterThread: Thread finished: Thread Group 1-19
2024-02-26 14:30:58,583 INFO o.a.j.t.JMeterThread: Thread started: Thread Group 1-20
2024-02-26 14:30:58,584 INFO o.a.j.t.JMeterThread: Thread is done: Thread Group 1-20
2024-02-26 14:30:58,584 INFO o.a.j.t.JMeterThread: Thread finished: Thread Group 1-20
2024-02-26 14:30:58,616 INFO o.a.j.t.JMeterThread: Thread started: Thread Group 1-21
2024-02-26 14:30:58,617 INFO o.a.j.t.JMeterThread: Thread is done: Thread Group 1-21
2024-02-26 14:30:58,617 INFO o.a.j.t.JMeterThread: Thread finished: Thread Group 1-21
2024-02-26 14:30:58,648 INFO o.a.j.t.JMeterThread: Thread started: Thread Group 1-22
2024-02-26 14:30:58,649 INFO o.a.j.t.JMeterThread: Thread is done: Thread Group 1-22
2024-02-26 14:30:58,649 INFO o.a.j.t.JMeterThread: Thread finished: Thread Group 1-22
2024-02-26 14:30:58,681 INFO o.a.j.t.JMeterThread: Thread started: Thread Group 1-23
2024-02-26 14:30:58,682 INFO o.a.j.t.JMeterThread: Thread is done: Thread Group 1-23
2024-02-26 14:30:58,682 INFO o.a.j.t.JMeterThread: Thread finished: Thread Group 1-23
2024-02-26 14:30:58,712 INFO o.a.j.t.JMeterThread: Thread started: Thread Group 1-24
2024-02-26 14:30:58,712 INFO o.a.j.t.JMeterThread: Thread is done: Thread Group 1-24
2024-02-26 14:30:58,712 INFO o.a.j.t.JMeterThread: Thread finished: Thread Group 1-24
2024-02-26 14:30:58,747 INFO o.a.j.t.JMeterThread: Thread started: Thread Group 1-25
2024-02-26 14:30:58,748 INFO o.a.j.t.JMeterThread: Thread is done: Thread Group 1-25
2024-02-26 14:30:58,748 INFO o.a.j.t.JMeterThread: Thread finished: Thread Group 1-25
2024-02-26 14:30:58,782 INFO o.a.j.t.JMeterThread: Thread started: Thread Group 1-26
2024-02-26 14:30:58,782 INFO o.a.j.t.JMeterThread: Thread is done: Thread Group 1-26
2024-02-26 14:30:58,782 INFO o.a.j.t.JMeterThread: Thread finished: Thread Group 1-26
2024-02-26 14:30:58,815 INFO o.a.j.t.JMeterThread: Thread started: Thread Group 1-27
2024-02-26 14:30:58,816 INFO o.a.j.t.JMeterThread: Thread is done: Thread Group 1-27
2024-02-26 14:30:58,816 INFO o.a.j.t.JMeterThread: Thread finished: Thread Group 1-27
2024-02-26 14:30:58,848 INFO o.a.j.t.JMeterThread: Thread started: Thread Group 1-28
2024-02-26 14:30:58,848 INFO o.a.j.t.JMeterThread: Thread is done: Thread Group 1-28
2024-02-26 14:30:58,848 INFO o.a.j.t.JMeterThread: Thread finished: Thread Group 1-28
2024-02-26 14:30:58,877 INFO o.a.j.t.JMeterThread: Thread started: Thread Group 1-29
2024-02-26 14:30:58,878 INFO o.a.j.t.JMeterThread: Thread is done: Thread Group 1-29
2024-02-26 14:30:58,878 INFO o.a.j.t.JMeterThread: Thread finished: Thread Group 1-29
2024-02-26 14:30:58,913 INFO o.a.j.t.JMeterThread: Thread started: Thread Group 1-30
2024-02-26 14:30:58,914 INFO o.a.j.t.JMeterThread: Thread is done: Thread Group 1-30
2024-02-26 14:30:58,915 INFO o.a.j.t.JMeterThread: Thread finished: Thread Group 1-30
2024-02-26 14:30:58,915 INFO o.a.j.e.StandardJMeterEngine: Notifying test listeners of end of test
2024-02-26 14:30:58,915 INFO o.a.j.g.u.JMeterMenuBar: setRunning(false, *local*)
2024-02-26 14:31:19,384 INFO o.a.j.e.StandardJMeterEngine: Running the test!
2024-02-26 14:31:19,385 INFO o.a.j.s.SampleEvent: List of sample_variables: []
2024-02-26 14:31:19,385 INFO o.a.j.g.u.JMeterMenuBar: setRunning(true, *local*)
2024-02-26 14:31:19,428 INFO o.a.j.e.StandardJMeterEngine: Starting ThreadGroup: 1 : Thread Group
2024-02-26 14:31:19,428 INFO o.a.j.e.StandardJMeterEngine: Starting 30 threads for group Thread Group.
2024-02-26 14:31:19,428 INFO o.a.j.e.StandardJMeterEngine: Thread will continue on error
2024-02-26 14:31:19,428 INFO o.a.j.t.ThreadGroup: Starting thread group... number=1 threads=30 ramp-up=1 delayedStart=false
2024-02-26 14:31:19,429 INFO o.a.j.t.JMeterThread: Thread started: Thread Group 1-1
2024-02-26 14:31:19,429 INFO o.a.j.t.JMeterThread: Thread is done: Thread Group 1-1
2024-02-26 14:31:19,429 INFO o.a.j.t.JMeterThread: Thread finished: Thread Group 1-1
2024-02-26 14:31:19,433 INFO o.a.j.t.ThreadGroup: Started thread group number 1
2024-02-26 14:31:19,433 INFO o.a.j.e.StandardJMeterEngine: All thread groups have been started
2024-02-26 14:31:19,462 INFO o.a.j.t.JMeterThread: Thread started: Thread Group 1-2
2024-02-26 14:31:19,463 INFO o.a.j.t.JMeterThread: Thread is done: Thread Group 1-2
2024-02-26 14:31:19,463 INFO o.a.j.t.JMeterThread: Thread finished: Thread Group 1-2
2024-02-26 14:31:19,499 INFO o.a.j.t.JMeterThread: Thread started: Thread Group 1-3
2024-02-26 14:31:19,500 INFO o.a.j.t.JMeterThread: Thread is done: Thread Group 1-3
2024-02-26 14:31:19,500 INFO o.a.j.t.JMeterThread: Thread finished: Thread Group 1-3
2024-02-26 14:31:19,532 INFO o.a.j.t.JMeterThread: Thread started: Thread Group 1-4
2024-02-26 14:31:19,532 INFO o.a.j.t.JMeterThread: Thread is done: Thread Group 1-4
2024-02-26 14:31:19,533 INFO o.a.j.t.JMeterThread: Thread finished: Thread Group 1-4
2024-02-26 14:31:19,562 INFO o.a.j.t.JMeterThread: Thread started: Thread Group 1-5
2024-02-26 14:31:19,563 INFO o.a.j.t.JMeterThread: Thread is done: Thread Group 1-5
2024-02-26 14:31:19,563 INFO o.a.j.t.JMeterThread: Thread finished: Thread Group 1-5
2024-02-26 14:31:19,597 INFO o.a.j.t.JMeterThread: Thread started: Thread Group 1-6
2024-02-26 14:31:19,598 INFO o.a.j.t.JMeterThread: Thread is done: Thread Group 1-6
2024-02-26 14:31:19,598 INFO o.a.j.t.JMeterThread: Thread finished: Thread Group 1-6
2024-02-26 14:31:19,630 INFO o.a.j.t.JMeterThread: Thread started: Thread Group 1-7
2024-02-26 14:31:19,631 INFO o.a.j.t.JMeterThread: Thread is done: Thread Group 1-7
2024-02-26 14:31:19,631 INFO o.a.j.t.JMeterThread: Thread finished: Thread Group 1-7
2024-02-26 14:31:19,663 INFO o.a.j.t.JMeterThread: Thread started: Thread Group 1-8
2024-02-26 14:31:19,663 INFO o.a.j.t.JMeterThread: Thread is done: Thread Group 1-8
2024-02-26 14:31:19,664 INFO o.a.j.t.JMeterThread: Thread finished: Thread Group 1-8
2024-02-26 14:31:19,695 INFO o.a.j.t.JMeterThread: Thread started: Thread Group 1-9
2024-02-26 14:31:19,696 INFO o.a.j.t.JMeterThread: Thread is done: Thread Group 1-9
2024-02-26 14:31:19,696 INFO o.a.j.t.JMeterThread: Thread finished: Thread Group 1-9
2024-02-26 14:31:19,726 INFO o.a.j.t.JMeterThread: Thread started: Thread Group 1-10
2024-02-26 14:31:19,727 INFO o.a.j.t.JMeterThread: Thread is done: Thread Group 1-10
2024-02-26 14:31:19,727 INFO o.a.j.t.JMeterThread: Thread finished: Thread Group 1-10
2024-02-26 14:31:19,762 INFO o.a.j.t.JMeterThread: Thread started: Thread Group 1-11
2024-02-26 14:31:19,762 INFO o.a.j.t.JMeterThread: Thread is done: Thread Group 1-11
2024-02-26 14:31:19,763 INFO o.a.j.t.JMeterThread: Thread finished: Thread Group 1-11
2024-02-26 14:31:19,793 INFO o.a.j.t.JMeterThread: Thread started: Thread Group 1-12
2024-02-26 14:31:19,794 INFO o.a.j.t.JMeterThread: Thread is done: Thread Group 1-12
2024-02-26 14:31:19,794 INFO o.a.j.t.JMeterThread: Thread finished: Thread Group 1-12
2024-02-26 14:31:19,829 INFO o.a.j.t.JMeterThread: Thread started: Thread Group 1-13
2024-02-26 14:31:19,829 INFO o.a.j.t.JMeterThread: Thread is done: Thread Group 1-13
2024-02-26 14:31:19,829 INFO o.a.j.t.JMeterThread: Thread finished: Thread Group 1-13
2024-02-26 14:31:19,862 INFO o.a.j.t.JMeterThread: Thread started: Thread Group 1-14
2024-02-26 14:31:19,863 INFO o.a.j.t.JMeterThread: Thread is done: Thread Group 1-14
2024-02-26 14:31:19,863 INFO o.a.j.t.JMeterThread: Thread finished: Thread Group 1-14
2024-02-26 14:31:19,895 INFO o.a.j.t.JMeterThread: Thread started: Thread Group 1-15
2024-02-26 14:31:19,896 INFO o.a.j.t.JMeterThread: Thread is done: Thread Group 1-15
2024-02-26 14:31:19,896 INFO o.a.j.t.JMeterThread: Thread finished: Thread Group 1-15
2024-02-26 14:31:19,929 INFO o.a.j.t.JMeterThread: Thread started: Thread Group 1-16
2024-02-26 14:31:19,929 INFO o.a.j.t.JMeterThread: Thread is done: Thread Group 1-16
2024-02-26 14:31:19,929 INFO o.a.j.t.JMeterThread: Thread finished: Thread Group 1-16
2024-02-26 14:31:19,960 INFO o.a.j.t.JMeterThread: Thread started: Thread Group 1-17
2024-02-26 14:31:19,961 INFO o.a.j.t.JMeterThread: Thread is done: Thread Group 1-17
2024-02-26 14:31:19,961 INFO o.a.j.t.JMeterThread: Thread finished: Thread Group 1-17
2024-02-26 14:31:19,992 INFO o.a.j.t.JMeterThread: Thread started: Thread Group 1-18
2024-02-26 14:31:19,993 INFO o.a.j.t.JMeterThread: Thread is done: Thread Group 1-18
2024-02-26 14:31:19,993 INFO o.a.j.t.JMeterThread: Thread finished: Thread Group 1-18
2024-02-26 14:31:20,025 INFO o.a.j.t.JMeterThread: Thread started: Thread Group 1-19
2024-02-26 14:31:20,026 INFO o.a.j.t.JMeterThread: Thread is done: Thread Group 1-19
2024-02-26 14:31:20,026 INFO o.a.j.t.JMeterThread: Thread finished: Thread Group 1-19
2024-02-26 14:31:20,059 INFO o.a.j.t.JMeterThread: Thread started: Thread Group 1-20
2024-02-26 14:31:20,059 INFO o.a.j.t.JMeterThread: Thread is done: Thread Group 1-20
2024-02-26 14:31:20,059 INFO o.a.j.t.JMeterThread: Thread finished: Thread Group 1-20
2024-02-26 14:31:20,089 INFO o.a.j.t.JMeterThread: Thread started: Thread Group 1-21
2024-02-26 14:31:20,090 INFO o.a.j.t.JMeterThread: Thread is done: Thread Group 1-21
2024-02-26 14:31:20,090 INFO o.a.j.t.JMeterThread: Thread finished: Thread Group 1-21
2024-02-26 14:31:20,122 INFO o.a.j.t.JMeterThread: Thread started: Thread Group 1-22
2024-02-26 14:31:20,122 INFO o.a.j.t.JMeterThread: Thread is done: Thread Group 1-22
2024-02-26 14:31:20,122 INFO o.a.j.t.JMeterThread: Thread finished: Thread Group 1-22
2024-02-26 14:31:20,159 INFO o.a.j.t.JMeterThread: Thread started: Thread Group 1-23
2024-02-26 14:31:20,160 INFO o.a.j.t.JMeterThread: Thread is done: Thread Group 1-23
2024-02-26 14:31:20,160 INFO o.a.j.t.JMeterThread: Thread finished: Thread Group 1-23
2024-02-26 14:31:20,189 INFO o.a.j.t.JMeterThread: Thread started: Thread Group 1-24
2024-02-26 14:31:20,190 INFO o.a.j.t.JMeterThread: Thread is done: Thread Group 1-24
2024-02-26 14:31:20,190 INFO o.a.j.t.JMeterThread: Thread finished: Thread Group 1-24
2024-02-26 14:31:20,222 INFO o.a.j.t.JMeterThread: Thread started: Thread Group 1-25
2024-02-26 14:31:20,223 INFO o.a.j.t.JMeterThread: Thread is done: Thread Group 1-25
2024-02-26 14:31:20,223 INFO o.a.j.t.JMeterThread: Thread finished: Thread Group 1-25
2024-02-26 14:31:20,258 INFO o.a.j.t.JMeterThread: Thread started: Thread Group 1-26
2024-02-26 14:31:20,259 INFO o.a.j.t.JMeterThread: Thread is done: Thread Group 1-26
2024-02-26 14:31:20,259 INFO o.a.j.t.JMeterThread: Thread finished: Thread Group 1-26
2024-02-26 14:31:20,287 INFO o.a.j.t.JMeterThread: Thread started: Thread Group 1-27
2024-02-26 14:31:20,288 INFO o.a.j.t.JMeterThread: Thread is done: Thread Group 1-27
2024-02-26 14:31:20,288 INFO o.a.j.t.JMeterThread: Thread finished: Thread Group 1-27
2024-02-26 14:31:20,324 INFO o.a.j.t.JMeterThread: Thread started: Thread Group 1-28
2024-02-26 14:31:20,325 INFO o.a.j.t.JMeterThread: Thread is done: Thread Group 1-28
2024-02-26 14:31:20,325 INFO o.a.j.t.JMeterThread: Thread finished: Thread Group 1-28
2024-02-26 14:31:20,355 INFO o.a.j.t.JMeterThread: Thread started: Thread Group 1-29
2024-02-26 14:31:20,356 INFO o.a.j.t.JMeterThread: Thread is done: Thread Group 1-29
2024-02-26 14:31:20,356 INFO o.a.j.t.JMeterThread: Thread finished: Thread Group 1-29
2024-02-26 14:31:20,386 INFO o.a.j.t.JMeterThread: Thread started: Thread Group 1-30
2024-02-26 14:31:20,387 INFO o.a.j.t.JMeterThread: Thread is done: Thread Group 1-30
2024-02-26 14:31:20,387 INFO o.a.j.t.JMeterThread: Thread finished: Thread Group 1-30
2024-02-26 14:31:20,387 INFO o.a.j.e.StandardJMeterEngine: Notifying test listeners of end of test
2024-02-26 14:31:20,387 INFO o.a.j.g.u.JMeterMenuBar: setRunning(false, *local*)
2024-02-26 14:31:43,193 INFO o.a.j.e.StandardJMeterEngine: Running the test!
2024-02-26 14:31:43,193 INFO o.a.j.s.SampleEvent: List of sample_variables: []
2024-02-26 14:31:43,194 INFO o.a.j.g.u.JMeterMenuBar: setRunning(true, *local*)
2024-02-26 14:31:43,233 INFO o.a.j.e.StandardJMeterEngine: Starting ThreadGroup: 1 : Thread Group
2024-02-26 14:31:43,234 INFO o.a.j.e.StandardJMeterEngine: Starting 30 threads for group Thread Group.
2024-02-26 14:31:43,234 INFO o.a.j.e.StandardJMeterEngine: Thread will continue on error
2024-02-26 14:31:43,234 INFO o.a.j.t.ThreadGroup: Starting thread group... number=1 threads=30 ramp-up=1 delayedStart=false
2024-02-26 14:31:43,234 INFO o.a.j.t.JMeterThread: Thread started: Thread Group 1-1
2024-02-26 14:31:43,234 INFO o.a.j.t.JMeterThread: Thread is done: Thread Group 1-1
2024-02-26 14:31:43,234 INFO o.a.j.t.JMeterThread: Thread finished: Thread Group 1-1
2024-02-26 14:31:43,238 INFO o.a.j.t.ThreadGroup: Started thread group number 1
2024-02-26 14:31:43,238 INFO o.a.j.e.StandardJMeterEngine: All thread groups have been started
2024-02-26 14:31:43,269 INFO o.a.j.t.JMeterThread: Thread started: Thread Group 1-2
2024-02-26 14:31:43,270 INFO o.a.j.t.JMeterThread: Thread is done: Thread Group 1-2
2024-02-26 14:31:43,270 INFO o.a.j.t.JMeterThread: Thread finished: Thread Group 1-2
2024-02-26 14:31:43,302 INFO o.a.j.t.JMeterThread: Thread started: Thread Group 1-3
2024-02-26 14:31:43,303 INFO o.a.j.t.JMeterThread: Thread is done: Thread Group 1-3
2024-02-26 14:31:43,303 INFO o.a.j.t.JMeterThread: Thread finished: Thread Group 1-3
2024-02-26 14:31:43,336 INFO o.a.j.t.JMeterThread: Thread started: Thread Group 1-4
2024-02-26 14:31:43,337 INFO o.a.j.t.JMeterThread: Thread is done: Thread Group 1-4
2024-02-26 14:31:43,337 INFO o.a.j.t.JMeterThread: Thread finished: Thread Group 1-4
2024-02-26 14:31:43,372 INFO o.a.j.t.JMeterThread: Thread started: Thread Group 1-5
2024-02-26 14:31:43,372 INFO o.a.j.t.JMeterThread: Thread is done: Thread Group 1-5
2024-02-26 14:31:43,372 INFO o.a.j.t.JMeterThread: Thread finished: Thread Group 1-5
2024-02-26 14:31:43,402 INFO o.a.j.t.JMeterThread: Thread started: Thread Group 1-6
2024-02-26 14:31:43,402 INFO o.a.j.t.JMeterThread: Thread is done: Thread Group 1-6
2024-02-26 14:31:43,402 INFO o.a.j.t.JMeterThread: Thread finished: Thread Group 1-6
2024-02-26 14:31:43,436 INFO o.a.j.t.JMeterThread: Thread started: Thread Group 1-7
2024-02-26 14:31:43,437 INFO o.a.j.t.JMeterThread: Thread is done: Thread Group 1-7
2024-02-26 14:31:43,437 INFO o.a.j.t.JMeterThread: Thread finished: Thread Group 1-7
2024-02-26 14:31:43,469 INFO o.a.j.t.JMeterThread: Thread started: Thread Group 1-8
2024-02-26 14:31:43,470 INFO o.a.j.t.JMeterThread: Thread is done: Thread Group 1-8
2024-02-26 14:31:43,470 INFO o.a.j.t.JMeterThread: Thread finished: Thread Group 1-8
2024-02-26 14:31:43,503 INFO o.a.j.t.JMeterThread: Thread started: Thread Group 1-9
2024-02-26 14:31:43,504 INFO o.a.j.t.JMeterThread: Thread is done: Thread Group 1-9
2024-02-26 14:31:43,504 INFO o.a.j.t.JMeterThread: Thread finished: Thread Group 1-9
2024-02-26 14:31:43,535 INFO o.a.j.t.JMeterThread: Thread started: Thread Group 1-10
2024-02-26 14:31:43,536 INFO o.a.j.t.JMeterThread: Thread is done: Thread Group 1-10
2024-02-26 14:31:43,536 INFO o.a.j.t.JMeterThread: Thread finished: Thread Group 1-10
2024-02-26 14:31:43,569 INFO o.a.j.t.JMeterThread: Thread started: Thread Group 1-11
2024-02-26 14:31:43,569 INFO o.a.j.t.JMeterThread: Thread is done: Thread Group 1-11
2024-02-26 14:31:43,569 INFO o.a.j.t.JMeterThread: Thread finished: Thread Group 1-11
2024-02-26 14:31:43,602 INFO o.a.j.t.JMeterThread: Thread started: Thread Group 1-12
2024-02-26 14:31:43,602 INFO o.a.j.t.JMeterThread: Thread is done: Thread Group 1-12
2024-02-26 14:31:43,602 INFO o.a.j.t.JMeterThread: Thread finished: Thread Group 1-12
2024-02-26 14:31:43,634 INFO o.a.j.t.JMeterThread: Thread started: Thread Group 1-13
2024-02-26 14:31:43,635 INFO o.a.j.t.JMeterThread: Thread is done: Thread Group 1-13
2024-02-26 14:31:43,635 INFO o.a.j.t.JMeterThread: Thread finished: Thread Group 1-13
2024-02-26 14:31:43,666 INFO o.a.j.t.JMeterThread: Thread started: Thread Group 1-14
2024-02-26 14:31:43,667 INFO o.a.j.t.JMeterThread: Thread is done: Thread Group 1-14
2024-02-26 14:31:43,667 INFO o.a.j.t.JMeterThread: Thread finished: Thread Group 1-14
2024-02-26 14:31:43,700 INFO o.a.j.t.JMeterThread: Thread started: Thread Group 1-15
2024-02-26 14:31:43,701 INFO o.a.j.t.JMeterThread: Thread is done: Thread Group 1-15
2024-02-26 14:31:43,701 INFO o.a.j.t.JMeterThread: Thread finished: Thread Group 1-15
2024-02-26 14:31:43,731 INFO o.a.j.t.JMeterThread: Thread started: Thread Group 1-16
2024-02-26 14:31:43,732 INFO o.a.j.t.JMeterThread: Thread is done: Thread Group 1-16
2024-02-26 14:31:43,732 INFO o.a.j.t.JMeterThread: Thread finished: Thread Group 1-16
2024-02-26 14:31:43,763 INFO o.a.j.t.JMeterThread: Thread started: Thread Group 1-17
2024-02-26 14:31:43,764 INFO o.a.j.t.JMeterThread: Thread is done: Thread Group 1-17
2024-02-26 14:31:43,764 INFO o.a.j.t.JMeterThread: Thread finished: Thread Group 1-17
2024-02-26 14:31:43,799 INFO o.a.j.t.JMeterThread: Thread started: Thread Group 1-18
2024-02-26 14:31:43,800 INFO o.a.j.t.JMeterThread: Thread is done: Thread Group 1-18
2024-02-26 14:31:43,800 INFO o.a.j.t.JMeterThread: Thread finished: Thread Group 1-18
2024-02-26 14:31:43,833 INFO o.a.j.t.JMeterThread: Thread started: Thread Group 1-19
2024-02-26 14:31:43,833 INFO o.a.j.t.JMeterThread: Thread is done: Thread Group 1-19
2024-02-26 14:31:43,833 INFO o.a.j.t.JMeterThread: Thread finished: Thread Group 1-19
2024-02-26 14:31:43,866 INFO o.a.j.t.JMeterThread: Thread started: Thread Group 1-20
2024-02-26 14:31:43,866 INFO o.a.j.t.JMeterThread: Thread is done: Thread Group 1-20
2024-02-26 14:31:43,884 INFO o.a.j.t.JMeterThread: Thread finished: Thread Group 1-20
2024-02-26 14:31:43,897 INFO o.a.j.t.JMeterThread: Thread started: Thread Group 1-21
2024-02-26 14:31:43,900 INFO o.a.j.t.JMeterThread: Thread is done: Thread Group 1-21
2024-02-26 14:31:43,900 INFO o.a.j.t.JMeterThread: Thread finished: Thread Group 1-21
2024-02-26 14:31:43,931 INFO o.a.j.t.JMeterThread: Thread started: Thread Group 1-22
2024-02-26 14:31:43,932 INFO o.a.j.t.JMeterThread: Thread is done: Thread Group 1-22
2024-02-26 14:31:43,932 INFO o.a.j.t.JMeterThread: Thread finished: Thread Group 1-22
2024-02-26 14:31:43,960 INFO o.a.j.t.JMeterThread: Thread started: Thread Group 1-23
2024-02-26 14:31:43,961 INFO o.a.j.t.JMeterThread: Thread is done: Thread Group 1-23
2024-02-26 14:31:43,961 INFO o.a.j.t.JMeterThread: Thread finished: Thread Group 1-23
2024-02-26 14:31:43,998 INFO o.a.j.t.JMeterThread: Thread started: Thread Group 1-24
2024-02-26 14:31:43,998 INFO o.a.j.t.JMeterThread: Thread is done: Thread Group 1-24
2024-02-26 14:31:43,998 INFO o.a.j.t.JMeterThread: Thread finished: Thread Group 1-24
2024-02-26 14:31:44,028 INFO o.a.j.t.JMeterThread: Thread started: Thread Group 1-25
2024-02-26 14:31:44,029 INFO o.a.j.t.JMeterThread: Thread is done: Thread Group 1-25
2024-02-26 14:31:44,029 INFO o.a.j.t.JMeterThread: Thread finished: Thread Group 1-25
2024-02-26 14:31:44,060 INFO o.a.j.t.JMeterThread: Thread started: Thread Group 1-26
2024-02-26 14:31:44,061 INFO o.a.j.t.JMeterThread: Thread is done: Thread Group 1-26
2024-02-26 14:31:44,061 INFO o.a.j.t.JMeterThread: Thread finished: Thread Group 1-26
2024-02-26 14:31:44,098 INFO o.a.j.t.JMeterThread: Thread started: Thread Group 1-27
2024-02-26 14:31:44,098 INFO o.a.j.t.JMeterThread: Thread is done: Thread Group 1-27
2024-02-26 14:31:44,098 INFO o.a.j.t.JMeterThread: Thread finished: Thread Group 1-27
2024-02-26 14:31:44,128 INFO o.a.j.t.JMeterThread: Thread started: Thread Group 1-28
2024-02-26 14:31:44,129 INFO o.a.j.t.JMeterThread: Thread is done: Thread Group 1-28
2024-02-26 14:31:44,129 INFO o.a.j.t.JMeterThread: Thread finished: Thread Group 1-28
2024-02-26 14:31:44,160 INFO o.a.j.t.JMeterThread: Thread started: Thread Group 1-29
2024-02-26 14:31:44,161 INFO o.a.j.t.JMeterThread: Thread is done: Thread Group 1-29
2024-02-26 14:31:44,161 INFO o.a.j.t.JMeterThread: Thread finished: Thread Group 1-29
2024-02-26 14:31:44,191 INFO o.a.j.t.JMeterThread: Thread started: Thread Group 1-30
2024-02-26 14:31:44,192 INFO o.a.j.t.JMeterThread: Thread is done: Thread Group 1-30
2024-02-26 14:31:44,192 INFO o.a.j.t.JMeterThread: Thread finished: Thread Group 1-30
2024-02-26 14:31:44,192 INFO o.a.j.e.StandardJMeterEngine: Notifying test listeners of end of test
2024-02-26 14:31:44,192 INFO o.a.j.g.u.JMeterMenuBar: setRunning(false, *local*)
2024-02-26 14:32:05,126 INFO o.a.j.e.StandardJMeterEngine: Running the test!
2024-02-26 14:32:05,126 INFO o.a.j.s.SampleEvent: List of sample_variables: []
2024-02-26 14:32:05,126 INFO o.a.j.g.u.JMeterMenuBar: setRunning(true, *local*)
2024-02-26 14:32:05,164 INFO o.a.j.e.StandardJMeterEngine: Starting ThreadGroup: 1 : Thread Group
2024-02-26 14:32:05,164 INFO o.a.j.e.StandardJMeterEngine: Starting 30 threads for group Thread Group.
2024-02-26 14:32:05,164 INFO o.a.j.e.StandardJMeterEngine: Thread will continue on error
2024-02-26 14:32:05,164 INFO o.a.j.t.ThreadGroup: Starting thread group... number=1 threads=30 ramp-up=1 delayedStart=false
2024-02-26 14:32:05,164 INFO o.a.j.t.JMeterThread: Thread started: Thread Group 1-1
2024-02-26 14:32:05,165 INFO o.a.j.t.JMeterThread: Thread is done: Thread Group 1-1
2024-02-26 14:32:05,165 INFO o.a.j.t.JMeterThread: Thread finished: Thread Group 1-1
2024-02-26 14:32:05,168 INFO o.a.j.t.ThreadGroup: Started thread group number 1
2024-02-26 14:32:05,168 INFO o.a.j.e.StandardJMeterEngine: All thread groups have been started
2024-02-26 14:32:05,202 INFO o.a.j.t.JMeterThread: Thread started: Thread Group 1-2
2024-02-26 14:32:05,203 INFO o.a.j.t.JMeterThread: Thread is done: Thread Group 1-2
2024-02-26 14:32:05,203 INFO o.a.j.t.JMeterThread: Thread finished: Thread Group 1-2
2024-02-26 14:32:05,231 INFO o.a.j.t.JMeterThread: Thread started: Thread Group 1-3
2024-02-26 14:32:05,231 INFO o.a.j.t.JMeterThread: Thread is done: Thread Group 1-3
2024-02-26 14:32:05,231 INFO o.a.j.t.JMeterThread: Thread finished: Thread Group 1-3
2024-02-26 14:32:05,266 INFO o.a.j.t.JMeterThread: Thread started: Thread Group 1-4
2024-02-26 14:32:05,267 INFO o.a.j.t.JMeterThread: Thread is done: Thread Group 1-4
2024-02-26 14:32:05,267 INFO o.a.j.t.JMeterThread: Thread finished: Thread Group 1-4
2024-02-26 14:32:05,298 INFO o.a.j.t.JMeterThread: Thread started: Thread Group 1-5
2024-02-26 14:32:05,299 INFO o.a.j.t.JMeterThread: Thread is done: Thread Group 1-5
2024-02-26 14:32:05,299 INFO o.a.j.t.JMeterThread: Thread finished: Thread Group 1-5
2024-02-26 14:32:05,333 INFO o.a.j.t.JMeterThread: Thread started: Thread Group 1-6
2024-02-26 14:32:05,333 INFO o.a.j.t.JMeterThread: Thread is done: Thread Group 1-6
2024-02-26 14:32:05,333 INFO o.a.j.t.JMeterThread: Thread finished: Thread Group 1-6
2024-02-26 14:32:05,364 INFO o.a.j.t.JMeterThread: Thread started: Thread Group 1-7
2024-02-26 14:32:05,365 INFO o.a.j.t.JMeterThread: Thread is done: Thread Group 1-7
2024-02-26 14:32:05,365 INFO o.a.j.t.JMeterThread: Thread finished: Thread Group 1-7
2024-02-26 14:32:05,398 INFO o.a.j.t.JMeterThread: Thread started: Thread Group 1-8
2024-02-26 14:32:05,398 INFO o.a.j.t.JMeterThread: Thread is done: Thread Group 1-8
2024-02-26 14:32:05,398 INFO o.a.j.t.JMeterThread: Thread finished: Thread Group 1-8
2024-02-26 14:32:05,430 INFO o.a.j.t.JMeterThread: Thread started: Thread Group 1-9
2024-02-26 14:32:05,431 INFO o.a.j.t.JMeterThread: Thread is done: Thread Group 1-9
2024-02-26 14:32:05,431 INFO o.a.j.t.JMeterThread: Thread finished: Thread Group 1-9
2024-02-26 14:32:05,464 INFO o.a.j.t.JMeterThread: Thread started: Thread Group 1-10
2024-02-26 14:32:05,464 INFO o.a.j.t.JMeterThread: Thread is done: Thread Group 1-10
2024-02-26 14:32:05,464 INFO o.a.j.t.JMeterThread: Thread finished: Thread Group 1-10
2024-02-26 14:32:05,498 INFO o.a.j.t.JMeterThread: Thread started: Thread Group 1-11
2024-02-26 14:32:05,499 INFO o.a.j.t.JMeterThread: Thread is done: Thread Group 1-11
2024-02-26 14:32:05,499 INFO o.a.j.t.JMeterThread: Thread finished: Thread Group 1-11
2024-02-26 14:32:05,528 INFO o.a.j.t.JMeterThread: Thread started: Thread Group 1-12
2024-02-26 14:32:05,528 INFO o.a.j.t.JMeterThread: Thread is done: Thread Group 1-12
2024-02-26 14:32:05,528 INFO o.a.j.t.JMeterThread: Thread finished: Thread Group 1-12
2024-02-26 14:32:05,565 INFO o.a.j.t.JMeterThread: Thread started: Thread Group 1-13
2024-02-26 14:32:05,565 INFO o.a.j.t.JMeterThread: Thread is done: Thread Group 1-13
2024-02-26 14:32:05,565 INFO o.a.j.t.JMeterThread: Thread finished: Thread Group 1-13
2024-02-26 14:32:05,598 INFO o.a.j.t.JMeterThread: Thread started: Thread Group 1-14
2024-02-26 14:32:05,598 INFO o.a.j.t.JMeterThread: Thread is done: Thread Group 1-14
2024-02-26 14:32:05,598 INFO o.a.j.t.JMeterThread: Thread finished: Thread Group 1-14
2024-02-26 14:32:05,629 INFO o.a.j.t.JMeterThread: Thread started: Thread Group 1-15
2024-02-26 14:32:05,629 INFO o.a.j.t.JMeterThread: Thread is done: Thread Group 1-15
2024-02-26 14:32:05,629 INFO o.a.j.t.JMeterThread: Thread finished: Thread Group 1-15
2024-02-26 14:32:05,664 INFO o.a.j.t.JMeterThread: Thread started: Thread Group 1-16
2024-02-26 14:32:05,664 INFO o.a.j.t.JMeterThread: Thread is done: Thread Group 1-16
2024-02-26 14:32:05,664 INFO o.a.j.t.JMeterThread: Thread finished: Thread Group 1-16
2024-02-26 14:32:05,695 INFO o.a.j.t.JMeterThread: Thread started: Thread Group 1-17
2024-02-26 14:32:05,695 INFO o.a.j.t.JMeterThread: Thread is done: Thread Group 1-17
2024-02-26 14:32:05,695 INFO o.a.j.t.JMeterThread: Thread finished: Thread Group 1-17
2024-02-26 14:32:05,726 INFO o.a.j.t.JMeterThread: Thread started: Thread Group 1-18
2024-02-26 14:32:05,726 INFO o.a.j.t.JMeterThread: Thread is done: Thread Group 1-18
2024-02-26 14:32:05,726 INFO o.a.j.t.JMeterThread: Thread finished: Thread Group 1-18
2024-02-26 14:32:05,763 INFO o.a.j.t.JMeterThread: Thread started: Thread Group 1-19
2024-02-26 14:32:05,763 INFO o.a.j.t.JMeterThread: Thread is done: Thread Group 1-19
2024-02-26 14:32:05,763 INFO o.a.j.t.JMeterThread: Thread finished: Thread Group 1-19
2024-02-26 14:32:05,794 INFO o.a.j.t.JMeterThread: Thread started: Thread Group 1-20
2024-02-26 14:32:05,794 INFO o.a.j.t.JMeterThread: Thread is done: Thread Group 1-20
2024-02-26 14:32:05,794 INFO o.a.j.t.JMeterThread: Thread finished: Thread Group 1-20
2024-02-26 14:32:05,825 INFO o.a.j.t.JMeterThread: Thread started: Thread Group 1-21
2024-02-26 14:32:05,825 INFO o.a.j.t.JMeterThread: Thread is done: Thread Group 1-21
2024-02-26 14:32:05,825 INFO o.a.j.t.JMeterThread: Thread finished: Thread Group 1-21
2024-02-26 14:32:05,857 INFO o.a.j.t.JMeterThread: Thread started: Thread Group 1-22
2024-02-26 14:32:05,858 INFO o.a.j.t.JMeterThread: Thread is done: Thread Group 1-22
2024-02-26 14:32:05,858 INFO o.a.j.t.JMeterThread: Thread finished: Thread Group 1-22
2024-02-26 14:32:05,890 INFO o.a.j.t.JMeterThread: Thread started: Thread Group 1-23
2024-02-26 14:32:05,891 INFO o.a.j.t.JMeterThread: Thread is done: Thread Group 1-23
2024-02-26 14:32:05,891 INFO o.a.j.t.JMeterThread: Thread finished: Thread Group 1-23
2024-02-26 14:32:05,928 INFO o.a.j.t.JMeterThread: Thread started: Thread Group 1-24
2024-02-26 14:32:05,928 INFO o.a.j.t.JMeterThread: Thread is done: Thread Group 1-24
2024-02-26 14:32:05,928 INFO o.a.j.t.JMeterThread: Thread finished: Thread Group 1-24
2024-02-26 14:32:05,960 INFO o.a.j.t.JMeterThread: Thread started: Thread Group 1-25
2024-02-26 14:32:05,961 INFO o.a.j.t.JMeterThread: Thread is done: Thread Group 1-25
2024-02-26 14:32:05,961 INFO o.a.j.t.JMeterThread: Thread finished: Thread Group 1-25
2024-02-26 14:32:05,992 INFO o.a.j.t.JMeterThread: Thread started: Thread Group 1-26
2024-02-26 14:32:05,992 INFO o.a.j.t.JMeterThread: Thread is done: Thread Group 1-26
2024-02-26 14:32:05,992 INFO o.a.j.t.JMeterThread: Thread finished: Thread Group 1-26
2024-02-26 14:32:06,024 INFO o.a.j.t.JMeterThread: Thread started: Thread Group 1-27
2024-02-26 14:32:06,025 INFO o.a.j.t.JMeterThread: Thread is done: Thread Group 1-27
2024-02-26 14:32:06,025 INFO o.a.j.t.JMeterThread: Thread finished: Thread Group 1-27
2024-02-26 14:32:06,058 INFO o.a.j.t.JMeterThread: Thread started: Thread Group 1-28
2024-02-26 14:32:06,058 INFO o.a.j.t.JMeterThread: Thread is done: Thread Group 1-28
2024-02-26 14:32:06,058 INFO o.a.j.t.JMeterThread: Thread finished: Thread Group 1-28
2024-02-26 14:32:06,091 INFO o.a.j.t.JMeterThread: Thread started: Thread Group 1-29
2024-02-26 14:32:06,092 INFO o.a.j.t.JMeterThread: Thread is done: Thread Group 1-29
2024-02-26 14:32:06,092 INFO o.a.j.t.JMeterThread: Thread finished: Thread Group 1-29
2024-02-26 14:32:06,124 INFO o.a.j.t.JMeterThread: Thread started: Thread Group 1-30
2024-02-26 14:32:06,125 INFO o.a.j.t.JMeterThread: Thread is done: Thread Group 1-30
2024-02-26 14:32:06,125 INFO o.a.j.t.JMeterThread: Thread finished: Thread Group 1-30
2024-02-26 14:32:06,125 INFO o.a.j.e.StandardJMeterEngine: Notifying test listeners of end of test
2024-02-26 14:32:06,125 INFO o.a.j.g.u.JMeterMenuBar: setRunning(false, *local*)
2024-02-26 14:33:28,264 INFO o.a.j.e.StandardJMeterEngine: Running the test!
2024-02-26 14:33:28,264 INFO o.a.j.s.SampleEvent: List of sample_variables: []
2024-02-26 14:33:28,265 INFO o.a.j.g.u.JMeterMenuBar: setRunning(true, *local*)
2024-02-26 14:33:28,306 INFO o.a.j.e.StandardJMeterEngine: Starting ThreadGroup: 1 : Thread Group
2024-02-26 14:33:28,306 INFO o.a.j.e.StandardJMeterEngine: Starting 30 threads for group Thread Group.
2024-02-26 14:33:28,306 INFO o.a.j.e.StandardJMeterEngine: Thread will continue on error
2024-02-26 14:33:28,306 INFO o.a.j.t.ThreadGroup: Starting thread group... number=1 threads=30 ramp-up=1 delayedStart=false
2024-02-26 14:33:28,306 INFO o.a.j.t.JMeterThread: Thread started: Thread Group 1-1
2024-02-26 14:33:28,307 INFO o.a.j.t.JMeterThread: Thread is done: Thread Group 1-1
2024-02-26 14:33:28,307 INFO o.a.j.t.JMeterThread: Thread finished: Thread Group 1-1
2024-02-26 14:33:28,310 INFO o.a.j.t.ThreadGroup: Started thread group number 1
2024-02-26 14:33:28,310 INFO o.a.j.e.StandardJMeterEngine: All thread groups have been started
2024-02-26 14:33:28,341 INFO o.a.j.t.JMeterThread: Thread started: Thread Group 1-2
2024-02-26 14:33:28,342 INFO o.a.j.t.JMeterThread: Thread is done: Thread Group 1-2
2024-02-26 14:33:28,342 INFO o.a.j.t.JMeterThread: Thread finished: Thread Group 1-2
2024-02-26 14:33:28,374 INFO o.a.j.t.JMeterThread: Thread started: Thread Group 1-3
2024-02-26 14:33:28,374 INFO o.a.j.t.JMeterThread: Thread is done: Thread Group 1-3
2024-02-26 14:33:28,374 INFO o.a.j.t.JMeterThread: Thread finished: Thread Group 1-3
2024-02-26 14:33:28,408 INFO o.a.j.t.JMeterThread: Thread started: Thread Group 1-4
2024-02-26 14:33:28,408 INFO o.a.j.t.JMeterThread: Thread is done: Thread Group 1-4
2024-02-26 14:33:28,408 INFO o.a.j.t.JMeterThread: Thread finished: Thread Group 1-4
2024-02-26 14:33:28,443 INFO o.a.j.t.JMeterThread: Thread started: Thread Group 1-5
2024-02-26 14:33:28,443 INFO o.a.j.t.JMeterThread: Thread is done: Thread Group 1-5
2024-02-26 14:33:28,443 INFO o.a.j.t.JMeterThread: Thread finished: Thread Group 1-5
2024-02-26 14:33:28,474 INFO o.a.j.t.JMeterThread: Thread started: Thread Group 1-6
2024-02-26 14:33:28,474 INFO o.a.j.t.JMeterThread: Thread is done: Thread Group 1-6
2024-02-26 14:33:28,475 INFO o.a.j.t.JMeterThread: Thread finished: Thread Group 1-6
2024-02-26 14:33:28,508 INFO o.a.j.t.JMeterThread: Thread started: Thread Group 1-7
2024-02-26 14:33:28,508 INFO o.a.j.t.JMeterThread: Thread is done: Thread Group 1-7
2024-02-26 14:33:28,508 INFO o.a.j.t.JMeterThread: Thread finished: Thread Group 1-7
2024-02-26 14:33:28,542 INFO o.a.j.t.JMeterThread: Thread started: Thread Group 1-8
2024-02-26 14:33:28,543 INFO o.a.j.t.JMeterThread: Thread is done: Thread Group 1-8
2024-02-26 14:33:28,543 INFO o.a.j.t.JMeterThread: Thread finished: Thread Group 1-8
2024-02-26 14:33:28,574 INFO o.a.j.t.JMeterThread: Thread started: Thread Group 1-9
2024-02-26 14:33:28,575 INFO o.a.j.t.JMeterThread: Thread is done: Thread Group 1-9
2024-02-26 14:33:28,575 INFO o.a.j.t.JMeterThread: Thread finished: Thread Group 1-9
2024-02-26 14:33:28,608 INFO o.a.j.t.JMeterThread: Thread started: Thread Group 1-10
2024-02-26 14:33:28,609 INFO o.a.j.t.JMeterThread: Thread is done: Thread Group 1-10
2024-02-26 14:33:28,609 INFO o.a.j.t.JMeterThread: Thread finished: Thread Group 1-10
2024-02-26 14:33:28,642 INFO o.a.j.t.JMeterThread: Thread started: Thread Group 1-11
2024-02-26 14:33:28,642 INFO o.a.j.t.JMeterThread: Thread is done: Thread Group 1-11
2024-02-26 14:33:28,642 INFO o.a.j.t.JMeterThread: Thread finished: Thread Group 1-11
2024-02-26 14:33:28,673 INFO o.a.j.t.JMeterThread: Thread started: Thread Group 1-12
2024-02-26 14:33:28,674 INFO o.a.j.t.JMeterThread: Thread is done: Thread Group 1-12
2024-02-26 14:33:28,674 INFO o.a.j.t.JMeterThread: Thread finished: Thread Group 1-12
2024-02-26 14:33:28,705 INFO o.a.j.t.JMeterThread: Thread started: Thread Group 1-13
2024-02-26 14:33:28,706 INFO o.a.j.t.JMeterThread: Thread is done: Thread Group 1-13
2024-02-26 14:33:28,706 INFO o.a.j.t.JMeterThread: Thread finished: Thread Group 1-13
2024-02-26 14:33:28,738 INFO o.a.j.t.JMeterThread: Thread started: Thread Group 1-14
2024-02-26 14:33:28,739 INFO o.a.j.t.JMeterThread: Thread is done: Thread Group 1-14
2024-02-26 14:33:28,739 INFO o.a.j.t.JMeterThread: Thread finished: Thread Group 1-14
2024-02-26 14:33:28,771 INFO o.a.j.t.JMeterThread: Thread started: Thread Group 1-15
2024-02-26 14:33:28,772 INFO o.a.j.t.JMeterThread: Thread is done: Thread Group 1-15
2024-02-26 14:33:28,772 INFO o.a.j.t.JMeterThread: Thread finished: Thread Group 1-15
2024-02-26 14:33:28,806 INFO o.a.j.t.JMeterThread: Thread started: Thread Group 1-16
2024-02-26 14:33:28,807 INFO o.a.j.t.JMeterThread: Thread is done: Thread Group 1-16
2024-02-26 14:33:28,807 INFO o.a.j.t.JMeterThread: Thread finished: Thread Group 1-16
2024-02-26 14:33:28,837 INFO o.a.j.t.JMeterThread: Thread started: Thread Group 1-17
2024-02-26 14:33:28,838 INFO o.a.j.t.JMeterThread: Thread is done: Thread Group 1-17
2024-02-26 14:33:28,838 INFO o.a.j.t.JMeterThread: Thread finished: Thread Group 1-17
2024-02-26 14:33:28,872 INFO o.a.j.t.JMeterThread: Thread started: Thread Group 1-18
2024-02-26 14:33:28,873 INFO o.a.j.t.JMeterThread: Thread is done: Thread Group 1-18
2024-02-26 14:33:28,873 INFO o.a.j.t.JMeterThread: Thread finished: Thread Group 1-18
2024-02-26 14:33:28,901 INFO o.a.j.t.JMeterThread: Thread started: Thread Group 1-19
2024-02-26 14:33:28,901 INFO o.a.j.t.JMeterThread: Thread is done: Thread Group 1-19
2024-02-26 14:33:28,901 INFO o.a.j.t.JMeterThread: Thread finished: Thread Group 1-19
2024-02-26 14:33:28,935 INFO o.a.j.t.JMeterThread: Thread started: Thread Group 1-20
2024-02-26 14:33:28,936 INFO o.a.j.t.JMeterThread: Thread is done: Thread Group 1-20
2024-02-26 14:33:28,936 INFO o.a.j.t.JMeterThread: Thread finished: Thread Group 1-20
2024-02-26 14:33:28,966 INFO o.a.j.t.JMeterThread: Thread started: Thread Group 1-21
2024-02-26 14:33:28,967 INFO o.a.j.t.JMeterThread: Thread is done: Thread Group 1-21
2024-02-26 14:33:28,967 INFO o.a.j.t.JMeterThread: Thread finished: Thread Group 1-21
2024-02-26 14:33:29,001 INFO o.a.j.t.JMeterThread: Thread started: Thread Group 1-22
2024-02-26 14:33:29,001 INFO o.a.j.t.JMeterThread: Thread is done: Thread Group 1-22
2024-02-26 14:33:29,001 INFO o.a.j.t.JMeterThread: Thread finished: Thread Group 1-22
2024-02-26 14:33:29,033 INFO o.a.j.t.JMeterThread: Thread started: Thread Group 1-23
2024-02-26 14:33:29,034 INFO o.a.j.t.JMeterThread: Thread is done: Thread Group 1-23
2024-02-26 14:33:29,034 INFO o.a.j.t.JMeterThread: Thread finished: Thread Group 1-23
2024-02-26 14:33:29,066 INFO o.a.j.t.JMeterThread: Thread started: Thread Group 1-24
2024-02-26 14:33:29,066 INFO o.a.j.t.JMeterThread: Thread is done: Thread Group 1-24
2024-02-26 14:33:29,066 INFO o.a.j.t.JMeterThread: Thread finished: Thread Group 1-24
2024-02-26 14:33:29,100 INFO o.a.j.t.JMeterThread: Thread started: Thread Group 1-25
2024-02-26 14:33:29,101 INFO o.a.j.t.JMeterThread: Thread is done: Thread Group 1-25
2024-02-26 14:33:29,101 INFO o.a.j.t.JMeterThread: Thread finished: Thread Group 1-25
2024-02-26 14:33:29,135 INFO o.a.j.t.JMeterThread: Thread started: Thread Group 1-26
2024-02-26 14:33:29,136 INFO o.a.j.t.JMeterThread: Thread is done: Thread Group 1-26
2024-02-26 14:33:29,136 INFO o.a.j.t.JMeterThread: Thread finished: Thread Group 1-26
2024-02-26 14:33:29,167 INFO o.a.j.t.JMeterThread: Thread started: Thread Group 1-27
2024-02-26 14:33:29,167 INFO o.a.j.t.JMeterThread: Thread is done: Thread Group 1-27
2024-02-26 14:33:29,167 INFO o.a.j.t.JMeterThread: Thread finished: Thread Group 1-27
2024-02-26 14:33:29,201 INFO o.a.j.t.JMeterThread: Thread started: Thread Group 1-28
2024-02-26 14:33:29,201 INFO o.a.j.t.JMeterThread: Thread is done: Thread Group 1-28
2024-02-26 14:33:29,201 INFO o.a.j.t.JMeterThread: Thread finished: Thread Group 1-28
2024-02-26 14:33:29,235 INFO o.a.j.t.JMeterThread: Thread started: Thread Group 1-29
2024-02-26 14:33:29,235 INFO o.a.j.t.JMeterThread: Thread is done: Thread Group 1-29
2024-02-26 14:33:29,235 INFO o.a.j.t.JMeterThread: Thread finished: Thread Group 1-29
2024-02-26 14:33:29,263 INFO o.a.j.t.JMeterThread: Thread started: Thread Group 1-30
2024-02-26 14:33:29,264 INFO o.a.j.t.JMeterThread: Thread is done: Thread Group 1-30
2024-02-26 14:33:29,264 INFO o.a.j.t.JMeterThread: Thread finished: Thread Group 1-30
2024-02-26 14:33:29,264 INFO o.a.j.e.StandardJMeterEngine: Notifying test listeners of end of test
2024-02-26 14:33:29,264 INFO o.a.j.g.u.JMeterMenuBar: setRunning(false, *local*)
