2025-06-06 10:10:28 [main] INFO  org.testcontainers.images.PullPolicy - Image pull policy will be performed by: DefaultPullPolicy()
2025-06-06 10:10:28 [main] INFO  o.t.utility.ImageNameSubstitutor - Image name substitution will be performed by: DefaultImageNameSubstitutor (composite of 'ConfigurationFileImageNameSubstitutor' and 'PrefixingImageNameSubstitutor')
2025-06-06 10:10:28 [main] INFO  o.t.d.DockerClientProviderStrategy - Loaded org.testcontainers.dockerclient.UnixSocketClientProviderStrategy from ~/.testcontainers.properties, will try it first
2025-06-06 10:10:29 [main] INFO  o.t.d.DockerClientProviderStrategy - Found Docker environment with local Unix socket (unix:///var/run/docker.sock)
2025-06-06 10:10:29 [main] INFO  o.testcontainers.DockerClientFactory - Docker host IP address is localhost
2025-06-06 10:10:29 [main] INFO  o.testcontainers.DockerClientFactory - Connected to docker: 
  Server Version: 28.2.0
  API Version: 1.50
  Operating System: EndeavourOS
  Total Memory: 63744 MB
2025-06-06 10:10:29 [main] INFO  tc.testcontainers/ryuk:0.7.0 - Creating container for image: testcontainers/ryuk:0.7.0
2025-06-06 10:10:29 [main] INFO  tc.testcontainers/ryuk:0.7.0 - Container testcontainers/ryuk:0.7.0 is starting: 36240cc347477d7a13ed81308001b3054c27a18b1c1728ee71c97723274e5c31
2025-06-06 10:10:29 [main] INFO  tc.testcontainers/ryuk:0.7.0 - Container testcontainers/ryuk:0.7.0 started in PT0.214143131S
2025-06-06 10:10:29 [main] INFO  o.t.utility.RyukResourceReaper - Ryuk started - will monitor and terminate Testcontainers containers on JVM exit
2025-06-06 10:10:29 [main] INFO  o.testcontainers.DockerClientFactory - Checking the system...
2025-06-06 10:10:29 [main] INFO  o.testcontainers.DockerClientFactory - ✔︎ Docker server version should be at least 1.6.0
2025-06-06 10:10:29 [main] INFO  t.epos/metadata-database-deploy-test:latest - Creating container for image: epos/metadata-database-deploy-test:latest
2025-06-06 10:10:29 [main] INFO  t.epos/metadata-database-deploy-test:latest - Container epos/metadata-database-deploy-test:latest is starting: 94b325582f50b605d5922c8b6af81a21a01c854d6a39f471a2d2304fd96e97b4
2025-06-06 10:10:33 [main] INFO  t.epos/metadata-database-deploy-test:latest - Container epos/metadata-database-deploy-test:latest started in PT3.735805414S
2025-06-06 10:10:33 [main] INFO  t.epos/metadata-database-deploy-test:latest - Container is started (JDBC URL: jdbc:postgresql://localhost:32977/metadata_catalogue?loggerLevel=OFF)
2025-06-06 10:10:33 [main] INFO  com.zaxxer.hikari.HikariDataSource - metadata_catalogue - Starting...
2025-06-06 10:10:33 [main] INFO  com.zaxxer.hikari.pool.HikariPool - metadata_catalogue - Added connection org.postgresql.jdbc.PgConnection@5633dafd
2025-06-06 10:10:33 [main] INFO  com.zaxxer.hikari.HikariDataSource - metadata_catalogue - Start completed.
2025-06-06 10:10:34 [main] INFO  t.epos/metadata-database-deploy-test:latest - Creating container for image: epos/metadata-database-deploy-test:latest
2025-06-06 10:10:34 [main] INFO  t.epos/metadata-database-deploy-test:latest - Container epos/metadata-database-deploy-test:latest is starting: bef7c0e0f408c9c797ba695bea4e615551304b42bb3d9cf868499e6e9bdf38ac
2025-06-06 10:10:37 [main] INFO  t.epos/metadata-database-deploy-test:latest - Container epos/metadata-database-deploy-test:latest started in PT3.797928536S
2025-06-06 10:10:37 [main] INFO  t.epos/metadata-database-deploy-test:latest - Container is started (JDBC URL: jdbc:postgresql://localhost:32978/metadata_catalogue?loggerLevel=OFF)
2025-06-06 10:10:37 [main] INFO  com.zaxxer.hikari.HikariDataSource - metadata_catalogue - Starting...
2025-06-06 10:10:37 [main] INFO  com.zaxxer.hikari.pool.HikariPool - metadata_catalogue - Added connection org.postgresql.jdbc.PgConnection@37ca3ca8
2025-06-06 10:10:37 [main] INFO  com.zaxxer.hikari.HikariDataSource - metadata_catalogue - Start completed.
2025-06-06 10:10:37 [main] INFO  com.zaxxer.hikari.HikariDataSource - metadata_catalogue - Starting...
2025-06-06 10:10:37 [main] INFO  com.zaxxer.hikari.pool.HikariPool - metadata_catalogue - Added connection org.postgresql.jdbc.PgConnection@4af12a63
2025-06-06 10:10:37 [main] INFO  com.zaxxer.hikari.HikariDataSource - metadata_catalogue - Start completed.
2025-06-06 10:10:37 [main] INFO  com.zaxxer.hikari.HikariDataSource - metadata_catalogue - Starting...
2025-06-06 10:10:37 [main] INFO  com.zaxxer.hikari.pool.HikariPool - metadata_catalogue - Added connection org.postgresql.jdbc.PgConnection@29d3d0fb
2025-06-06 10:10:37 [main] INFO  com.zaxxer.hikari.HikariDataSource - metadata_catalogue - Start completed.
2025-06-06 10:10:38 [main] INFO  com.zaxxer.hikari.HikariDataSource - metadata_catalogue - Starting...
2025-06-06 10:10:38 [main] INFO  com.zaxxer.hikari.pool.HikariPool - metadata_catalogue - Added connection org.postgresql.jdbc.PgConnection@430d3021
2025-06-06 10:10:38 [main] INFO  com.zaxxer.hikari.HikariDataSource - metadata_catalogue - Start completed.
2025-06-06 10:10:38 [main] INFO  com.zaxxer.hikari.HikariDataSource - metadata_catalogue - Starting...
2025-06-06 10:10:38 [main] INFO  com.zaxxer.hikari.pool.HikariPool - metadata_catalogue - Added connection org.postgresql.jdbc.PgConnection@39c5a105
2025-06-06 10:10:38 [main] INFO  com.zaxxer.hikari.HikariDataSource - metadata_catalogue - Start completed.
2025-06-06 10:10:38 [main] INFO  com.zaxxer.hikari.HikariDataSource - metadata_catalogue - Starting...
2025-06-06 10:10:38 [main] INFO  com.zaxxer.hikari.pool.HikariPool - metadata_catalogue - Added connection org.postgresql.jdbc.PgConnection@58a7a58d
2025-06-06 10:10:38 [main] INFO  com.zaxxer.hikari.HikariDataSource - metadata_catalogue - Start completed.
2025-06-06 10:10:38 [main] INFO  com.zaxxer.hikari.HikariDataSource - metadata_catalogue - Starting...
2025-06-06 10:10:38 [main] INFO  com.zaxxer.hikari.pool.HikariPool - metadata_catalogue - Added connection org.postgresql.jdbc.PgConnection@257b6c58
2025-06-06 10:10:38 [main] INFO  com.zaxxer.hikari.HikariDataSource - metadata_catalogue - Start completed.
2025-06-06 10:10:38 [main] INFO  com.zaxxer.hikari.HikariDataSource - metadata_catalogue - Starting...
2025-06-06 10:10:38 [main] INFO  com.zaxxer.hikari.pool.HikariPool - metadata_catalogue - Added connection org.postgresql.jdbc.PgConnection@60d32006
2025-06-06 10:10:38 [main] INFO  com.zaxxer.hikari.HikariDataSource - metadata_catalogue - Start completed.
2025-06-06 10:10:38 [main] INFO  com.zaxxer.hikari.HikariDataSource - metadata_catalogue - Starting...
2025-06-06 10:10:38 [main] INFO  com.zaxxer.hikari.pool.HikariPool - metadata_catalogue - Added connection org.postgresql.jdbc.PgConnection@3c2f310c
2025-06-06 10:10:38 [main] INFO  com.zaxxer.hikari.HikariDataSource - metadata_catalogue - Start completed.
2025-06-06 10:10:38 [main] INFO  t.epos/metadata-database-deploy-test:latest - Creating container for image: epos/metadata-database-deploy-test:latest
2025-06-06 10:10:38 [main] INFO  t.epos/metadata-database-deploy-test:latest - Container epos/metadata-database-deploy-test:latest is starting: 44135f49b05d9f149f2162f6fc656f68e7c191ca89910436e2de4df3b592dabb
2025-06-06 10:10:42 [main] INFO  t.epos/metadata-database-deploy-test:latest - Container epos/metadata-database-deploy-test:latest started in PT3.77099914S
2025-06-06 10:10:42 [main] INFO  t.epos/metadata-database-deploy-test:latest - Container is started (JDBC URL: jdbc:postgresql://localhost:32979/metadata_catalogue?loggerLevel=OFF)
2025-06-06 10:10:42 [main] INFO  com.zaxxer.hikari.HikariDataSource - metadata_catalogue - Starting...
2025-06-06 10:10:42 [main] INFO  com.zaxxer.hikari.pool.HikariPool - metadata_catalogue - Added connection org.postgresql.jdbc.PgConnection@32d46229
2025-06-06 10:10:42 [main] INFO  com.zaxxer.hikari.HikariDataSource - metadata_catalogue - Start completed.
2025-06-06 10:10:42 [main] INFO  com.zaxxer.hikari.HikariDataSource - metadata_catalogue - Starting...
2025-06-06 10:10:42 [main] INFO  com.zaxxer.hikari.pool.HikariPool - metadata_catalogue - Added connection org.postgresql.jdbc.PgConnection@2ef63b6d
2025-06-06 10:10:42 [main] INFO  com.zaxxer.hikari.HikariDataSource - metadata_catalogue - Start completed.
2025-06-06 10:10:42 [main] INFO  com.zaxxer.hikari.HikariDataSource - metadata_catalogue - Starting...
2025-06-06 10:10:42 [main] INFO  com.zaxxer.hikari.pool.HikariPool - metadata_catalogue - Added connection org.postgresql.jdbc.PgConnection@1bd53c5c
2025-06-06 10:10:42 [main] INFO  com.zaxxer.hikari.HikariDataSource - metadata_catalogue - Start completed.
2025-06-06 10:10:42 [main] INFO  com.zaxxer.hikari.HikariDataSource - metadata_catalogue - Starting...
2025-06-06 10:10:42 [main] INFO  com.zaxxer.hikari.pool.HikariPool - metadata_catalogue - Added connection org.postgresql.jdbc.PgConnection@51f31fad
2025-06-06 10:10:42 [main] INFO  com.zaxxer.hikari.HikariDataSource - metadata_catalogue - Start completed.
2025-06-06 10:10:43 [main] INFO  t.epos/metadata-database-deploy-test:latest - Creating container for image: epos/metadata-database-deploy-test:latest
2025-06-06 10:10:43 [main] INFO  t.epos/metadata-database-deploy-test:latest - Container epos/metadata-database-deploy-test:latest is starting: f961830ac96ba20cc7d65203c7be1a0747449cc325631ca630dbd9d21c79611e
2025-06-06 10:10:47 [main] INFO  t.epos/metadata-database-deploy-test:latest - Container epos/metadata-database-deploy-test:latest started in PT3.931771759S
2025-06-06 10:10:47 [main] INFO  t.epos/metadata-database-deploy-test:latest - Container is started (JDBC URL: jdbc:postgresql://localhost:32980/metadata_catalogue?loggerLevel=OFF)
2025-06-06 10:10:47 [main] INFO  com.zaxxer.hikari.HikariDataSource - metadata_catalogue - Starting...
2025-06-06 10:10:47 [main] INFO  com.zaxxer.hikari.pool.HikariPool - metadata_catalogue - Added connection org.postgresql.jdbc.PgConnection@4af5c14c
2025-06-06 10:10:47 [main] INFO  com.zaxxer.hikari.HikariDataSource - metadata_catalogue - Start completed.
2025-06-06 10:10:47 [main] INFO  com.zaxxer.hikari.HikariDataSource - metadata_catalogue - Starting...
2025-06-06 10:10:47 [main] INFO  com.zaxxer.hikari.pool.HikariPool - metadata_catalogue - Added connection org.postgresql.jdbc.PgConnection@5f1d270a
2025-06-06 10:10:47 [main] INFO  com.zaxxer.hikari.HikariDataSource - metadata_catalogue - Start completed.
2025-06-06 10:10:47 [main] INFO  com.zaxxer.hikari.HikariDataSource - metadata_catalogue - Starting...
2025-06-06 10:10:47 [main] INFO  com.zaxxer.hikari.pool.HikariPool - metadata_catalogue - Added connection org.postgresql.jdbc.PgConnection@5baabba
2025-06-06 10:10:47 [main] INFO  com.zaxxer.hikari.HikariDataSource - metadata_catalogue - Start completed.
2025-06-06 10:10:47 [main] INFO  t.epos/metadata-database-deploy-test:latest - Creating container for image: epos/metadata-database-deploy-test:latest
2025-06-06 10:10:47 [main] INFO  t.epos/metadata-database-deploy-test:latest - Container epos/metadata-database-deploy-test:latest is starting: d2b7fd79231d3bbb8f7247bc45ad6754887334097a373df000d952f6b1133e91
2025-06-06 10:10:51 [main] INFO  t.epos/metadata-database-deploy-test:latest - Container epos/metadata-database-deploy-test:latest started in PT3.746976745S
2025-06-06 10:10:51 [main] INFO  t.epos/metadata-database-deploy-test:latest - Container is started (JDBC URL: jdbc:postgresql://localhost:32981/metadata_catalogue?loggerLevel=OFF)
2025-06-06 10:10:51 [main] INFO  com.zaxxer.hikari.HikariDataSource - metadata_catalogue - Starting...
2025-06-06 10:10:51 [main] INFO  com.zaxxer.hikari.pool.HikariPool - metadata_catalogue - Added connection org.postgresql.jdbc.PgConnection@7bb3cbb4
2025-06-06 10:10:51 [main] INFO  com.zaxxer.hikari.HikariDataSource - metadata_catalogue - Start completed.
2025-06-06 10:10:51 [main] INFO  com.zaxxer.hikari.HikariDataSource - metadata_catalogue - Starting...
2025-06-06 10:10:51 [main] INFO  com.zaxxer.hikari.pool.HikariPool - metadata_catalogue - Added connection org.postgresql.jdbc.PgConnection@320bfc61
2025-06-06 10:10:51 [main] INFO  com.zaxxer.hikari.HikariDataSource - metadata_catalogue - Start completed.
2025-06-06 10:10:51 [main] INFO  t.epos/metadata-database-deploy-test:latest - Creating container for image: epos/metadata-database-deploy-test:latest
2025-06-06 10:10:51 [main] INFO  t.epos/metadata-database-deploy-test:latest - Container epos/metadata-database-deploy-test:latest is starting: 0f9b6ad440e574e62a595ff2a5573b6da01619af5463551782d4005bd61c6f05
2025-06-06 10:10:55 [main] INFO  t.epos/metadata-database-deploy-test:latest - Container epos/metadata-database-deploy-test:latest started in PT3.98882175S
2025-06-06 10:10:55 [main] INFO  t.epos/metadata-database-deploy-test:latest - Container is started (JDBC URL: jdbc:postgresql://localhost:32982/metadata_catalogue?loggerLevel=OFF)
2025-06-06 10:10:55 [main] INFO  com.zaxxer.hikari.HikariDataSource - metadata_catalogue - Starting...
2025-06-06 10:10:55 [main] INFO  com.zaxxer.hikari.pool.HikariPool - metadata_catalogue - Added connection org.postgresql.jdbc.PgConnection@2f9a7d6f
2025-06-06 10:10:55 [main] INFO  com.zaxxer.hikari.HikariDataSource - metadata_catalogue - Start completed.
2025-06-06 10:10:55 [main] INFO  com.zaxxer.hikari.HikariDataSource - metadata_catalogue - Starting...
2025-06-06 10:10:55 [main] INFO  com.zaxxer.hikari.pool.HikariPool - metadata_catalogue - Added connection org.postgresql.jdbc.PgConnection@2035f1f0
2025-06-06 10:10:55 [main] INFO  com.zaxxer.hikari.HikariDataSource - metadata_catalogue - Start completed.
2025-06-06 10:10:55 [main] INFO  com.zaxxer.hikari.HikariDataSource - metadata_catalogue - Starting...
2025-06-06 10:10:55 [main] INFO  com.zaxxer.hikari.pool.HikariPool - metadata_catalogue - Added connection org.postgresql.jdbc.PgConnection@32828624
2025-06-06 10:10:55 [main] INFO  com.zaxxer.hikari.HikariDataSource - metadata_catalogue - Start completed.
2025-06-06 10:10:55 [main] INFO  com.zaxxer.hikari.HikariDataSource - metadata_catalogue - Starting...
2025-06-06 10:10:55 [main] INFO  com.zaxxer.hikari.pool.HikariPool - metadata_catalogue - Added connection org.postgresql.jdbc.PgConnection@6965f207
2025-06-06 10:10:55 [main] INFO  com.zaxxer.hikari.HikariDataSource - metadata_catalogue - Start completed.
2025-06-06 10:10:55 [main] INFO  com.zaxxer.hikari.HikariDataSource - metadata_catalogue - Starting...
2025-06-06 10:10:55 [main] INFO  com.zaxxer.hikari.pool.HikariPool - metadata_catalogue - Added connection org.postgresql.jdbc.PgConnection@796dff96
2025-06-06 10:10:55 [main] INFO  com.zaxxer.hikari.HikariDataSource - metadata_catalogue - Start completed.
2025-06-06 10:10:56 [main] INFO  t.epos/metadata-database-deploy-test:latest - Creating container for image: epos/metadata-database-deploy-test:latest
2025-06-06 10:10:56 [main] INFO  t.epos/metadata-database-deploy-test:latest - Container epos/metadata-database-deploy-test:latest is starting: 28058a6cd0c26323754572063718b4508f7984b08f272e85911999f566b39a7b
2025-06-06 10:11:00 [main] INFO  t.epos/metadata-database-deploy-test:latest - Container epos/metadata-database-deploy-test:latest started in PT4.166189342S
2025-06-06 10:11:00 [main] INFO  t.epos/metadata-database-deploy-test:latest - Container is started (JDBC URL: jdbc:postgresql://localhost:32983/metadata_catalogue?loggerLevel=OFF)
2025-06-06 10:11:00 [main] INFO  com.zaxxer.hikari.HikariDataSource - metadata_catalogue - Starting...
2025-06-06 10:11:00 [main] INFO  com.zaxxer.hikari.pool.HikariPool - metadata_catalogue - Added connection org.postgresql.jdbc.PgConnection@6cdea0fe
2025-06-06 10:11:00 [main] INFO  com.zaxxer.hikari.HikariDataSource - metadata_catalogue - Start completed.
2025-06-06 10:11:00 [main] INFO  com.zaxxer.hikari.HikariDataSource - metadata_catalogue - Starting...
2025-06-06 10:11:00 [main] INFO  com.zaxxer.hikari.pool.HikariPool - metadata_catalogue - Added connection org.postgresql.jdbc.PgConnection@207b440f
2025-06-06 10:11:00 [main] INFO  com.zaxxer.hikari.HikariDataSource - metadata_catalogue - Start completed.
2025-06-06 10:11:00 [main] INFO  com.zaxxer.hikari.HikariDataSource - metadata_catalogue - Starting...
2025-06-06 10:11:00 [main] INFO  com.zaxxer.hikari.pool.HikariPool - metadata_catalogue - Added connection org.postgresql.jdbc.PgConnection@2a59034e
2025-06-06 10:11:00 [main] INFO  com.zaxxer.hikari.HikariDataSource - metadata_catalogue - Start completed.
2025-06-06 10:11:00 [main] INFO  com.zaxxer.hikari.HikariDataSource - metadata_catalogue - Starting...
2025-06-06 10:11:00 [main] INFO  com.zaxxer.hikari.pool.HikariPool - metadata_catalogue - Added connection org.postgresql.jdbc.PgConnection@1b05c2e8
2025-06-06 10:11:00 [main] INFO  com.zaxxer.hikari.HikariDataSource - metadata_catalogue - Start completed.
2025-06-06 10:11:00 [main] INFO  t.epos/metadata-database-deploy-test:latest - Creating container for image: epos/metadata-database-deploy-test:latest
2025-06-06 10:11:00 [main] INFO  t.epos/metadata-database-deploy-test:latest - Container epos/metadata-database-deploy-test:latest is starting: 3cb5ebf938375d4f6442942be393497b3caf813b29b2a461a30ceb54b0910e6c
2025-06-06 10:11:04 [main] INFO  t.epos/metadata-database-deploy-test:latest - Container epos/metadata-database-deploy-test:latest started in PT4.064937453S
2025-06-06 10:11:04 [main] INFO  t.epos/metadata-database-deploy-test:latest - Container is started (JDBC URL: jdbc:postgresql://localhost:32984/metadata_catalogue?loggerLevel=OFF)
2025-06-06 10:11:04 [main] INFO  com.zaxxer.hikari.HikariDataSource - metadata_catalogue - Starting...
2025-06-06 10:11:04 [main] INFO  com.zaxxer.hikari.pool.HikariPool - metadata_catalogue - Added connection org.postgresql.jdbc.PgConnection@21ca613b
2025-06-06 10:11:04 [main] INFO  com.zaxxer.hikari.HikariDataSource - metadata_catalogue - Start completed.
2025-06-06 10:11:04 [main] INFO  com.zaxxer.hikari.HikariDataSource - metadata_catalogue - Starting...
2025-06-06 10:11:04 [main] INFO  com.zaxxer.hikari.pool.HikariPool - metadata_catalogue - Added connection org.postgresql.jdbc.PgConnection@3de49725
2025-06-06 10:11:04 [main] INFO  com.zaxxer.hikari.HikariDataSource - metadata_catalogue - Start completed.
2025-06-06 10:12:45 [main] INFO  org.testcontainers.images.PullPolicy - Image pull policy will be performed by: DefaultPullPolicy()
2025-06-06 10:12:45 [main] INFO  o.t.utility.ImageNameSubstitutor - Image name substitution will be performed by: DefaultImageNameSubstitutor (composite of 'ConfigurationFileImageNameSubstitutor' and 'PrefixingImageNameSubstitutor')
2025-06-06 10:12:45 [main] INFO  o.t.d.DockerClientProviderStrategy - Loaded org.testcontainers.dockerclient.UnixSocketClientProviderStrategy from ~/.testcontainers.properties, will try it first
2025-06-06 10:12:45 [main] INFO  o.t.d.DockerClientProviderStrategy - Found Docker environment with local Unix socket (unix:///var/run/docker.sock)
2025-06-06 10:12:45 [main] INFO  o.testcontainers.DockerClientFactory - Docker host IP address is localhost
2025-06-06 10:12:45 [main] INFO  o.testcontainers.DockerClientFactory - Connected to docker: 
  Server Version: 28.2.0
  API Version: 1.50
  Operating System: EndeavourOS
  Total Memory: 63744 MB
2025-06-06 10:12:45 [main] INFO  tc.testcontainers/ryuk:0.7.0 - Creating container for image: testcontainers/ryuk:0.7.0
2025-06-06 10:12:45 [main] INFO  tc.testcontainers/ryuk:0.7.0 - Container testcontainers/ryuk:0.7.0 is starting: 5783de0c68eb9a3c5edea2d92087edc44ac4c118dd54e647cb6434847e2c0505
2025-06-06 10:12:46 [main] INFO  tc.testcontainers/ryuk:0.7.0 - Container testcontainers/ryuk:0.7.0 started in PT0.213150489S
2025-06-06 10:12:46 [main] INFO  o.t.utility.RyukResourceReaper - Ryuk started - will monitor and terminate Testcontainers containers on JVM exit
2025-06-06 10:12:46 [main] INFO  o.testcontainers.DockerClientFactory - Checking the system...
2025-06-06 10:12:46 [main] INFO  o.testcontainers.DockerClientFactory - ✔︎ Docker server version should be at least 1.6.0
2025-06-06 10:12:46 [main] INFO  t.epos/metadata-database-deploy-test:latest - Creating container for image: epos/metadata-database-deploy-test:latest
2025-06-06 10:12:46 [main] INFO  t.epos/metadata-database-deploy-test:latest - Container epos/metadata-database-deploy-test:latest is starting: 28fe6318d766b73fa1c32d52177a810d95bf6dbbc95a4b9bc6ddca8dafd44d6a
2025-06-06 10:12:49 [main] INFO  t.epos/metadata-database-deploy-test:latest - Container epos/metadata-database-deploy-test:latest started in PT3.782015397S
2025-06-06 10:12:49 [main] INFO  t.epos/metadata-database-deploy-test:latest - Container is started (JDBC URL: jdbc:postgresql://localhost:32986/metadata_catalogue?loggerLevel=OFF)
2025-06-06 10:12:49 [main] INFO  com.zaxxer.hikari.HikariDataSource - metadata_catalogue - Starting...
2025-06-06 10:12:50 [main] INFO  com.zaxxer.hikari.pool.HikariPool - metadata_catalogue - Added connection org.postgresql.jdbc.PgConnection@39008c9f
2025-06-06 10:12:50 [main] INFO  com.zaxxer.hikari.HikariDataSource - metadata_catalogue - Start completed.
2025-06-06 10:12:50 [main] INFO  com.zaxxer.hikari.HikariDataSource - metadata_catalogue - Starting...
2025-06-06 10:12:50 [main] INFO  com.zaxxer.hikari.pool.HikariPool - metadata_catalogue - Added connection org.postgresql.jdbc.PgConnection@74b00247
2025-06-06 10:12:50 [main] INFO  com.zaxxer.hikari.HikariDataSource - metadata_catalogue - Start completed.
2025-06-06 10:12:58 [main] INFO  org.testcontainers.images.PullPolicy - Image pull policy will be performed by: DefaultPullPolicy()
2025-06-06 10:12:58 [main] INFO  o.t.utility.ImageNameSubstitutor - Image name substitution will be performed by: DefaultImageNameSubstitutor (composite of 'ConfigurationFileImageNameSubstitutor' and 'PrefixingImageNameSubstitutor')
2025-06-06 10:12:59 [main] INFO  o.t.d.DockerClientProviderStrategy - Loaded org.testcontainers.dockerclient.UnixSocketClientProviderStrategy from ~/.testcontainers.properties, will try it first
2025-06-06 10:12:59 [main] INFO  o.t.d.DockerClientProviderStrategy - Found Docker environment with local Unix socket (unix:///var/run/docker.sock)
2025-06-06 10:12:59 [main] INFO  o.testcontainers.DockerClientFactory - Docker host IP address is localhost
2025-06-06 10:12:59 [main] INFO  o.testcontainers.DockerClientFactory - Connected to docker: 
  Server Version: 28.2.0
  API Version: 1.50
  Operating System: EndeavourOS
  Total Memory: 63744 MB
2025-06-06 10:12:59 [main] INFO  tc.testcontainers/ryuk:0.7.0 - Creating container for image: testcontainers/ryuk:0.7.0
2025-06-06 10:12:59 [main] INFO  tc.testcontainers/ryuk:0.7.0 - Container testcontainers/ryuk:0.7.0 is starting: 870894498e2d767eb775450acbc17df5f78837f4ae975038acc43fc702b69e47
2025-06-06 10:12:59 [main] INFO  tc.testcontainers/ryuk:0.7.0 - Container testcontainers/ryuk:0.7.0 started in PT0.223634218S
2025-06-06 10:12:59 [main] INFO  o.t.utility.RyukResourceReaper - Ryuk started - will monitor and terminate Testcontainers containers on JVM exit
2025-06-06 10:12:59 [main] INFO  o.testcontainers.DockerClientFactory - Checking the system...
2025-06-06 10:12:59 [main] INFO  o.testcontainers.DockerClientFactory - ✔︎ Docker server version should be at least 1.6.0
2025-06-06 10:12:59 [main] INFO  t.epos/metadata-database-deploy-test:latest - Creating container for image: epos/metadata-database-deploy-test:latest
2025-06-06 10:12:59 [main] INFO  t.epos/metadata-database-deploy-test:latest - Container epos/metadata-database-deploy-test:latest is starting: 833e0398afa5ae932f5af35b2eb0acac7dca52f4bb0811fb5e4ea8a9470b95a2
2025-06-06 10:13:03 [main] INFO  t.epos/metadata-database-deploy-test:latest - Container epos/metadata-database-deploy-test:latest started in PT3.740729109S
2025-06-06 10:13:03 [main] INFO  t.epos/metadata-database-deploy-test:latest - Container is started (JDBC URL: jdbc:postgresql://localhost:32988/metadata_catalogue?loggerLevel=OFF)
2025-06-06 10:13:03 [main] INFO  com.zaxxer.hikari.HikariDataSource - metadata_catalogue - Starting...
2025-06-06 10:13:03 [main] INFO  com.zaxxer.hikari.pool.HikariPool - metadata_catalogue - Added connection org.postgresql.jdbc.PgConnection@38fc5554
2025-06-06 10:13:03 [main] INFO  com.zaxxer.hikari.HikariDataSource - metadata_catalogue - Start completed.
2025-06-06 10:13:04 [main] INFO  t.epos/metadata-database-deploy-test:latest - Creating container for image: epos/metadata-database-deploy-test:latest
2025-06-06 10:13:04 [main] INFO  t.epos/metadata-database-deploy-test:latest - Container epos/metadata-database-deploy-test:latest is starting: 419f921a41f673fa943d192df8179326f47a97d36a5f18e5ab683bfb8190aa29
2025-06-06 10:14:00 [main] INFO  org.testcontainers.images.PullPolicy - Image pull policy will be performed by: DefaultPullPolicy()
2025-06-06 10:14:00 [main] INFO  o.t.utility.ImageNameSubstitutor - Image name substitution will be performed by: DefaultImageNameSubstitutor (composite of 'ConfigurationFileImageNameSubstitutor' and 'PrefixingImageNameSubstitutor')
2025-06-06 10:14:00 [main] INFO  o.t.d.DockerClientProviderStrategy - Loaded org.testcontainers.dockerclient.UnixSocketClientProviderStrategy from ~/.testcontainers.properties, will try it first
2025-06-06 10:14:00 [main] INFO  o.t.d.DockerClientProviderStrategy - Found Docker environment with local Unix socket (unix:///var/run/docker.sock)
2025-06-06 10:14:00 [main] INFO  o.testcontainers.DockerClientFactory - Docker host IP address is localhost
2025-06-06 10:14:00 [main] INFO  o.testcontainers.DockerClientFactory - Connected to docker: 
  Server Version: 28.2.0
  API Version: 1.50
  Operating System: EndeavourOS
  Total Memory: 63744 MB
2025-06-06 10:14:00 [main] INFO  tc.testcontainers/ryuk:0.7.0 - Creating container for image: testcontainers/ryuk:0.7.0
2025-06-06 10:14:00 [main] INFO  tc.testcontainers/ryuk:0.7.0 - Container testcontainers/ryuk:0.7.0 is starting: 77be4e40accfc402b1eb0af1eb1fac1c2b01890fd6a11ea999a6a406eb680cb4
2025-06-06 10:14:00 [main] INFO  tc.testcontainers/ryuk:0.7.0 - Container testcontainers/ryuk:0.7.0 started in PT0.291689224S
2025-06-06 10:14:00 [main] INFO  o.t.utility.RyukResourceReaper - Ryuk started - will monitor and terminate Testcontainers containers on JVM exit
2025-06-06 10:14:00 [main] INFO  o.testcontainers.DockerClientFactory - Checking the system...
2025-06-06 10:14:00 [main] INFO  o.testcontainers.DockerClientFactory - ✔︎ Docker server version should be at least 1.6.0
2025-06-06 10:14:00 [main] INFO  t.epos/metadata-database-deploy-test:latest - Creating container for image: epos/metadata-database-deploy-test:latest
2025-06-06 10:14:00 [main] INFO  t.epos/metadata-database-deploy-test:latest - Container epos/metadata-database-deploy-test:latest is starting: ee7987c9bc18ce5b8b03fc180a8155e9373a7f684447f7762933e185f9de4abe
2025-06-06 10:14:05 [main] INFO  t.epos/metadata-database-deploy-test:latest - Container epos/metadata-database-deploy-test:latest started in PT4.263358901S
2025-06-06 10:14:05 [main] INFO  t.epos/metadata-database-deploy-test:latest - Container is started (JDBC URL: jdbc:postgresql://localhost:32991/metadata_catalogue?loggerLevel=OFF)
2025-06-06 10:14:05 [main] INFO  com.zaxxer.hikari.HikariDataSource - metadata_catalogue - Starting...
2025-06-06 10:14:05 [main] INFO  com.zaxxer.hikari.pool.HikariPool - metadata_catalogue - Added connection org.postgresql.jdbc.PgConnection@3f92a84e
2025-06-06 10:14:05 [main] INFO  com.zaxxer.hikari.HikariDataSource - metadata_catalogue - Start completed.
2025-06-06 10:14:05 [main] INFO  t.epos/metadata-database-deploy-test:latest - Creating container for image: epos/metadata-database-deploy-test:latest
2025-06-06 10:14:06 [main] INFO  t.epos/metadata-database-deploy-test:latest - Container epos/metadata-database-deploy-test:latest is starting: b7c59e763776932d5fd8e5e2fe41016b645eeed84dc24dbd51e4ee1487f99195
2025-06-06 10:14:09 [main] INFO  t.epos/metadata-database-deploy-test:latest - Container epos/metadata-database-deploy-test:latest started in PT3.903259508S
2025-06-06 10:14:09 [main] INFO  t.epos/metadata-database-deploy-test:latest - Container is started (JDBC URL: jdbc:postgresql://localhost:32992/metadata_catalogue?loggerLevel=OFF)
2025-06-06 10:14:09 [main] INFO  com.zaxxer.hikari.HikariDataSource - metadata_catalogue - Starting...
2025-06-06 10:14:09 [main] INFO  com.zaxxer.hikari.pool.HikariPool - metadata_catalogue - Added connection org.postgresql.jdbc.PgConnection@24d8f87a
2025-06-06 10:14:09 [main] INFO  com.zaxxer.hikari.HikariDataSource - metadata_catalogue - Start completed.
2025-06-06 10:14:09 [main] INFO  com.zaxxer.hikari.HikariDataSource - metadata_catalogue - Starting...
2025-06-06 10:14:10 [main] INFO  com.zaxxer.hikari.pool.HikariPool - metadata_catalogue - Added connection org.postgresql.jdbc.PgConnection@5458c71e
2025-06-06 10:14:10 [main] INFO  com.zaxxer.hikari.HikariDataSource - metadata_catalogue - Start completed.
2025-06-06 10:14:10 [main] INFO  com.zaxxer.hikari.HikariDataSource - metadata_catalogue - Starting...
2025-06-06 10:14:10 [main] INFO  com.zaxxer.hikari.pool.HikariPool - metadata_catalogue - Added connection org.postgresql.jdbc.PgConnection@29fcfc54
2025-06-06 10:14:10 [main] INFO  com.zaxxer.hikari.HikariDataSource - metadata_catalogue - Start completed.
2025-06-06 10:14:10 [main] INFO  com.zaxxer.hikari.HikariDataSource - metadata_catalogue - Starting...
2025-06-06 10:14:10 [main] INFO  com.zaxxer.hikari.pool.HikariPool - metadata_catalogue - Added connection org.postgresql.jdbc.PgConnection@2570b316
2025-06-06 10:14:10 [main] INFO  com.zaxxer.hikari.HikariDataSource - metadata_catalogue - Start completed.
2025-06-06 10:14:10 [main] INFO  com.zaxxer.hikari.HikariDataSource - metadata_catalogue - Starting...
2025-06-06 10:14:10 [main] INFO  com.zaxxer.hikari.pool.HikariPool - metadata_catalogue - Added connection org.postgresql.jdbc.PgConnection@1bd59b82
2025-06-06 10:14:10 [main] INFO  com.zaxxer.hikari.HikariDataSource - metadata_catalogue - Start completed.
2025-06-06 10:14:10 [main] INFO  com.zaxxer.hikari.HikariDataSource - metadata_catalogue - Starting...
2025-06-06 10:14:10 [main] INFO  com.zaxxer.hikari.pool.HikariPool - metadata_catalogue - Added connection org.postgresql.jdbc.PgConnection@1eda309d
2025-06-06 10:14:10 [main] INFO  com.zaxxer.hikari.HikariDataSource - metadata_catalogue - Start completed.
2025-06-06 10:14:10 [main] INFO  com.zaxxer.hikari.HikariDataSource - metadata_catalogue - Starting...
2025-06-06 10:14:10 [main] INFO  com.zaxxer.hikari.pool.HikariPool - metadata_catalogue - Added connection org.postgresql.jdbc.PgConnection@3aa1c45
2025-06-06 10:14:10 [main] INFO  com.zaxxer.hikari.HikariDataSource - metadata_catalogue - Start completed.
2025-06-06 10:14:10 [main] INFO  com.zaxxer.hikari.HikariDataSource - metadata_catalogue - Starting...
2025-06-06 10:14:10 [main] INFO  com.zaxxer.hikari.pool.HikariPool - metadata_catalogue - Added connection org.postgresql.jdbc.PgConnection@3b780b5c
2025-06-06 10:14:10 [main] INFO  com.zaxxer.hikari.HikariDataSource - metadata_catalogue - Start completed.
2025-06-06 10:14:10 [main] INFO  com.zaxxer.hikari.HikariDataSource - metadata_catalogue - Starting...
2025-06-06 10:14:10 [main] INFO  com.zaxxer.hikari.pool.HikariPool - metadata_catalogue - Added connection org.postgresql.jdbc.PgConnection@799206ad
2025-06-06 10:14:10 [main] INFO  com.zaxxer.hikari.HikariDataSource - metadata_catalogue - Start completed.
2025-06-06 10:14:11 [main] INFO  t.epos/metadata-database-deploy-test:latest - Creating container for image: epos/metadata-database-deploy-test:latest
2025-06-06 10:14:11 [main] INFO  t.epos/metadata-database-deploy-test:latest - Container epos/metadata-database-deploy-test:latest is starting: ebbd4db8512cbdae5d6a59e7eff8aea0ae7e24f0839e716a9d02c8c76535e3e9
2025-06-06 10:14:15 [main] INFO  t.epos/metadata-database-deploy-test:latest - Container epos/metadata-database-deploy-test:latest started in PT4.184239581S
2025-06-06 10:14:15 [main] INFO  t.epos/metadata-database-deploy-test:latest - Container is started (JDBC URL: jdbc:postgresql://localhost:32993/metadata_catalogue?loggerLevel=OFF)
2025-06-06 10:14:15 [main] INFO  com.zaxxer.hikari.HikariDataSource - metadata_catalogue - Starting...
2025-06-06 10:14:15 [main] INFO  com.zaxxer.hikari.pool.HikariPool - metadata_catalogue - Added connection org.postgresql.jdbc.PgConnection@53654b2d
2025-06-06 10:14:15 [main] INFO  com.zaxxer.hikari.HikariDataSource - metadata_catalogue - Start completed.
2025-06-06 10:14:15 [main] INFO  com.zaxxer.hikari.HikariDataSource - metadata_catalogue - Starting...
2025-06-06 10:14:15 [main] INFO  com.zaxxer.hikari.pool.HikariPool - metadata_catalogue - Added connection org.postgresql.jdbc.PgConnection@26723525
2025-06-06 10:14:15 [main] INFO  com.zaxxer.hikari.HikariDataSource - metadata_catalogue - Start completed.
2025-06-06 10:14:15 [main] INFO  com.zaxxer.hikari.HikariDataSource - metadata_catalogue - Starting...
2025-06-06 10:14:15 [main] INFO  com.zaxxer.hikari.pool.HikariPool - metadata_catalogue - Added connection org.postgresql.jdbc.PgConnection@7e305953
2025-06-06 10:14:15 [main] INFO  com.zaxxer.hikari.HikariDataSource - metadata_catalogue - Start completed.
2025-06-06 10:14:15 [main] INFO  com.zaxxer.hikari.HikariDataSource - metadata_catalogue - Starting...
2025-06-06 10:14:15 [main] INFO  com.zaxxer.hikari.pool.HikariPool - metadata_catalogue - Added connection org.postgresql.jdbc.PgConnection@475b796d
2025-06-06 10:14:15 [main] INFO  com.zaxxer.hikari.HikariDataSource - metadata_catalogue - Start completed.
2025-06-06 10:14:15 [main] INFO  t.epos/metadata-database-deploy-test:latest - Creating container for image: epos/metadata-database-deploy-test:latest
2025-06-06 10:14:15 [main] INFO  t.epos/metadata-database-deploy-test:latest - Container epos/metadata-database-deploy-test:latest is starting: 7d15240b7a59069b4257ebc4630f003d6982f2c79e45ae5664f32127f888a711
2025-06-06 10:14:19 [main] INFO  t.epos/metadata-database-deploy-test:latest - Container epos/metadata-database-deploy-test:latest started in PT3.993035807S
2025-06-06 10:14:19 [main] INFO  t.epos/metadata-database-deploy-test:latest - Container is started (JDBC URL: jdbc:postgresql://localhost:32994/metadata_catalogue?loggerLevel=OFF)
2025-06-06 10:14:19 [main] INFO  com.zaxxer.hikari.HikariDataSource - metadata_catalogue - Starting...
2025-06-06 10:14:19 [main] INFO  com.zaxxer.hikari.pool.HikariPool - metadata_catalogue - Added connection org.postgresql.jdbc.PgConnection@1641dfb3
2025-06-06 10:14:19 [main] INFO  com.zaxxer.hikari.HikariDataSource - metadata_catalogue - Start completed.
2025-06-06 10:14:19 [main] INFO  com.zaxxer.hikari.HikariDataSource - metadata_catalogue - Starting...
2025-06-06 10:14:19 [main] INFO  com.zaxxer.hikari.pool.HikariPool - metadata_catalogue - Added connection org.postgresql.jdbc.PgConnection@7ba70b3b
2025-06-06 10:14:19 [main] INFO  com.zaxxer.hikari.HikariDataSource - metadata_catalogue - Start completed.
2025-06-06 10:14:20 [main] INFO  com.zaxxer.hikari.HikariDataSource - metadata_catalogue - Starting...
2025-06-06 10:14:20 [main] INFO  com.zaxxer.hikari.pool.HikariPool - metadata_catalogue - Added connection org.postgresql.jdbc.PgConnection@2de3ac17
2025-06-06 10:14:20 [main] INFO  com.zaxxer.hikari.HikariDataSource - metadata_catalogue - Start completed.
2025-06-06 10:14:20 [main] INFO  t.epos/metadata-database-deploy-test:latest - Creating container for image: epos/metadata-database-deploy-test:latest
2025-06-06 10:14:20 [main] INFO  t.epos/metadata-database-deploy-test:latest - Container epos/metadata-database-deploy-test:latest is starting: 943f60ff7e90e8efbdcd4e8c84f09474a8fd76abeee0566b046a5c9137987f83
2025-06-06 10:14:24 [main] INFO  t.epos/metadata-database-deploy-test:latest - Container epos/metadata-database-deploy-test:latest started in PT3.832448869S
2025-06-06 10:14:24 [main] INFO  t.epos/metadata-database-deploy-test:latest - Container is started (JDBC URL: jdbc:postgresql://localhost:32995/metadata_catalogue?loggerLevel=OFF)
2025-06-06 10:14:24 [main] INFO  com.zaxxer.hikari.HikariDataSource - metadata_catalogue - Starting...
2025-06-06 10:14:24 [main] INFO  com.zaxxer.hikari.pool.HikariPool - metadata_catalogue - Added connection org.postgresql.jdbc.PgConnection@216a3aba
2025-06-06 10:14:24 [main] INFO  com.zaxxer.hikari.HikariDataSource - metadata_catalogue - Start completed.
2025-06-06 10:14:24 [main] INFO  com.zaxxer.hikari.HikariDataSource - metadata_catalogue - Starting...
2025-06-06 10:14:24 [main] INFO  com.zaxxer.hikari.pool.HikariPool - metadata_catalogue - Added connection org.postgresql.jdbc.PgConnection@10e542f3
2025-06-06 10:14:24 [main] INFO  com.zaxxer.hikari.HikariDataSource - metadata_catalogue - Start completed.
2025-06-06 10:14:24 [main] INFO  t.epos/metadata-database-deploy-test:latest - Creating container for image: epos/metadata-database-deploy-test:latest
2025-06-06 10:14:24 [main] INFO  t.epos/metadata-database-deploy-test:latest - Container epos/metadata-database-deploy-test:latest is starting: e3a2d9f5299c3a0195104b778aa0df7f65ea8e237725c27ee4a7c902319dcedb
2025-06-06 10:14:28 [main] INFO  t.epos/metadata-database-deploy-test:latest - Container epos/metadata-database-deploy-test:latest started in PT4.022554793S
2025-06-06 10:14:28 [main] INFO  t.epos/metadata-database-deploy-test:latest - Container is started (JDBC URL: jdbc:postgresql://localhost:32996/metadata_catalogue?loggerLevel=OFF)
2025-06-06 10:14:28 [main] INFO  com.zaxxer.hikari.HikariDataSource - metadata_catalogue - Starting...
2025-06-06 10:14:28 [main] INFO  com.zaxxer.hikari.pool.HikariPool - metadata_catalogue - Added connection org.postgresql.jdbc.PgConnection@14c5d220
2025-06-06 10:14:28 [main] INFO  com.zaxxer.hikari.HikariDataSource - metadata_catalogue - Start completed.
2025-06-06 10:14:28 [main] INFO  com.zaxxer.hikari.HikariDataSource - metadata_catalogue - Starting...
2025-06-06 10:14:28 [main] INFO  com.zaxxer.hikari.pool.HikariPool - metadata_catalogue - Added connection org.postgresql.jdbc.PgConnection@4299b47d
2025-06-06 10:14:28 [main] INFO  com.zaxxer.hikari.HikariDataSource - metadata_catalogue - Start completed.
2025-06-06 10:14:28 [main] INFO  com.zaxxer.hikari.HikariDataSource - metadata_catalogue - Starting...
2025-06-06 10:14:28 [main] INFO  com.zaxxer.hikari.pool.HikariPool - metadata_catalogue - Added connection org.postgresql.jdbc.PgConnection@43a304ee
2025-06-06 10:14:28 [main] INFO  com.zaxxer.hikari.HikariDataSource - metadata_catalogue - Start completed.
2025-06-06 10:14:28 [main] INFO  com.zaxxer.hikari.HikariDataSource - metadata_catalogue - Starting...
2025-06-06 10:14:28 [main] INFO  com.zaxxer.hikari.pool.HikariPool - metadata_catalogue - Added connection org.postgresql.jdbc.PgConnection@4a5f435b
2025-06-06 10:14:28 [main] INFO  com.zaxxer.hikari.HikariDataSource - metadata_catalogue - Start completed.
2025-06-06 10:14:28 [main] INFO  com.zaxxer.hikari.HikariDataSource - metadata_catalogue - Starting...
2025-06-06 10:14:28 [main] INFO  com.zaxxer.hikari.pool.HikariPool - metadata_catalogue - Added connection org.postgresql.jdbc.PgConnection@3c1ca89c
2025-06-06 10:14:28 [main] INFO  com.zaxxer.hikari.HikariDataSource - metadata_catalogue - Start completed.
2025-06-06 10:14:29 [main] INFO  t.epos/metadata-database-deploy-test:latest - Creating container for image: epos/metadata-database-deploy-test:latest
2025-06-06 10:14:29 [main] INFO  t.epos/metadata-database-deploy-test:latest - Container epos/metadata-database-deploy-test:latest is starting: 16c7fcc13565ddd2c08bb1ed29a09921944b087b6a3335456aa035f27f179034
2025-06-06 10:14:33 [main] INFO  t.epos/metadata-database-deploy-test:latest - Container epos/metadata-database-deploy-test:latest started in PT3.972446903S
2025-06-06 10:14:33 [main] INFO  t.epos/metadata-database-deploy-test:latest - Container is started (JDBC URL: jdbc:postgresql://localhost:32997/metadata_catalogue?loggerLevel=OFF)
2025-06-06 10:14:33 [main] INFO  com.zaxxer.hikari.HikariDataSource - metadata_catalogue - Starting...
2025-06-06 10:14:33 [main] INFO  com.zaxxer.hikari.pool.HikariPool - metadata_catalogue - Added connection org.postgresql.jdbc.PgConnection@2ce028fa
2025-06-06 10:14:33 [main] INFO  com.zaxxer.hikari.HikariDataSource - metadata_catalogue - Start completed.
2025-06-06 10:14:33 [main] INFO  com.zaxxer.hikari.HikariDataSource - metadata_catalogue - Starting...
2025-06-06 10:14:33 [main] INFO  com.zaxxer.hikari.pool.HikariPool - metadata_catalogue - Added connection org.postgresql.jdbc.PgConnection@e6522bd
2025-06-06 10:14:33 [main] INFO  com.zaxxer.hikari.HikariDataSource - metadata_catalogue - Start completed.
2025-06-06 10:14:33 [main] INFO  com.zaxxer.hikari.HikariDataSource - metadata_catalogue - Starting...
2025-06-06 10:14:33 [main] INFO  com.zaxxer.hikari.pool.HikariPool - metadata_catalogue - Added connection org.postgresql.jdbc.PgConnection@17a65cb1
2025-06-06 10:14:33 [main] INFO  com.zaxxer.hikari.HikariDataSource - metadata_catalogue - Start completed.
2025-06-06 10:14:33 [main] INFO  com.zaxxer.hikari.HikariDataSource - metadata_catalogue - Starting...
2025-06-06 10:14:33 [main] INFO  com.zaxxer.hikari.pool.HikariPool - metadata_catalogue - Added connection org.postgresql.jdbc.PgConnection@62e0fe3
2025-06-06 10:14:33 [main] INFO  com.zaxxer.hikari.HikariDataSource - metadata_catalogue - Start completed.
2025-06-06 10:14:33 [main] INFO  t.epos/metadata-database-deploy-test:latest - Creating container for image: epos/metadata-database-deploy-test:latest
2025-06-06 10:14:33 [main] INFO  t.epos/metadata-database-deploy-test:latest - Container epos/metadata-database-deploy-test:latest is starting: 4b070995ea4c10bcad7a4454af47c67c1d40996745878ff345bc6ae9f049f384
2025-06-06 10:14:37 [main] INFO  t.epos/metadata-database-deploy-test:latest - Container epos/metadata-database-deploy-test:latest started in PT3.78786627S
2025-06-06 10:14:37 [main] INFO  t.epos/metadata-database-deploy-test:latest - Container is started (JDBC URL: jdbc:postgresql://localhost:32998/metadata_catalogue?loggerLevel=OFF)
2025-06-06 10:14:37 [main] INFO  com.zaxxer.hikari.HikariDataSource - metadata_catalogue - Starting...
2025-06-06 10:14:37 [main] INFO  com.zaxxer.hikari.pool.HikariPool - metadata_catalogue - Added connection org.postgresql.jdbc.PgConnection@f32284d
2025-06-06 10:14:37 [main] INFO  com.zaxxer.hikari.HikariDataSource - metadata_catalogue - Start completed.
2025-06-06 10:14:37 [main] INFO  com.zaxxer.hikari.HikariDataSource - metadata_catalogue - Starting...
2025-06-06 10:14:37 [main] INFO  com.zaxxer.hikari.pool.HikariPool - metadata_catalogue - Added connection org.postgresql.jdbc.PgConnection@457af059
2025-06-06 10:14:37 [main] INFO  com.zaxxer.hikari.HikariDataSource - metadata_catalogue - Start completed.
