2025-06-07 17:43:08 [main] INFO  org.testcontainers.images.PullPolicy - Image pull policy will be performed by: DefaultPullPolicy()
2025-06-07 17:43:08 [main] INFO  o.t.utility.ImageNameSubstitutor - Image name substitution will be performed by: DefaultImageNameSubstitutor (composite of 'ConfigurationFileImageNameSubstitutor' and 'PrefixingImageNameSubstitutor')
2025-06-07 17:43:08 [main] INFO  o.t.d.DockerClientProviderStrategy - Loaded org.testcontainers.dockerclient.UnixSocketClientProviderStrategy from ~/.testcontainers.properties, will try it first
2025-06-07 17:43:09 [main] INFO  o.t.d.DockerClientProviderStrategy - Found Docker environment with local Unix socket (unix:///var/run/docker.sock)
2025-06-07 17:43:09 [main] INFO  o.testcontainers.DockerClientFactory - Docker host IP address is localhost
2025-06-07 17:43:09 [main] INFO  o.testcontainers.DockerClientFactory - Connected to docker: 
  Server Version: 28.2.0
  API Version: 1.50
  Operating System: EndeavourOS
  Total Memory: 63744 MB
2025-06-07 17:43:09 [main] INFO  tc.testcontainers/ryuk:0.7.0 - Creating container for image: testcontainers/ryuk:0.7.0
2025-06-07 17:43:09 [main] INFO  tc.testcontainers/ryuk:0.7.0 - Container testcontainers/ryuk:0.7.0 is starting: 36eef618894feb7329f79f23a12948165222a894b2dd0c47d5f3767443bd19cd
2025-06-07 17:43:09 [main] INFO  tc.testcontainers/ryuk:0.7.0 - Container testcontainers/ryuk:0.7.0 started in PT0.388943967S
2025-06-07 17:43:09 [main] INFO  o.t.utility.RyukResourceReaper - Ryuk started - will monitor and terminate Testcontainers containers on JVM exit
2025-06-07 17:43:09 [main] INFO  o.testcontainers.DockerClientFactory - Checking the system...
2025-06-07 17:43:09 [main] INFO  o.testcontainers.DockerClientFactory - ✔︎ Docker server version should be at least 1.6.0
2025-06-07 17:43:09 [main] INFO  t.epos/metadata-database-deploy-test:latest - Creating container for image: epos/metadata-database-deploy-test:latest
2025-06-07 17:43:09 [main] INFO  t.epos/metadata-database-deploy-test:latest - Container epos/metadata-database-deploy-test:latest is starting: 0104001cdee57bf2f16b8314fb713e6299f519d20e59c89b8e71c73c0a0c9510
2025-06-07 17:43:17 [main] INFO  t.epos/metadata-database-deploy-test:latest - Container epos/metadata-database-deploy-test:latest started in PT7.512094756S
2025-06-07 17:43:17 [main] INFO  t.epos/metadata-database-deploy-test:latest - Container is started (JDBC URL: jdbc:postgresql://localhost:32769/metadata_catalogue?loggerLevel=OFF)
2025-06-07 17:43:17 [main] INFO  com.zaxxer.hikari.HikariDataSource - metadata_catalogue - Starting...
2025-06-07 17:43:17 [main] INFO  com.zaxxer.hikari.pool.HikariPool - metadata_catalogue - Added connection org.postgresql.jdbc.PgConnection@2954b5ea
2025-06-07 17:43:17 [main] INFO  com.zaxxer.hikari.HikariDataSource - metadata_catalogue - Start completed.
2025-06-07 17:43:18 [main] INFO  t.epos/metadata-database-deploy-test:latest - Creating container for image: epos/metadata-database-deploy-test:latest
2025-06-07 17:43:19 [main] INFO  t.epos/metadata-database-deploy-test:latest - Container epos/metadata-database-deploy-test:latest is starting: b0e9a8e524c015fc005c280c7bf4f458fbc4d8845454b5ac0029303122ba0ce8
2025-06-07 17:43:25 [main] INFO  t.epos/metadata-database-deploy-test:latest - Container epos/metadata-database-deploy-test:latest started in PT6.269866434S
2025-06-07 17:43:25 [main] INFO  t.epos/metadata-database-deploy-test:latest - Container is started (JDBC URL: jdbc:postgresql://localhost:32770/metadata_catalogue?loggerLevel=OFF)
2025-06-07 17:43:25 [main] INFO  com.zaxxer.hikari.HikariDataSource - metadata_catalogue - Starting...
2025-06-07 17:43:25 [main] INFO  com.zaxxer.hikari.pool.HikariPool - metadata_catalogue - Added connection org.postgresql.jdbc.PgConnection@70c29356
2025-06-07 17:43:25 [main] INFO  com.zaxxer.hikari.HikariDataSource - metadata_catalogue - Start completed.
2025-06-07 17:43:25 [main] INFO  com.zaxxer.hikari.HikariDataSource - metadata_catalogue - Starting...
2025-06-07 17:43:25 [main] INFO  com.zaxxer.hikari.pool.HikariPool - metadata_catalogue - Added connection org.postgresql.jdbc.PgConnection@2bb717d7
2025-06-07 17:43:25 [main] INFO  com.zaxxer.hikari.HikariDataSource - metadata_catalogue - Start completed.
2025-06-07 17:43:25 [main] INFO  com.zaxxer.hikari.HikariDataSource - metadata_catalogue - Starting...
2025-06-07 17:43:25 [main] INFO  com.zaxxer.hikari.pool.HikariPool - metadata_catalogue - Added connection org.postgresql.jdbc.PgConnection@915d7c4
2025-06-07 17:43:25 [main] INFO  com.zaxxer.hikari.HikariDataSource - metadata_catalogue - Start completed.
2025-06-07 17:43:25 [main] INFO  com.zaxxer.hikari.HikariDataSource - metadata_catalogue - Starting...
2025-06-07 17:43:25 [main] INFO  com.zaxxer.hikari.pool.HikariPool - metadata_catalogue - Added connection org.postgresql.jdbc.PgConnection@5b490d5e
2025-06-07 17:43:25 [main] INFO  com.zaxxer.hikari.HikariDataSource - metadata_catalogue - Start completed.
2025-06-07 17:43:26 [main] INFO  com.zaxxer.hikari.HikariDataSource - metadata_catalogue - Starting...
2025-06-07 17:43:26 [main] INFO  com.zaxxer.hikari.pool.HikariPool - metadata_catalogue - Added connection org.postgresql.jdbc.PgConnection@18b3db6e
2025-06-07 17:43:26 [main] INFO  com.zaxxer.hikari.HikariDataSource - metadata_catalogue - Start completed.
2025-06-07 17:43:26 [main] INFO  com.zaxxer.hikari.HikariDataSource - metadata_catalogue - Starting...
2025-06-07 17:43:26 [main] INFO  com.zaxxer.hikari.pool.HikariPool - metadata_catalogue - Added connection org.postgresql.jdbc.PgConnection@240f2efd
2025-06-07 17:43:26 [main] INFO  com.zaxxer.hikari.HikariDataSource - metadata_catalogue - Start completed.
2025-06-07 17:43:26 [main] INFO  com.zaxxer.hikari.HikariDataSource - metadata_catalogue - Starting...
2025-06-07 17:43:26 [main] INFO  com.zaxxer.hikari.pool.HikariPool - metadata_catalogue - Added connection org.postgresql.jdbc.PgConnection@23ea3853
2025-06-07 17:43:26 [main] INFO  com.zaxxer.hikari.HikariDataSource - metadata_catalogue - Start completed.
2025-06-07 17:43:26 [main] INFO  com.zaxxer.hikari.HikariDataSource - metadata_catalogue - Starting...
2025-06-07 17:43:26 [main] INFO  com.zaxxer.hikari.pool.HikariPool - metadata_catalogue - Added connection org.postgresql.jdbc.PgConnection@62f305bc
2025-06-07 17:43:26 [main] INFO  com.zaxxer.hikari.HikariDataSource - metadata_catalogue - Start completed.
2025-06-07 17:43:26 [main] INFO  com.zaxxer.hikari.HikariDataSource - metadata_catalogue - Starting...
2025-06-07 17:43:26 [main] INFO  com.zaxxer.hikari.pool.HikariPool - metadata_catalogue - Added connection org.postgresql.jdbc.PgConnection@3bf41cd0
2025-06-07 17:43:26 [main] INFO  com.zaxxer.hikari.HikariDataSource - metadata_catalogue - Start completed.
2025-06-07 17:43:27 [main] INFO  t.epos/metadata-database-deploy-test:latest - Creating container for image: epos/metadata-database-deploy-test:latest
2025-06-07 17:43:27 [main] INFO  t.epos/metadata-database-deploy-test:latest - Container epos/metadata-database-deploy-test:latest is starting: 6652c8c32b2de4bb04ae5b809283e07620cecf679b64df4701cf0ae76b0b3547
2025-06-07 17:43:34 [main] INFO  t.epos/metadata-database-deploy-test:latest - Container epos/metadata-database-deploy-test:latest started in PT7.063220112S
2025-06-07 17:43:34 [main] INFO  t.epos/metadata-database-deploy-test:latest - Container is started (JDBC URL: jdbc:postgresql://localhost:32771/metadata_catalogue?loggerLevel=OFF)
2025-06-07 17:43:34 [main] INFO  com.zaxxer.hikari.HikariDataSource - metadata_catalogue - Starting...
2025-06-07 17:43:34 [main] INFO  com.zaxxer.hikari.pool.HikariPool - metadata_catalogue - Added connection org.postgresql.jdbc.PgConnection@d1973e8
2025-06-07 17:43:34 [main] INFO  com.zaxxer.hikari.HikariDataSource - metadata_catalogue - Start completed.
2025-06-07 17:43:34 [main] INFO  com.zaxxer.hikari.HikariDataSource - metadata_catalogue - Starting...
2025-06-07 17:43:34 [main] INFO  com.zaxxer.hikari.pool.HikariPool - metadata_catalogue - Added connection org.postgresql.jdbc.PgConnection@1a59500b
2025-06-07 17:43:34 [main] INFO  com.zaxxer.hikari.HikariDataSource - metadata_catalogue - Start completed.
2025-06-07 17:43:34 [main] INFO  com.zaxxer.hikari.HikariDataSource - metadata_catalogue - Starting...
2025-06-07 17:43:34 [main] INFO  com.zaxxer.hikari.pool.HikariPool - metadata_catalogue - Added connection org.postgresql.jdbc.PgConnection@195d4780
2025-06-07 17:43:34 [main] INFO  com.zaxxer.hikari.HikariDataSource - metadata_catalogue - Start completed.
2025-06-07 17:43:34 [main] INFO  com.zaxxer.hikari.HikariDataSource - metadata_catalogue - Starting...
2025-06-07 17:43:34 [main] INFO  com.zaxxer.hikari.pool.HikariPool - metadata_catalogue - Added connection org.postgresql.jdbc.PgConnection@3280a79a
2025-06-07 17:43:34 [main] INFO  com.zaxxer.hikari.HikariDataSource - metadata_catalogue - Start completed.
2025-06-07 17:43:35 [main] INFO  t.epos/metadata-database-deploy-test:latest - Creating container for image: epos/metadata-database-deploy-test:latest
2025-06-07 17:43:35 [main] INFO  t.epos/metadata-database-deploy-test:latest - Container epos/metadata-database-deploy-test:latest is starting: 55846af8f23f6050cf2f03d780f583b505dc8017860129ed7b1a92ce7662a1bd
2025-06-07 17:43:41 [main] INFO  t.epos/metadata-database-deploy-test:latest - Container epos/metadata-database-deploy-test:latest started in PT6.108103527S
2025-06-07 17:43:41 [main] INFO  t.epos/metadata-database-deploy-test:latest - Container is started (JDBC URL: jdbc:postgresql://localhost:32772/metadata_catalogue?loggerLevel=OFF)
2025-06-07 17:43:41 [main] INFO  com.zaxxer.hikari.HikariDataSource - metadata_catalogue - Starting...
2025-06-07 17:43:41 [main] INFO  com.zaxxer.hikari.pool.HikariPool - metadata_catalogue - Added connection org.postgresql.jdbc.PgConnection@3793896e
2025-06-07 17:43:41 [main] INFO  com.zaxxer.hikari.HikariDataSource - metadata_catalogue - Start completed.
2025-06-07 17:43:41 [main] INFO  com.zaxxer.hikari.HikariDataSource - metadata_catalogue - Starting...
2025-06-07 17:43:41 [main] INFO  com.zaxxer.hikari.pool.HikariPool - metadata_catalogue - Added connection org.postgresql.jdbc.PgConnection@10395bc4
2025-06-07 17:43:41 [main] INFO  com.zaxxer.hikari.HikariDataSource - metadata_catalogue - Start completed.
2025-06-07 17:43:41 [main] INFO  com.zaxxer.hikari.HikariDataSource - metadata_catalogue - Starting...
2025-06-07 17:43:41 [main] INFO  com.zaxxer.hikari.pool.HikariPool - metadata_catalogue - Added connection org.postgresql.jdbc.PgConnection@4a52178
2025-06-07 17:43:41 [main] INFO  com.zaxxer.hikari.HikariDataSource - metadata_catalogue - Start completed.
2025-06-07 17:43:42 [main] INFO  t.epos/metadata-database-deploy-test:latest - Creating container for image: epos/metadata-database-deploy-test:latest
2025-06-07 17:43:42 [main] INFO  t.epos/metadata-database-deploy-test:latest - Container epos/metadata-database-deploy-test:latest is starting: cb4b2477e96c842c31b8f638c067189fb2ed2608c82802c7bc039cf81e5594f4
2025-06-07 17:43:48 [main] INFO  t.epos/metadata-database-deploy-test:latest - Container epos/metadata-database-deploy-test:latest started in PT6.011961741S
2025-06-07 17:43:48 [main] INFO  t.epos/metadata-database-deploy-test:latest - Container is started (JDBC URL: jdbc:postgresql://localhost:32773/metadata_catalogue?loggerLevel=OFF)
2025-06-07 17:43:48 [main] INFO  com.zaxxer.hikari.HikariDataSource - metadata_catalogue - Starting...
2025-06-07 17:43:48 [main] INFO  com.zaxxer.hikari.pool.HikariPool - metadata_catalogue - Added connection org.postgresql.jdbc.PgConnection@68c1d547
2025-06-07 17:43:48 [main] INFO  com.zaxxer.hikari.HikariDataSource - metadata_catalogue - Start completed.
2025-06-07 17:43:48 [main] INFO  com.zaxxer.hikari.HikariDataSource - metadata_catalogue - Starting...
2025-06-07 17:43:48 [main] INFO  com.zaxxer.hikari.pool.HikariPool - metadata_catalogue - Added connection org.postgresql.jdbc.PgConnection@31906cb2
2025-06-07 17:43:48 [main] INFO  com.zaxxer.hikari.HikariDataSource - metadata_catalogue - Start completed.
2025-06-07 17:43:49 [main] INFO  t.epos/metadata-database-deploy-test:latest - Creating container for image: epos/metadata-database-deploy-test:latest
2025-06-07 17:43:49 [main] INFO  t.epos/metadata-database-deploy-test:latest - Container epos/metadata-database-deploy-test:latest is starting: b6af92cdf24184dfed6ae3275e1a65dc9eac25ec489e7ccaa220c4072fccdedb
2025-06-07 17:43:56 [main] INFO  t.epos/metadata-database-deploy-test:latest - Container epos/metadata-database-deploy-test:latest started in PT7.220623097S
2025-06-07 17:43:56 [main] INFO  t.epos/metadata-database-deploy-test:latest - Container is started (JDBC URL: jdbc:postgresql://localhost:32774/metadata_catalogue?loggerLevel=OFF)
2025-06-07 17:43:56 [main] INFO  com.zaxxer.hikari.HikariDataSource - metadata_catalogue - Starting...
2025-06-07 17:43:56 [main] INFO  com.zaxxer.hikari.pool.HikariPool - metadata_catalogue - Added connection org.postgresql.jdbc.PgConnection@6c40ae2d
2025-06-07 17:43:56 [main] INFO  com.zaxxer.hikari.HikariDataSource - metadata_catalogue - Start completed.
2025-06-07 17:43:56 [main] INFO  com.zaxxer.hikari.HikariDataSource - metadata_catalogue - Starting...
2025-06-07 17:43:56 [main] INFO  com.zaxxer.hikari.pool.HikariPool - metadata_catalogue - Added connection org.postgresql.jdbc.PgConnection@154f5d37
2025-06-07 17:43:56 [main] INFO  com.zaxxer.hikari.HikariDataSource - metadata_catalogue - Start completed.
2025-06-07 17:43:56 [main] INFO  com.zaxxer.hikari.HikariDataSource - metadata_catalogue - Starting...
2025-06-07 17:43:56 [main] INFO  com.zaxxer.hikari.pool.HikariPool - metadata_catalogue - Added connection org.postgresql.jdbc.PgConnection@7d9a5edf
2025-06-07 17:43:56 [main] INFO  com.zaxxer.hikari.HikariDataSource - metadata_catalogue - Start completed.
2025-06-07 17:43:56 [main] INFO  com.zaxxer.hikari.HikariDataSource - metadata_catalogue - Starting...
2025-06-07 17:43:56 [main] INFO  com.zaxxer.hikari.pool.HikariPool - metadata_catalogue - Added connection org.postgresql.jdbc.PgConnection@3f13ab39
2025-06-07 17:43:56 [main] INFO  com.zaxxer.hikari.HikariDataSource - metadata_catalogue - Start completed.
2025-06-07 17:43:57 [main] INFO  com.zaxxer.hikari.HikariDataSource - metadata_catalogue - Starting...
2025-06-07 17:43:57 [main] INFO  com.zaxxer.hikari.pool.HikariPool - metadata_catalogue - Added connection org.postgresql.jdbc.PgConnection@ec9f91b
2025-06-07 17:43:57 [main] INFO  com.zaxxer.hikari.HikariDataSource - metadata_catalogue - Start completed.
2025-06-07 17:43:57 [main] INFO  t.epos/metadata-database-deploy-test:latest - Creating container for image: epos/metadata-database-deploy-test:latest
2025-06-07 17:43:57 [main] INFO  t.epos/metadata-database-deploy-test:latest - Container epos/metadata-database-deploy-test:latest is starting: f47f8206cacff2a794bdd8c5e81286208c082cd3e4fec978c2d4d95800df8e0b
2025-06-07 17:44:03 [main] INFO  t.epos/metadata-database-deploy-test:latest - Container epos/metadata-database-deploy-test:latest started in PT5.96867905S
2025-06-07 17:44:03 [main] INFO  t.epos/metadata-database-deploy-test:latest - Container is started (JDBC URL: jdbc:postgresql://localhost:32775/metadata_catalogue?loggerLevel=OFF)
2025-06-07 17:44:03 [main] INFO  com.zaxxer.hikari.HikariDataSource - metadata_catalogue - Starting...
2025-06-07 17:44:03 [main] INFO  com.zaxxer.hikari.pool.HikariPool - metadata_catalogue - Added connection org.postgresql.jdbc.PgConnection@625cb9b
2025-06-07 17:44:03 [main] INFO  com.zaxxer.hikari.HikariDataSource - metadata_catalogue - Start completed.
2025-06-07 17:44:03 [main] INFO  com.zaxxer.hikari.HikariDataSource - metadata_catalogue - Starting...
2025-06-07 17:44:03 [main] INFO  com.zaxxer.hikari.pool.HikariPool - metadata_catalogue - Added connection org.postgresql.jdbc.PgConnection@118bace5
2025-06-07 17:44:03 [main] INFO  com.zaxxer.hikari.HikariDataSource - metadata_catalogue - Start completed.
2025-06-07 17:44:03 [main] INFO  com.zaxxer.hikari.HikariDataSource - metadata_catalogue - Starting...
2025-06-07 17:44:03 [main] INFO  com.zaxxer.hikari.pool.HikariPool - metadata_catalogue - Added connection org.postgresql.jdbc.PgConnection@549eeaa3
2025-06-07 17:44:03 [main] INFO  com.zaxxer.hikari.HikariDataSource - metadata_catalogue - Start completed.
2025-06-07 17:44:03 [main] INFO  com.zaxxer.hikari.HikariDataSource - metadata_catalogue - Starting...
2025-06-07 17:44:03 [main] INFO  com.zaxxer.hikari.pool.HikariPool - metadata_catalogue - Added connection org.postgresql.jdbc.PgConnection@39fc5c09
2025-06-07 17:44:03 [main] INFO  com.zaxxer.hikari.HikariDataSource - metadata_catalogue - Start completed.
2025-06-07 17:44:04 [main] INFO  t.epos/metadata-database-deploy-test:latest - Creating container for image: epos/metadata-database-deploy-test:latest
2025-06-07 17:44:04 [main] INFO  t.epos/metadata-database-deploy-test:latest - Container epos/metadata-database-deploy-test:latest is starting: 9c123dfc6dc74ef296d3f4d30bdb7a00bd89143e859746d6379272a96646f3c8
2025-06-07 17:44:10 [main] INFO  t.epos/metadata-database-deploy-test:latest - Container epos/metadata-database-deploy-test:latest started in PT5.860166528S
2025-06-07 17:44:10 [main] INFO  t.epos/metadata-database-deploy-test:latest - Container is started (JDBC URL: jdbc:postgresql://localhost:32776/metadata_catalogue?loggerLevel=OFF)
2025-06-07 17:44:10 [main] INFO  com.zaxxer.hikari.HikariDataSource - metadata_catalogue - Starting...
2025-06-07 17:44:10 [main] INFO  com.zaxxer.hikari.pool.HikariPool - metadata_catalogue - Added connection org.postgresql.jdbc.PgConnection@6307382
2025-06-07 17:44:10 [main] INFO  com.zaxxer.hikari.HikariDataSource - metadata_catalogue - Start completed.
2025-06-07 17:44:10 [main] INFO  com.zaxxer.hikari.HikariDataSource - metadata_catalogue - Starting...
2025-06-07 17:44:10 [main] INFO  com.zaxxer.hikari.pool.HikariPool - metadata_catalogue - Added connection org.postgresql.jdbc.PgConnection@43f0a612
2025-06-07 17:44:10 [main] INFO  com.zaxxer.hikari.HikariDataSource - metadata_catalogue - Start completed.
2025-06-07 21:30:48 [main] INFO  org.testcontainers.images.PullPolicy - Image pull policy will be performed by: DefaultPullPolicy()
2025-06-07 21:30:48 [main] INFO  o.t.utility.ImageNameSubstitutor - Image name substitution will be performed by: DefaultImageNameSubstitutor (composite of 'ConfigurationFileImageNameSubstitutor' and 'PrefixingImageNameSubstitutor')
2025-06-07 21:30:48 [main] INFO  o.t.d.DockerClientProviderStrategy - Loaded org.testcontainers.dockerclient.UnixSocketClientProviderStrategy from ~/.testcontainers.properties, will try it first
2025-06-07 21:30:48 [main] INFO  o.t.d.DockerClientProviderStrategy - Found Docker environment with local Unix socket (unix:///var/run/docker.sock)
2025-06-07 21:30:48 [main] INFO  o.testcontainers.DockerClientFactory - Docker host IP address is localhost
2025-06-07 21:30:48 [main] INFO  o.testcontainers.DockerClientFactory - Connected to docker: 
  Server Version: 28.2.0
  API Version: 1.50
  Operating System: EndeavourOS
  Total Memory: 63744 MB
2025-06-07 21:30:48 [main] INFO  tc.testcontainers/ryuk:0.7.0 - Creating container for image: testcontainers/ryuk:0.7.0
2025-06-07 21:30:48 [main] INFO  tc.testcontainers/ryuk:0.7.0 - Container testcontainers/ryuk:0.7.0 is starting: 13992349da2f6f003935ccb39446e65a9a1373710a32c5e4a57392b2ed9632cb
2025-06-07 21:30:49 [main] INFO  tc.testcontainers/ryuk:0.7.0 - Container testcontainers/ryuk:0.7.0 started in PT0.295127002S
2025-06-07 21:30:49 [main] INFO  o.t.utility.RyukResourceReaper - Ryuk started - will monitor and terminate Testcontainers containers on JVM exit
2025-06-07 21:30:49 [main] INFO  o.testcontainers.DockerClientFactory - Checking the system...
2025-06-07 21:30:49 [main] INFO  o.testcontainers.DockerClientFactory - ✔︎ Docker server version should be at least 1.6.0
2025-06-07 21:30:49 [main] INFO  t.epos/metadata-database-deploy-test:latest - Creating container for image: epos/metadata-database-deploy-test:latest
2025-06-07 21:30:49 [main] INFO  t.epos/metadata-database-deploy-test:latest - Container epos/metadata-database-deploy-test:latest is starting: 943db329ab74e815390fd3547050a97b4ff095d37824faa18180f10beb8c895c
2025-06-07 21:30:53 [main] INFO  t.epos/metadata-database-deploy-test:latest - Container epos/metadata-database-deploy-test:latest started in PT4.298702827S
2025-06-07 21:30:53 [main] INFO  t.epos/metadata-database-deploy-test:latest - Container is started (JDBC URL: jdbc:postgresql://localhost:32881/metadata_catalogue?loggerLevel=OFF)
2025-06-07 21:30:53 [main] INFO  com.zaxxer.hikari.HikariDataSource - metadata_catalogue - Starting...
2025-06-07 21:30:53 [main] INFO  com.zaxxer.hikari.pool.HikariPool - metadata_catalogue - Added connection org.postgresql.jdbc.PgConnection@5e048149
2025-06-07 21:30:53 [main] INFO  com.zaxxer.hikari.HikariDataSource - metadata_catalogue - Start completed.
2025-06-07 21:30:54 [main] INFO  t.epos/metadata-database-deploy-test:latest - Creating container for image: epos/metadata-database-deploy-test:latest
2025-06-07 21:30:54 [main] INFO  t.epos/metadata-database-deploy-test:latest - Container epos/metadata-database-deploy-test:latest is starting: 651272bc6e0518ed51317e6e6fa66743d3f9ef89e0dec02d016bc43ebd0532dd
2025-06-07 21:30:58 [main] INFO  t.epos/metadata-database-deploy-test:latest - Container epos/metadata-database-deploy-test:latest started in PT4.154496419S
2025-06-07 21:30:58 [main] INFO  t.epos/metadata-database-deploy-test:latest - Container is started (JDBC URL: jdbc:postgresql://localhost:32882/metadata_catalogue?loggerLevel=OFF)
2025-06-07 21:30:58 [main] INFO  com.zaxxer.hikari.HikariDataSource - metadata_catalogue - Starting...
2025-06-07 21:30:58 [main] INFO  com.zaxxer.hikari.pool.HikariPool - metadata_catalogue - Added connection org.postgresql.jdbc.PgConnection@1eb9bf60
2025-06-07 21:30:58 [main] INFO  com.zaxxer.hikari.HikariDataSource - metadata_catalogue - Start completed.
2025-06-07 21:30:58 [main] INFO  com.zaxxer.hikari.HikariDataSource - metadata_catalogue - Starting...
2025-06-07 21:30:58 [main] INFO  com.zaxxer.hikari.pool.HikariPool - metadata_catalogue - Added connection org.postgresql.jdbc.PgConnection@7bec8cb0
2025-06-07 21:30:58 [main] INFO  com.zaxxer.hikari.HikariDataSource - metadata_catalogue - Start completed.
2025-06-07 21:30:58 [main] INFO  com.zaxxer.hikari.HikariDataSource - metadata_catalogue - Starting...
2025-06-07 21:30:58 [main] INFO  com.zaxxer.hikari.pool.HikariPool - metadata_catalogue - Added connection org.postgresql.jdbc.PgConnection@3212bfd
2025-06-07 21:30:58 [main] INFO  com.zaxxer.hikari.HikariDataSource - metadata_catalogue - Start completed.
2025-06-07 21:30:59 [main] INFO  com.zaxxer.hikari.HikariDataSource - metadata_catalogue - Starting...
2025-06-07 21:30:59 [main] INFO  com.zaxxer.hikari.pool.HikariPool - metadata_catalogue - Added connection org.postgresql.jdbc.PgConnection@aedc426
2025-06-07 21:30:59 [main] INFO  com.zaxxer.hikari.HikariDataSource - metadata_catalogue - Start completed.
2025-06-07 21:30:59 [main] INFO  com.zaxxer.hikari.HikariDataSource - metadata_catalogue - Starting...
2025-06-07 21:30:59 [main] INFO  com.zaxxer.hikari.pool.HikariPool - metadata_catalogue - Added connection org.postgresql.jdbc.PgConnection@1e7d3d87
2025-06-07 21:30:59 [main] INFO  com.zaxxer.hikari.HikariDataSource - metadata_catalogue - Start completed.
2025-06-07 21:30:59 [main] INFO  com.zaxxer.hikari.HikariDataSource - metadata_catalogue - Starting...
2025-06-07 21:30:59 [main] INFO  com.zaxxer.hikari.pool.HikariPool - metadata_catalogue - Added connection org.postgresql.jdbc.PgConnection@ba87c11
2025-06-07 21:30:59 [main] INFO  com.zaxxer.hikari.HikariDataSource - metadata_catalogue - Start completed.
2025-06-07 21:30:59 [main] INFO  com.zaxxer.hikari.HikariDataSource - metadata_catalogue - Starting...
2025-06-07 21:30:59 [main] INFO  com.zaxxer.hikari.pool.HikariPool - metadata_catalogue - Added connection org.postgresql.jdbc.PgConnection@126d8659
2025-06-07 21:30:59 [main] INFO  com.zaxxer.hikari.HikariDataSource - metadata_catalogue - Start completed.
2025-06-07 21:30:59 [main] INFO  com.zaxxer.hikari.HikariDataSource - metadata_catalogue - Starting...
2025-06-07 21:30:59 [main] INFO  com.zaxxer.hikari.pool.HikariPool - metadata_catalogue - Added connection org.postgresql.jdbc.PgConnection@4a9412c4
2025-06-07 21:30:59 [main] INFO  com.zaxxer.hikari.HikariDataSource - metadata_catalogue - Start completed.
2025-06-07 21:30:59 [main] INFO  com.zaxxer.hikari.HikariDataSource - metadata_catalogue - Starting...
2025-06-07 21:30:59 [main] INFO  com.zaxxer.hikari.pool.HikariPool - metadata_catalogue - Added connection org.postgresql.jdbc.PgConnection@2823b7c5
2025-06-07 21:30:59 [main] INFO  com.zaxxer.hikari.HikariDataSource - metadata_catalogue - Start completed.
2025-06-07 21:30:59 [main] INFO  t.epos/metadata-database-deploy-test:latest - Creating container for image: epos/metadata-database-deploy-test:latest
2025-06-07 21:30:59 [main] INFO  t.epos/metadata-database-deploy-test:latest - Container epos/metadata-database-deploy-test:latest is starting: de1fc37b9f615b1bf60ff8e116fdba5322f3006771a8c770ae0395b0e930ba24
2025-06-07 21:31:03 [main] INFO  t.epos/metadata-database-deploy-test:latest - Container epos/metadata-database-deploy-test:latest started in PT4.089827656S
2025-06-07 21:31:03 [main] INFO  t.epos/metadata-database-deploy-test:latest - Container is started (JDBC URL: jdbc:postgresql://localhost:32883/metadata_catalogue?loggerLevel=OFF)
2025-06-07 21:31:03 [main] INFO  com.zaxxer.hikari.HikariDataSource - metadata_catalogue - Starting...
2025-06-07 21:31:03 [main] INFO  com.zaxxer.hikari.pool.HikariPool - metadata_catalogue - Added connection org.postgresql.jdbc.PgConnection@62cb977a
2025-06-07 21:31:03 [main] INFO  com.zaxxer.hikari.HikariDataSource - metadata_catalogue - Start completed.
2025-06-07 21:31:04 [main] INFO  com.zaxxer.hikari.HikariDataSource - metadata_catalogue - Starting...
2025-06-07 21:31:04 [main] INFO  com.zaxxer.hikari.pool.HikariPool - metadata_catalogue - Added connection org.postgresql.jdbc.PgConnection@1ef7e4c7
2025-06-07 21:31:04 [main] INFO  com.zaxxer.hikari.HikariDataSource - metadata_catalogue - Start completed.
2025-06-07 21:31:04 [main] INFO  com.zaxxer.hikari.HikariDataSource - metadata_catalogue - Starting...
2025-06-07 21:31:04 [main] INFO  com.zaxxer.hikari.pool.HikariPool - metadata_catalogue - Added connection org.postgresql.jdbc.PgConnection@26fc464f
2025-06-07 21:31:04 [main] INFO  com.zaxxer.hikari.HikariDataSource - metadata_catalogue - Start completed.
2025-06-07 21:31:04 [main] INFO  com.zaxxer.hikari.HikariDataSource - metadata_catalogue - Starting...
2025-06-07 21:31:04 [main] INFO  com.zaxxer.hikari.pool.HikariPool - metadata_catalogue - Added connection org.postgresql.jdbc.PgConnection@4c663fda
2025-06-07 21:31:04 [main] INFO  com.zaxxer.hikari.HikariDataSource - metadata_catalogue - Start completed.
2025-06-07 21:31:04 [main] INFO  t.epos/metadata-database-deploy-test:latest - Creating container for image: epos/metadata-database-deploy-test:latest
2025-06-07 21:31:04 [main] INFO  t.epos/metadata-database-deploy-test:latest - Container epos/metadata-database-deploy-test:latest is starting: b5bfea5642c040a170d9f2cef5ed777371f5fabfa8c87c2eda5242265234ac50
2025-06-07 21:31:08 [main] INFO  t.epos/metadata-database-deploy-test:latest - Container epos/metadata-database-deploy-test:latest started in PT4.066636737S
2025-06-07 21:31:08 [main] INFO  t.epos/metadata-database-deploy-test:latest - Container is started (JDBC URL: jdbc:postgresql://localhost:32884/metadata_catalogue?loggerLevel=OFF)
2025-06-07 21:31:08 [main] INFO  com.zaxxer.hikari.HikariDataSource - metadata_catalogue - Starting...
2025-06-07 21:31:08 [main] INFO  com.zaxxer.hikari.pool.HikariPool - metadata_catalogue - Added connection org.postgresql.jdbc.PgConnection@3129792a
2025-06-07 21:31:08 [main] INFO  com.zaxxer.hikari.HikariDataSource - metadata_catalogue - Start completed.
2025-06-07 21:31:08 [main] INFO  com.zaxxer.hikari.HikariDataSource - metadata_catalogue - Starting...
2025-06-07 21:31:08 [main] INFO  com.zaxxer.hikari.pool.HikariPool - metadata_catalogue - Added connection org.postgresql.jdbc.PgConnection@ab5d5c8
2025-06-07 21:31:08 [main] INFO  com.zaxxer.hikari.HikariDataSource - metadata_catalogue - Start completed.
2025-06-07 21:31:08 [main] INFO  com.zaxxer.hikari.HikariDataSource - metadata_catalogue - Starting...
2025-06-07 21:31:08 [main] INFO  com.zaxxer.hikari.pool.HikariPool - metadata_catalogue - Added connection org.postgresql.jdbc.PgConnection@3f679ce
2025-06-07 21:31:08 [main] INFO  com.zaxxer.hikari.HikariDataSource - metadata_catalogue - Start completed.
2025-06-07 21:31:09 [main] INFO  t.epos/metadata-database-deploy-test:latest - Creating container for image: epos/metadata-database-deploy-test:latest
2025-06-07 21:31:09 [main] INFO  t.epos/metadata-database-deploy-test:latest - Container epos/metadata-database-deploy-test:latest is starting: 1456b47a3fff135534ebfeaa89bede9852fd896da2fe3ccce454d6c49efa14b8
2025-06-07 21:31:12 [main] INFO  t.epos/metadata-database-deploy-test:latest - Container epos/metadata-database-deploy-test:latest started in PT3.787995499S
2025-06-07 21:31:12 [main] INFO  t.epos/metadata-database-deploy-test:latest - Container is started (JDBC URL: jdbc:postgresql://localhost:32885/metadata_catalogue?loggerLevel=OFF)
2025-06-07 21:31:12 [main] INFO  com.zaxxer.hikari.HikariDataSource - metadata_catalogue - Starting...
2025-06-07 21:31:12 [main] INFO  com.zaxxer.hikari.pool.HikariPool - metadata_catalogue - Added connection org.postgresql.jdbc.PgConnection@17fd9fbb
2025-06-07 21:31:12 [main] INFO  com.zaxxer.hikari.HikariDataSource - metadata_catalogue - Start completed.
2025-06-07 21:31:12 [main] INFO  com.zaxxer.hikari.HikariDataSource - metadata_catalogue - Starting...
2025-06-07 21:31:13 [main] INFO  com.zaxxer.hikari.pool.HikariPool - metadata_catalogue - Added connection org.postgresql.jdbc.PgConnection@56587330
2025-06-07 21:31:13 [main] INFO  com.zaxxer.hikari.HikariDataSource - metadata_catalogue - Start completed.
2025-06-07 21:31:13 [main] INFO  t.epos/metadata-database-deploy-test:latest - Creating container for image: epos/metadata-database-deploy-test:latest
2025-06-07 21:31:13 [main] INFO  t.epos/metadata-database-deploy-test:latest - Container epos/metadata-database-deploy-test:latest is starting: 135d2867e14b9b76061858c530f9ee61f4ff2cfb554ded41d8920ccb6f660609
2025-06-07 21:31:17 [main] INFO  t.epos/metadata-database-deploy-test:latest - Container epos/metadata-database-deploy-test:latest started in PT3.850465546S
2025-06-07 21:31:17 [main] INFO  t.epos/metadata-database-deploy-test:latest - Container is started (JDBC URL: jdbc:postgresql://localhost:32886/metadata_catalogue?loggerLevel=OFF)
2025-06-07 21:31:17 [main] INFO  com.zaxxer.hikari.HikariDataSource - metadata_catalogue - Starting...
2025-06-07 21:31:17 [main] INFO  com.zaxxer.hikari.pool.HikariPool - metadata_catalogue - Added connection org.postgresql.jdbc.PgConnection@16be2c40
2025-06-07 21:31:17 [main] INFO  com.zaxxer.hikari.HikariDataSource - metadata_catalogue - Start completed.
2025-06-07 21:31:17 [main] INFO  com.zaxxer.hikari.HikariDataSource - metadata_catalogue - Starting...
2025-06-07 21:31:17 [main] INFO  com.zaxxer.hikari.pool.HikariPool - metadata_catalogue - Added connection org.postgresql.jdbc.PgConnection@3c304c7a
2025-06-07 21:31:17 [main] INFO  com.zaxxer.hikari.HikariDataSource - metadata_catalogue - Start completed.
2025-06-07 21:31:17 [main] INFO  com.zaxxer.hikari.HikariDataSource - metadata_catalogue - Starting...
2025-06-07 21:31:17 [main] INFO  com.zaxxer.hikari.pool.HikariPool - metadata_catalogue - Added connection org.postgresql.jdbc.PgConnection@2c8d8934
2025-06-07 21:31:17 [main] INFO  com.zaxxer.hikari.HikariDataSource - metadata_catalogue - Start completed.
2025-06-07 21:31:17 [main] INFO  com.zaxxer.hikari.HikariDataSource - metadata_catalogue - Starting...
2025-06-07 21:31:17 [main] INFO  com.zaxxer.hikari.pool.HikariPool - metadata_catalogue - Added connection org.postgresql.jdbc.PgConnection@1d546842
2025-06-07 21:31:17 [main] INFO  com.zaxxer.hikari.HikariDataSource - metadata_catalogue - Start completed.
2025-06-07 21:31:17 [main] INFO  com.zaxxer.hikari.HikariDataSource - metadata_catalogue - Starting...
2025-06-07 21:31:17 [main] INFO  com.zaxxer.hikari.pool.HikariPool - metadata_catalogue - Added connection org.postgresql.jdbc.PgConnection@2031cad2
2025-06-07 21:31:17 [main] INFO  com.zaxxer.hikari.HikariDataSource - metadata_catalogue - Start completed.
2025-06-07 21:31:17 [main] INFO  t.epos/metadata-database-deploy-test:latest - Creating container for image: epos/metadata-database-deploy-test:latest
2025-06-07 21:31:17 [main] INFO  t.epos/metadata-database-deploy-test:latest - Container epos/metadata-database-deploy-test:latest is starting: 36a675818672d6eb27cea2510e726ffa0ebc49af7e2e93e4e207a3aad02884b0
2025-06-07 21:31:21 [main] INFO  t.epos/metadata-database-deploy-test:latest - Container epos/metadata-database-deploy-test:latest started in PT4.085646692S
2025-06-07 21:31:21 [main] INFO  t.epos/metadata-database-deploy-test:latest - Container is started (JDBC URL: jdbc:postgresql://localhost:32887/metadata_catalogue?loggerLevel=OFF)
2025-06-07 21:31:21 [main] INFO  com.zaxxer.hikari.HikariDataSource - metadata_catalogue - Starting...
2025-06-07 21:31:21 [main] INFO  com.zaxxer.hikari.pool.HikariPool - metadata_catalogue - Added connection org.postgresql.jdbc.PgConnection@5b2728db
2025-06-07 21:31:21 [main] INFO  com.zaxxer.hikari.HikariDataSource - metadata_catalogue - Start completed.
2025-06-07 21:31:21 [main] INFO  com.zaxxer.hikari.HikariDataSource - metadata_catalogue - Starting...
2025-06-07 21:31:21 [main] INFO  com.zaxxer.hikari.pool.HikariPool - metadata_catalogue - Added connection org.postgresql.jdbc.PgConnection@26d38b98
2025-06-07 21:31:21 [main] INFO  com.zaxxer.hikari.HikariDataSource - metadata_catalogue - Start completed.
2025-06-07 21:31:21 [main] INFO  com.zaxxer.hikari.HikariDataSource - metadata_catalogue - Starting...
2025-06-07 21:31:21 [main] INFO  com.zaxxer.hikari.pool.HikariPool - metadata_catalogue - Added connection org.postgresql.jdbc.PgConnection@52c3f893
2025-06-07 21:31:21 [main] INFO  com.zaxxer.hikari.HikariDataSource - metadata_catalogue - Start completed.
2025-06-07 21:31:22 [main] INFO  com.zaxxer.hikari.HikariDataSource - metadata_catalogue - Starting...
2025-06-07 21:31:22 [main] INFO  com.zaxxer.hikari.pool.HikariPool - metadata_catalogue - Added connection org.postgresql.jdbc.PgConnection@57ecd447
2025-06-07 21:31:22 [main] INFO  com.zaxxer.hikari.HikariDataSource - metadata_catalogue - Start completed.
2025-06-07 21:31:22 [main] INFO  t.epos/metadata-database-deploy-test:latest - Creating container for image: epos/metadata-database-deploy-test:latest
2025-06-07 21:31:22 [main] INFO  t.epos/metadata-database-deploy-test:latest - Container epos/metadata-database-deploy-test:latest is starting: 1374df97f56858a3b7db605eb02b833c2e591657df236e17db910fb3d671f32e
2025-06-07 21:31:26 [main] INFO  t.epos/metadata-database-deploy-test:latest - Container epos/metadata-database-deploy-test:latest started in PT4.383074947S
2025-06-07 21:31:26 [main] INFO  t.epos/metadata-database-deploy-test:latest - Container is started (JDBC URL: jdbc:postgresql://localhost:32888/metadata_catalogue?loggerLevel=OFF)
2025-06-07 21:31:26 [main] INFO  com.zaxxer.hikari.HikariDataSource - metadata_catalogue - Starting...
2025-06-07 21:31:26 [main] INFO  com.zaxxer.hikari.pool.HikariPool - metadata_catalogue - Added connection org.postgresql.jdbc.PgConnection@52647605
2025-06-07 21:31:26 [main] INFO  com.zaxxer.hikari.HikariDataSource - metadata_catalogue - Start completed.
2025-06-07 21:31:26 [main] INFO  com.zaxxer.hikari.HikariDataSource - metadata_catalogue - Starting...
2025-06-07 21:31:26 [main] INFO  com.zaxxer.hikari.pool.HikariPool - metadata_catalogue - Added connection org.postgresql.jdbc.PgConnection@7c48a505
2025-06-07 21:31:26 [main] INFO  com.zaxxer.hikari.HikariDataSource - metadata_catalogue - Start completed.
2025-06-07 22:20:58 [main] INFO  o.testcontainers.images.PullPolicy - Image pull policy will be performed by: DefaultPullPolicy()
2025-06-07 22:20:58 [main] INFO  o.t.utility.ImageNameSubstitutor - Image name substitution will be performed by: DefaultImageNameSubstitutor (composite of 'ConfigurationFileImageNameSubstitutor' and 'PrefixingImageNameSubstitutor')
2025-06-07 22:20:58 [main] INFO  o.testcontainers.DockerClientFactory - Testcontainers version: 1.21.0
2025-06-07 22:20:58 [main] INFO  o.t.d.DockerClientProviderStrategy - Loaded org.testcontainers.dockerclient.UnixSocketClientProviderStrategy from ~/.testcontainers.properties, will try it first
2025-06-07 22:20:58 [main] INFO  o.t.d.DockerClientProviderStrategy - Found Docker environment with local Unix socket (unix:///var/run/docker.sock)
2025-06-07 22:20:58 [main] INFO  o.testcontainers.DockerClientFactory - Docker host IP address is localhost
2025-06-07 22:20:58 [main] INFO  o.testcontainers.DockerClientFactory - Connected to docker: 
  Server Version: 28.2.0
  API Version: 1.50
  Operating System: EndeavourOS
  Total Memory: 63744 MB
2025-06-07 22:20:58 [main] INFO  tc.testcontainers/ryuk:0.11.0 - Creating container for image: testcontainers/ryuk:0.11.0
2025-06-07 22:20:58 [main] INFO  tc.testcontainers/ryuk:0.11.0 - Container testcontainers/ryuk:0.11.0 is starting: b38c06c37bc0d80b10bef037fbb21f10325d7b48f0dbcfffd11f4c08a4c4536d
2025-06-07 22:20:58 [main] INFO  tc.testcontainers/ryuk:0.11.0 - Container testcontainers/ryuk:0.11.0 started in PT0.230624766S
2025-06-07 22:20:58 [main] INFO  o.t.utility.RyukResourceReaper - Ryuk started - will monitor and terminate Testcontainers containers on JVM exit
2025-06-07 22:20:58 [main] INFO  o.testcontainers.DockerClientFactory - Checking the system...
2025-06-07 22:20:58 [main] INFO  o.testcontainers.DockerClientFactory - ✔︎ Docker server version should be at least 1.6.0
2025-06-07 22:20:58 [main] INFO  t.epos/metadata-database-deploy-test:latest - Creating container for image: epos/metadata-database-deploy-test:latest
2025-06-07 22:20:58 [main] INFO  t.epos/metadata-database-deploy-test:latest - Container epos/metadata-database-deploy-test:latest is starting: bd5eb900486443c8b8441b1903a5e4e609889b4144c129d43c03c53e445e9510
2025-06-07 22:21:02 [main] INFO  t.epos/metadata-database-deploy-test:latest - Container epos/metadata-database-deploy-test:latest started in PT3.719267949S
2025-06-07 22:21:02 [main] INFO  t.epos/metadata-database-deploy-test:latest - Container is started (JDBC URL: jdbc:postgresql://localhost:32890/metadata_catalogue?loggerLevel=OFF)
2025-06-07 22:21:02 [main] INFO  com.zaxxer.hikari.HikariDataSource - metadata_catalogue - Starting...
2025-06-07 22:21:02 [main] INFO  com.zaxxer.hikari.pool.HikariPool - metadata_catalogue - Added connection org.postgresql.jdbc.PgConnection@65e0b505
2025-06-07 22:21:02 [main] INFO  com.zaxxer.hikari.HikariDataSource - metadata_catalogue - Start completed.
2025-06-07 22:21:03 [main] INFO  t.epos/metadata-database-deploy-test:latest - Creating container for image: epos/metadata-database-deploy-test:latest
2025-06-07 22:21:03 [main] INFO  t.epos/metadata-database-deploy-test:latest - Container epos/metadata-database-deploy-test:latest is starting: 7a37216aaec3c103d45587993473c08d5f5d6d3668581f2a26010638a5736ba4
2025-06-07 22:21:07 [main] INFO  t.epos/metadata-database-deploy-test:latest - Container epos/metadata-database-deploy-test:latest started in PT3.781847005S
2025-06-07 22:21:07 [main] INFO  t.epos/metadata-database-deploy-test:latest - Container is started (JDBC URL: jdbc:postgresql://localhost:32891/metadata_catalogue?loggerLevel=OFF)
2025-06-07 22:21:07 [main] INFO  com.zaxxer.hikari.HikariDataSource - metadata_catalogue - Starting...
2025-06-07 22:21:07 [main] INFO  com.zaxxer.hikari.pool.HikariPool - metadata_catalogue - Added connection org.postgresql.jdbc.PgConnection@63187d63
2025-06-07 22:21:07 [main] INFO  com.zaxxer.hikari.HikariDataSource - metadata_catalogue - Start completed.
2025-06-07 22:21:07 [main] INFO  com.zaxxer.hikari.HikariDataSource - metadata_catalogue - Starting...
2025-06-07 22:21:07 [main] INFO  com.zaxxer.hikari.pool.HikariPool - metadata_catalogue - Added connection org.postgresql.jdbc.PgConnection@70a24f9
2025-06-07 22:21:07 [main] INFO  com.zaxxer.hikari.HikariDataSource - metadata_catalogue - Start completed.
2025-06-07 22:21:07 [main] INFO  com.zaxxer.hikari.HikariDataSource - metadata_catalogue - Starting...
2025-06-07 22:21:07 [main] INFO  com.zaxxer.hikari.pool.HikariPool - metadata_catalogue - Added connection org.postgresql.jdbc.PgConnection@478089b6
2025-06-07 22:21:07 [main] INFO  com.zaxxer.hikari.HikariDataSource - metadata_catalogue - Start completed.
2025-06-07 22:21:07 [main] INFO  com.zaxxer.hikari.HikariDataSource - metadata_catalogue - Starting...
2025-06-07 22:21:07 [main] INFO  com.zaxxer.hikari.pool.HikariPool - metadata_catalogue - Added connection org.postgresql.jdbc.PgConnection@54bc3bcf
2025-06-07 22:21:07 [main] INFO  com.zaxxer.hikari.HikariDataSource - metadata_catalogue - Start completed.
2025-06-07 22:21:07 [main] INFO  com.zaxxer.hikari.HikariDataSource - metadata_catalogue - Starting...
2025-06-07 22:21:07 [main] INFO  com.zaxxer.hikari.pool.HikariPool - metadata_catalogue - Added connection org.postgresql.jdbc.PgConnection@12c78f36
2025-06-07 22:21:07 [main] INFO  com.zaxxer.hikari.HikariDataSource - metadata_catalogue - Start completed.
2025-06-07 22:21:07 [main] INFO  com.zaxxer.hikari.HikariDataSource - metadata_catalogue - Starting...
2025-06-07 22:21:07 [main] INFO  com.zaxxer.hikari.pool.HikariPool - metadata_catalogue - Added connection org.postgresql.jdbc.PgConnection@1abbc1d4
2025-06-07 22:21:07 [main] INFO  com.zaxxer.hikari.HikariDataSource - metadata_catalogue - Start completed.
2025-06-07 22:21:07 [main] INFO  com.zaxxer.hikari.HikariDataSource - metadata_catalogue - Starting...
2025-06-07 22:21:07 [main] INFO  com.zaxxer.hikari.pool.HikariPool - metadata_catalogue - Added connection org.postgresql.jdbc.PgConnection@7bf94e91
2025-06-07 22:21:07 [main] INFO  com.zaxxer.hikari.HikariDataSource - metadata_catalogue - Start completed.
2025-06-07 22:21:07 [main] INFO  com.zaxxer.hikari.HikariDataSource - metadata_catalogue - Starting...
2025-06-07 22:21:07 [main] INFO  com.zaxxer.hikari.pool.HikariPool - metadata_catalogue - Added connection org.postgresql.jdbc.PgConnection@367fbb28
2025-06-07 22:21:07 [main] INFO  com.zaxxer.hikari.HikariDataSource - metadata_catalogue - Start completed.
2025-06-07 22:21:07 [main] INFO  com.zaxxer.hikari.HikariDataSource - metadata_catalogue - Starting...
2025-06-07 22:21:07 [main] INFO  com.zaxxer.hikari.pool.HikariPool - metadata_catalogue - Added connection org.postgresql.jdbc.PgConnection@5f596a1a
2025-06-07 22:21:07 [main] INFO  com.zaxxer.hikari.HikariDataSource - metadata_catalogue - Start completed.
2025-06-07 22:21:08 [main] INFO  t.epos/metadata-database-deploy-test:latest - Creating container for image: epos/metadata-database-deploy-test:latest
2025-06-07 22:21:08 [main] INFO  t.epos/metadata-database-deploy-test:latest - Container epos/metadata-database-deploy-test:latest is starting: ac53830d0a708bab81e09281eeed66d1c0ee99af6f89ec5f92384ddb53cdc219
2025-06-07 22:21:11 [main] INFO  t.epos/metadata-database-deploy-test:latest - Container epos/metadata-database-deploy-test:latest started in PT3.87009064S
2025-06-07 22:21:11 [main] INFO  t.epos/metadata-database-deploy-test:latest - Container is started (JDBC URL: jdbc:postgresql://localhost:32892/metadata_catalogue?loggerLevel=OFF)
2025-06-07 22:21:11 [main] INFO  com.zaxxer.hikari.HikariDataSource - metadata_catalogue - Starting...
2025-06-07 22:21:11 [main] INFO  com.zaxxer.hikari.pool.HikariPool - metadata_catalogue - Added connection org.postgresql.jdbc.PgConnection@387ef6a7
2025-06-07 22:21:11 [main] INFO  com.zaxxer.hikari.HikariDataSource - metadata_catalogue - Start completed.
2025-06-07 22:21:12 [main] INFO  com.zaxxer.hikari.HikariDataSource - metadata_catalogue - Starting...
2025-06-07 22:21:12 [main] INFO  com.zaxxer.hikari.pool.HikariPool - metadata_catalogue - Added connection org.postgresql.jdbc.PgConnection@137db13f
2025-06-07 22:21:12 [main] INFO  com.zaxxer.hikari.HikariDataSource - metadata_catalogue - Start completed.
2025-06-07 22:21:12 [main] INFO  com.zaxxer.hikari.HikariDataSource - metadata_catalogue - Starting...
2025-06-07 22:21:12 [main] INFO  com.zaxxer.hikari.pool.HikariPool - metadata_catalogue - Added connection org.postgresql.jdbc.PgConnection@37d50217
2025-06-07 22:21:12 [main] INFO  com.zaxxer.hikari.HikariDataSource - metadata_catalogue - Start completed.
2025-06-07 22:21:12 [main] INFO  com.zaxxer.hikari.HikariDataSource - metadata_catalogue - Starting...
2025-06-07 22:21:12 [main] INFO  com.zaxxer.hikari.pool.HikariPool - metadata_catalogue - Added connection org.postgresql.jdbc.PgConnection@468dbd07
2025-06-07 22:21:12 [main] INFO  com.zaxxer.hikari.HikariDataSource - metadata_catalogue - Start completed.
2025-06-07 22:21:12 [main] INFO  t.epos/metadata-database-deploy-test:latest - Creating container for image: epos/metadata-database-deploy-test:latest
2025-06-07 22:21:12 [main] INFO  t.epos/metadata-database-deploy-test:latest - Container epos/metadata-database-deploy-test:latest is starting: 7b50eb592edae994c8efa2297a02c80fc3c58cbf29624ee9d6fb34216c72e7de
2025-06-07 22:21:16 [main] INFO  t.epos/metadata-database-deploy-test:latest - Container epos/metadata-database-deploy-test:latest started in PT3.795941728S
2025-06-07 22:21:16 [main] INFO  t.epos/metadata-database-deploy-test:latest - Container is started (JDBC URL: jdbc:postgresql://localhost:32893/metadata_catalogue?loggerLevel=OFF)
2025-06-07 22:21:16 [main] INFO  com.zaxxer.hikari.HikariDataSource - metadata_catalogue - Starting...
2025-06-07 22:21:16 [main] INFO  com.zaxxer.hikari.pool.HikariPool - metadata_catalogue - Added connection org.postgresql.jdbc.PgConnection@27215154
2025-06-07 22:21:16 [main] INFO  com.zaxxer.hikari.HikariDataSource - metadata_catalogue - Start completed.
2025-06-07 22:21:16 [main] INFO  com.zaxxer.hikari.HikariDataSource - metadata_catalogue - Starting...
2025-06-07 22:21:16 [main] INFO  com.zaxxer.hikari.pool.HikariPool - metadata_catalogue - Added connection org.postgresql.jdbc.PgConnection@f7a19c4
2025-06-07 22:21:16 [main] INFO  com.zaxxer.hikari.HikariDataSource - metadata_catalogue - Start completed.
2025-06-07 22:21:16 [main] INFO  com.zaxxer.hikari.HikariDataSource - metadata_catalogue - Starting...
2025-06-07 22:21:16 [main] INFO  com.zaxxer.hikari.pool.HikariPool - metadata_catalogue - Added connection org.postgresql.jdbc.PgConnection@461e9b31
2025-06-07 22:21:16 [main] INFO  com.zaxxer.hikari.HikariDataSource - metadata_catalogue - Start completed.
2025-06-07 22:21:16 [main] INFO  t.epos/metadata-database-deploy-test:latest - Creating container for image: epos/metadata-database-deploy-test:latest
2025-06-07 22:21:16 [main] INFO  t.epos/metadata-database-deploy-test:latest - Container epos/metadata-database-deploy-test:latest is starting: 321c675bb136a434d9dde6b82fbcf209d1888238a664ddbf0c77be091ad2ad69
2025-06-07 22:21:20 [main] INFO  t.epos/metadata-database-deploy-test:latest - Container epos/metadata-database-deploy-test:latest started in PT3.76947503S
2025-06-07 22:21:20 [main] INFO  t.epos/metadata-database-deploy-test:latest - Container is started (JDBC URL: jdbc:postgresql://localhost:32894/metadata_catalogue?loggerLevel=OFF)
2025-06-07 22:21:20 [main] INFO  com.zaxxer.hikari.HikariDataSource - metadata_catalogue - Starting...
2025-06-07 22:21:20 [main] INFO  com.zaxxer.hikari.pool.HikariPool - metadata_catalogue - Added connection org.postgresql.jdbc.PgConnection@4101d2c7
2025-06-07 22:21:20 [main] INFO  com.zaxxer.hikari.HikariDataSource - metadata_catalogue - Start completed.
2025-06-07 22:21:20 [main] INFO  com.zaxxer.hikari.HikariDataSource - metadata_catalogue - Starting...
2025-06-07 22:21:20 [main] INFO  com.zaxxer.hikari.pool.HikariPool - metadata_catalogue - Added connection org.postgresql.jdbc.PgConnection@68f4c6e7
2025-06-07 22:21:20 [main] INFO  com.zaxxer.hikari.HikariDataSource - metadata_catalogue - Start completed.
2025-06-07 22:21:20 [main] INFO  t.epos/metadata-database-deploy-test:latest - Creating container for image: epos/metadata-database-deploy-test:latest
2025-06-07 22:21:21 [main] INFO  t.epos/metadata-database-deploy-test:latest - Container epos/metadata-database-deploy-test:latest is starting: 9e62fc8472a1b4107d875ec104a6618bc4b38b5cf3baf23bd5f02da20ed398ef
2025-06-07 22:21:24 [main] INFO  t.epos/metadata-database-deploy-test:latest - Container epos/metadata-database-deploy-test:latest started in PT3.777193457S
2025-06-07 22:21:24 [main] INFO  t.epos/metadata-database-deploy-test:latest - Container is started (JDBC URL: jdbc:postgresql://localhost:32895/metadata_catalogue?loggerLevel=OFF)
2025-06-07 22:21:24 [main] INFO  com.zaxxer.hikari.HikariDataSource - metadata_catalogue - Starting...
2025-06-07 22:21:24 [main] INFO  com.zaxxer.hikari.pool.HikariPool - metadata_catalogue - Added connection org.postgresql.jdbc.PgConnection@3ec72844
2025-06-07 22:21:24 [main] INFO  com.zaxxer.hikari.HikariDataSource - metadata_catalogue - Start completed.
2025-06-07 22:21:24 [main] INFO  com.zaxxer.hikari.HikariDataSource - metadata_catalogue - Starting...
2025-06-07 22:21:24 [main] INFO  com.zaxxer.hikari.pool.HikariPool - metadata_catalogue - Added connection org.postgresql.jdbc.PgConnection@7b3c411f
2025-06-07 22:21:24 [main] INFO  com.zaxxer.hikari.HikariDataSource - metadata_catalogue - Start completed.
2025-06-07 22:21:24 [main] INFO  com.zaxxer.hikari.HikariDataSource - metadata_catalogue - Starting...
2025-06-07 22:21:24 [main] INFO  com.zaxxer.hikari.pool.HikariPool - metadata_catalogue - Added connection org.postgresql.jdbc.PgConnection@6aa060f6
2025-06-07 22:21:24 [main] INFO  com.zaxxer.hikari.HikariDataSource - metadata_catalogue - Start completed.
2025-06-07 22:21:25 [main] INFO  com.zaxxer.hikari.HikariDataSource - metadata_catalogue - Starting...
2025-06-07 22:21:25 [main] INFO  com.zaxxer.hikari.pool.HikariPool - metadata_catalogue - Added connection org.postgresql.jdbc.PgConnection@2603ff76
2025-06-07 22:21:25 [main] INFO  com.zaxxer.hikari.HikariDataSource - metadata_catalogue - Start completed.
2025-06-07 22:21:25 [main] INFO  com.zaxxer.hikari.HikariDataSource - metadata_catalogue - Starting...
2025-06-07 22:21:25 [main] INFO  com.zaxxer.hikari.pool.HikariPool - metadata_catalogue - Added connection org.postgresql.jdbc.PgConnection@595f803
2025-06-07 22:21:25 [main] INFO  com.zaxxer.hikari.HikariDataSource - metadata_catalogue - Start completed.
2025-06-07 22:21:25 [main] INFO  t.epos/metadata-database-deploy-test:latest - Creating container for image: epos/metadata-database-deploy-test:latest
2025-06-07 22:21:25 [main] INFO  t.epos/metadata-database-deploy-test:latest - Container epos/metadata-database-deploy-test:latest is starting: 673f6fc8160446541c084189ca47193dbd697c31202ad479ad1a83be06bb1d82
2025-06-07 22:21:29 [main] INFO  t.epos/metadata-database-deploy-test:latest - Container epos/metadata-database-deploy-test:latest started in PT3.804495805S
2025-06-07 22:21:29 [main] INFO  t.epos/metadata-database-deploy-test:latest - Container is started (JDBC URL: jdbc:postgresql://localhost:32896/metadata_catalogue?loggerLevel=OFF)
2025-06-07 22:21:29 [main] INFO  com.zaxxer.hikari.HikariDataSource - metadata_catalogue - Starting...
2025-06-07 22:21:29 [main] INFO  com.zaxxer.hikari.pool.HikariPool - metadata_catalogue - Added connection org.postgresql.jdbc.PgConnection@6f96c70b
2025-06-07 22:21:29 [main] INFO  com.zaxxer.hikari.HikariDataSource - metadata_catalogue - Start completed.
2025-06-07 22:21:29 [main] INFO  com.zaxxer.hikari.HikariDataSource - metadata_catalogue - Starting...
2025-06-07 22:21:29 [main] INFO  com.zaxxer.hikari.pool.HikariPool - metadata_catalogue - Added connection org.postgresql.jdbc.PgConnection@13421eb0
2025-06-07 22:21:29 [main] INFO  com.zaxxer.hikari.HikariDataSource - metadata_catalogue - Start completed.
2025-06-07 22:21:29 [main] INFO  com.zaxxer.hikari.HikariDataSource - metadata_catalogue - Starting...
2025-06-07 22:21:29 [main] INFO  com.zaxxer.hikari.pool.HikariPool - metadata_catalogue - Added connection org.postgresql.jdbc.PgConnection@1801a55a
2025-06-07 22:21:29 [main] INFO  com.zaxxer.hikari.HikariDataSource - metadata_catalogue - Start completed.
2025-06-07 22:21:29 [main] INFO  com.zaxxer.hikari.HikariDataSource - metadata_catalogue - Starting...
2025-06-07 22:21:29 [main] INFO  com.zaxxer.hikari.pool.HikariPool - metadata_catalogue - Added connection org.postgresql.jdbc.PgConnection@32f79272
2025-06-07 22:21:29 [main] INFO  com.zaxxer.hikari.HikariDataSource - metadata_catalogue - Start completed.
2025-06-07 22:21:29 [main] INFO  t.epos/metadata-database-deploy-test:latest - Creating container for image: epos/metadata-database-deploy-test:latest
2025-06-07 22:21:29 [main] INFO  t.epos/metadata-database-deploy-test:latest - Container epos/metadata-database-deploy-test:latest is starting: a529d5680d8535d647286faef421c47f9392482c9a93d91df0f2f3c0eb417cda
2025-06-07 22:21:33 [main] INFO  t.epos/metadata-database-deploy-test:latest - Container epos/metadata-database-deploy-test:latest started in PT3.768625638S
2025-06-07 22:21:33 [main] INFO  t.epos/metadata-database-deploy-test:latest - Container is started (JDBC URL: jdbc:postgresql://localhost:32897/metadata_catalogue?loggerLevel=OFF)
2025-06-07 22:21:33 [main] INFO  com.zaxxer.hikari.HikariDataSource - metadata_catalogue - Starting...
2025-06-07 22:21:33 [main] INFO  com.zaxxer.hikari.pool.HikariPool - metadata_catalogue - Added connection org.postgresql.jdbc.PgConnection@16f86d8f
2025-06-07 22:21:33 [main] INFO  com.zaxxer.hikari.HikariDataSource - metadata_catalogue - Start completed.
2025-06-07 22:21:33 [main] INFO  com.zaxxer.hikari.HikariDataSource - metadata_catalogue - Starting...
2025-06-07 22:21:33 [main] INFO  com.zaxxer.hikari.pool.HikariPool - metadata_catalogue - Added connection org.postgresql.jdbc.PgConnection@14a00e66
2025-06-07 22:21:33 [main] INFO  com.zaxxer.hikari.HikariDataSource - metadata_catalogue - Start completed.
2025-06-07 22:58:24 [main] INFO  o.epos.backoffice.Swagger2SpringBoot - Starting Swagger2SpringBoot using Java 21.0.7 with PID 108041 (/home/valerio/Documenti/services/backoffice-service/target/classes started by valerio in /home/valerio/Documenti/services/backoffice-service)
2025-06-07 22:58:24 [main] INFO  o.epos.backoffice.Swagger2SpringBoot - No active profile set, falling back to 1 default profile: "default"
2025-06-07 22:58:25 [main] INFO  o.s.b.w.e.tomcat.TomcatWebServer - Tomcat initialized with port 8080 (http)
2025-06-07 22:58:25 [main] INFO  o.a.coyote.http11.Http11NioProtocol - Initializing ProtocolHandler ["http-nio-8080"]
2025-06-07 22:58:25 [main] INFO  o.a.catalina.core.StandardService - Starting service [Tomcat]
2025-06-07 22:58:25 [main] INFO  o.a.catalina.core.StandardEngine - Starting Servlet engine: [Apache Tomcat/10.1.41]
2025-06-07 22:58:25 [main] INFO  o.a.c.c.C.[.[.[/api/backoffice-service/v1] - Initializing Spring embedded WebApplicationContext
2025-06-07 22:58:25 [main] INFO  o.s.b.w.s.c.ServletWebServerApplicationContext - Root WebApplicationContext: initialization completed in 536 ms
2025-06-07 22:58:25 [main] INFO  o.s.v.b.OptionalValidatorFactoryBean - Failed to set up a Bean Validation provider: jakarta.validation.NoProviderFoundException: Unable to create a Configuration, because no Jakarta Validation provider could be found. Add a provider like Hibernate Validator (RI) to your classpath.
2025-06-07 22:58:25 [main] INFO  o.s.b.a.e.web.EndpointLinksResolver - Exposing 1 endpoint beneath base path '/actuator'
2025-06-07 22:58:25 [main] INFO  o.a.coyote.http11.Http11NioProtocol - Starting ProtocolHandler ["http-nio-8080"]
2025-06-07 22:58:25 [main] WARN  o.s.b.w.s.c.AnnotationConfigServletWebServerApplicationContext - Exception encountered during context initialization - cancelling refresh attempt: org.springframework.context.ApplicationContextException: Failed to start bean 'webServerStartStop'
2025-06-07 22:58:25 [main] INFO  o.s.b.a.l.ConditionEvaluationReportLogger - 

Error starting ApplicationContext. To display the condition evaluation report re-run your application with 'debug' enabled.
2025-06-07 22:58:25 [main] ERROR o.s.boot.SpringApplication - Application run failed
org.springframework.context.ApplicationContextException: Failed to start bean 'webServerStartStop'
	at org.springframework.context.support.DefaultLifecycleProcessor.doStart(DefaultLifecycleProcessor.java:408)
	at org.springframework.context.support.DefaultLifecycleProcessor.doStart(DefaultLifecycleProcessor.java:394)
	at org.springframework.context.support.DefaultLifecycleProcessor$LifecycleGroup.start(DefaultLifecycleProcessor.java:586)
	at java.base/java.lang.Iterable.forEach(Iterable.java:75)
	at org.springframework.context.support.DefaultLifecycleProcessor.startBeans(DefaultLifecycleProcessor.java:364)
	at org.springframework.context.support.DefaultLifecycleProcessor.onRefresh(DefaultLifecycleProcessor.java:310)
	at org.springframework.context.support.AbstractApplicationContext.finishRefresh(AbstractApplicationContext.java:1006)
	at org.springframework.context.support.AbstractApplicationContext.refresh(AbstractApplicationContext.java:630)
	at org.springframework.boot.web.servlet.context.ServletWebServerApplicationContext.refresh(ServletWebServerApplicationContext.java:146)
	at org.springframework.boot.SpringApplication.refresh(SpringApplication.java:753)
	at org.springframework.boot.SpringApplication.refreshContext(SpringApplication.java:439)
	at org.springframework.boot.SpringApplication.run(SpringApplication.java:318)
	at org.springframework.boot.SpringApplication.run(SpringApplication.java:1362)
	at org.springframework.boot.SpringApplication.run(SpringApplication.java:1351)
	at org.epos.backoffice.Swagger2SpringBoot.main(Swagger2SpringBoot.java:23)
Caused by: org.springframework.boot.web.server.WebServerException: Unable to start embedded Tomcat server
	at org.springframework.boot.web.embedded.tomcat.TomcatWebServer.start(TomcatWebServer.java:251)
	at org.springframework.boot.web.servlet.context.WebServerStartStopLifecycle.start(WebServerStartStopLifecycle.java:44)
	at org.springframework.context.support.DefaultLifecycleProcessor.doStart(DefaultLifecycleProcessor.java:405)
	... 14 common frames omitted
Caused by: java.lang.IllegalArgumentException: standardService.connector.startFailed
	at org.apache.catalina.core.StandardService.addConnector(StandardService.java:222)
	at org.springframework.boot.web.embedded.tomcat.TomcatWebServer.addPreviouslyRemovedConnectors(TomcatWebServer.java:310)
	at org.springframework.boot.web.embedded.tomcat.TomcatWebServer.start(TomcatWebServer.java:236)
	... 16 common frames omitted
Caused by: org.apache.catalina.LifecycleException: Protocol handler start failed
	at org.apache.catalina.connector.Connector.startInternal(Connector.java:1082)
	at org.apache.catalina.util.LifecycleBase.start(LifecycleBase.java:164)
	at org.apache.catalina.core.StandardService.addConnector(StandardService.java:219)
	... 18 common frames omitted
Caused by: java.net.BindException: Indirizzo già in uso
	at java.base/sun.nio.ch.Net.bind0(Native Method)
	at java.base/sun.nio.ch.Net.bind(Net.java:565)
	at java.base/sun.nio.ch.ServerSocketChannelImpl.netBind(ServerSocketChannelImpl.java:344)
	at java.base/sun.nio.ch.ServerSocketChannelImpl.bind(ServerSocketChannelImpl.java:301)
	at org.apache.tomcat.util.net.NioEndpoint.initServerSocket(NioEndpoint.java:240)
	at org.apache.tomcat.util.net.NioEndpoint.bind(NioEndpoint.java:195)
	at org.apache.tomcat.util.net.AbstractEndpoint.bindWithCleanup(AbstractEndpoint.java:1304)
	at org.apache.tomcat.util.net.AbstractEndpoint.start(AbstractEndpoint.java:1390)
	at org.apache.coyote.AbstractProtocol.start(AbstractProtocol.java:644)
	at org.apache.catalina.connector.Connector.startInternal(Connector.java:1079)
	... 20 common frames omitted
2025-06-07 22:59:26 [background-preinit] INFO  o.h.validator.internal.util.Version - HV000001: Hibernate Validator 8.0.2.Final
2025-06-07 22:59:26 [main] INFO  o.epos.backoffice.Swagger2SpringBoot - Starting Swagger2SpringBoot using Java 21.0.7 with PID 108367 (/home/valerio/Documenti/services/backoffice-service/target/classes started by valerio in /home/valerio/Documenti/services/backoffice-service)
2025-06-07 22:59:26 [main] INFO  o.epos.backoffice.Swagger2SpringBoot - No active profile set, falling back to 1 default profile: "default"
2025-06-07 22:59:26 [main] INFO  o.s.b.w.e.tomcat.TomcatWebServer - Tomcat initialized with port 8080 (http)
2025-06-07 22:59:26 [main] INFO  o.a.coyote.http11.Http11NioProtocol - Initializing ProtocolHandler ["http-nio-8080"]
2025-06-07 22:59:26 [main] INFO  o.a.catalina.core.StandardService - Starting service [Tomcat]
2025-06-07 22:59:26 [main] INFO  o.a.catalina.core.StandardEngine - Starting Servlet engine: [Apache Tomcat/10.1.41]
2025-06-07 22:59:26 [main] INFO  o.a.c.c.C.[.[.[/api/backoffice-service/v1] - Initializing Spring embedded WebApplicationContext
2025-06-07 22:59:26 [main] INFO  o.s.b.w.s.c.ServletWebServerApplicationContext - Root WebApplicationContext: initialization completed in 802 ms
2025-06-07 22:59:27 [main] INFO  o.s.b.a.e.web.EndpointLinksResolver - Exposing 1 endpoint beneath base path '/actuator'
2025-06-07 22:59:27 [main] INFO  o.a.coyote.http11.Http11NioProtocol - Starting ProtocolHandler ["http-nio-8080"]
2025-06-07 22:59:27 [main] WARN  o.s.b.w.s.c.AnnotationConfigServletWebServerApplicationContext - Exception encountered during context initialization - cancelling refresh attempt: org.springframework.context.ApplicationContextException: Failed to start bean 'webServerStartStop'
2025-06-07 22:59:27 [main] INFO  o.s.b.a.l.ConditionEvaluationReportLogger - 

Error starting ApplicationContext. To display the condition evaluation report re-run your application with 'debug' enabled.
2025-06-07 22:59:27 [main] ERROR o.s.boot.SpringApplication - Application run failed
org.springframework.context.ApplicationContextException: Failed to start bean 'webServerStartStop'
	at org.springframework.context.support.DefaultLifecycleProcessor.doStart(DefaultLifecycleProcessor.java:408)
	at org.springframework.context.support.DefaultLifecycleProcessor.doStart(DefaultLifecycleProcessor.java:394)
	at org.springframework.context.support.DefaultLifecycleProcessor$LifecycleGroup.start(DefaultLifecycleProcessor.java:586)
	at java.base/java.lang.Iterable.forEach(Iterable.java:75)
	at org.springframework.context.support.DefaultLifecycleProcessor.startBeans(DefaultLifecycleProcessor.java:364)
	at org.springframework.context.support.DefaultLifecycleProcessor.onRefresh(DefaultLifecycleProcessor.java:310)
	at org.springframework.context.support.AbstractApplicationContext.finishRefresh(AbstractApplicationContext.java:1006)
	at org.springframework.context.support.AbstractApplicationContext.refresh(AbstractApplicationContext.java:630)
	at org.springframework.boot.web.servlet.context.ServletWebServerApplicationContext.refresh(ServletWebServerApplicationContext.java:146)
	at org.springframework.boot.SpringApplication.refresh(SpringApplication.java:753)
	at org.springframework.boot.SpringApplication.refreshContext(SpringApplication.java:439)
	at org.springframework.boot.SpringApplication.run(SpringApplication.java:318)
	at org.springframework.boot.SpringApplication.run(SpringApplication.java:1362)
	at org.springframework.boot.SpringApplication.run(SpringApplication.java:1351)
	at org.epos.backoffice.Swagger2SpringBoot.main(Swagger2SpringBoot.java:23)
Caused by: org.springframework.boot.web.server.WebServerException: Unable to start embedded Tomcat server
	at org.springframework.boot.web.embedded.tomcat.TomcatWebServer.start(TomcatWebServer.java:251)
	at org.springframework.boot.web.servlet.context.WebServerStartStopLifecycle.start(WebServerStartStopLifecycle.java:44)
	at org.springframework.context.support.DefaultLifecycleProcessor.doStart(DefaultLifecycleProcessor.java:405)
	... 14 common frames omitted
Caused by: java.lang.IllegalArgumentException: standardService.connector.startFailed
	at org.apache.catalina.core.StandardService.addConnector(StandardService.java:222)
	at org.springframework.boot.web.embedded.tomcat.TomcatWebServer.addPreviouslyRemovedConnectors(TomcatWebServer.java:310)
	at org.springframework.boot.web.embedded.tomcat.TomcatWebServer.start(TomcatWebServer.java:236)
	... 16 common frames omitted
Caused by: org.apache.catalina.LifecycleException: Protocol handler start failed
	at org.apache.catalina.connector.Connector.startInternal(Connector.java:1082)
	at org.apache.catalina.util.LifecycleBase.start(LifecycleBase.java:164)
	at org.apache.catalina.core.StandardService.addConnector(StandardService.java:219)
	... 18 common frames omitted
Caused by: java.net.BindException: Indirizzo già in uso
	at java.base/sun.nio.ch.Net.bind0(Native Method)
	at java.base/sun.nio.ch.Net.bind(Net.java:565)
	at java.base/sun.nio.ch.ServerSocketChannelImpl.netBind(ServerSocketChannelImpl.java:344)
	at java.base/sun.nio.ch.ServerSocketChannelImpl.bind(ServerSocketChannelImpl.java:301)
	at org.apache.tomcat.util.net.NioEndpoint.initServerSocket(NioEndpoint.java:240)
	at org.apache.tomcat.util.net.NioEndpoint.bind(NioEndpoint.java:195)
	at org.apache.tomcat.util.net.AbstractEndpoint.bindWithCleanup(AbstractEndpoint.java:1304)
	at org.apache.tomcat.util.net.AbstractEndpoint.start(AbstractEndpoint.java:1390)
	at org.apache.coyote.AbstractProtocol.start(AbstractProtocol.java:644)
	at org.apache.catalina.connector.Connector.startInternal(Connector.java:1079)
	... 20 common frames omitted
2025-06-07 23:00:05 [background-preinit] INFO  o.h.validator.internal.util.Version - HV000001: Hibernate Validator 8.0.2.Final
2025-06-07 23:00:05 [main] INFO  o.epos.backoffice.Swagger2SpringBoot - Starting Swagger2SpringBoot using Java 21.0.7 with PID 108541 (/home/valerio/Documenti/services/backoffice-service/target/classes started by valerio in /home/valerio/Documenti/services/backoffice-service)
2025-06-07 23:00:05 [main] INFO  o.epos.backoffice.Swagger2SpringBoot - No active profile set, falling back to 1 default profile: "default"
2025-06-07 23:00:06 [main] INFO  o.s.b.w.e.tomcat.TomcatWebServer - Tomcat initialized with port 8080 (http)
2025-06-07 23:00:06 [main] INFO  o.a.coyote.http11.Http11NioProtocol - Initializing ProtocolHandler ["http-nio-8080"]
2025-06-07 23:00:06 [main] INFO  o.a.catalina.core.StandardService - Starting service [Tomcat]
2025-06-07 23:00:06 [main] INFO  o.a.catalina.core.StandardEngine - Starting Servlet engine: [Apache Tomcat/10.1.41]
2025-06-07 23:00:06 [main] INFO  o.a.c.c.C.[.[.[/api/backoffice-service/v1] - Initializing Spring embedded WebApplicationContext
2025-06-07 23:00:06 [main] INFO  o.s.b.w.s.c.ServletWebServerApplicationContext - Root WebApplicationContext: initialization completed in 541 ms
2025-06-07 23:00:06 [main] INFO  o.s.b.a.e.web.EndpointLinksResolver - Exposing 1 endpoint beneath base path '/actuator'
2025-06-07 23:00:06 [main] INFO  o.a.coyote.http11.Http11NioProtocol - Starting ProtocolHandler ["http-nio-8080"]
2025-06-07 23:00:06 [main] INFO  o.s.b.w.e.tomcat.TomcatWebServer - Tomcat started on port 8080 (http) with context path '/api/backoffice-service/v1'
2025-06-07 23:00:06 [main] INFO  o.epos.backoffice.Swagger2SpringBoot - Started Swagger2SpringBoot in 1.13 seconds (process running for 1.506)
2025-06-07 23:00:07 [RMI TCP Connection(3)-127.0.0.1] INFO  o.a.c.c.C.[.[.[/api/backoffice-service/v1] - Initializing Spring DispatcherServlet 'dispatcherServlet'
2025-06-07 23:00:07 [RMI TCP Connection(3)-127.0.0.1] INFO  o.s.web.servlet.DispatcherServlet - Initializing Servlet 'dispatcherServlet'
2025-06-07 23:00:07 [RMI TCP Connection(3)-127.0.0.1] INFO  o.s.web.servlet.DispatcherServlet - Completed initialization in 1 ms
2025-06-07 23:01:54 [SpringApplicationShutdownHook] INFO  o.s.b.w.e.tomcat.GracefulShutdown - Commencing graceful shutdown. Waiting for active requests to complete
2025-06-07 23:01:54 [tomcat-shutdown] INFO  o.s.b.w.e.tomcat.GracefulShutdown - Graceful shutdown complete
2025-06-07 23:01:56 [background-preinit] INFO  o.h.validator.internal.util.Version - HV000001: Hibernate Validator 8.0.2.Final
2025-06-07 23:01:56 [main] INFO  o.epos.backoffice.Swagger2SpringBoot - Starting Swagger2SpringBoot using Java 21.0.7 with PID 108948 (/home/valerio/Documenti/services/backoffice-service/target/classes started by valerio in /home/valerio/Documenti/services/backoffice-service)
2025-06-07 23:01:56 [main] INFO  o.epos.backoffice.Swagger2SpringBoot - No active profile set, falling back to 1 default profile: "default"
2025-06-07 23:01:56 [main] INFO  o.s.b.w.e.tomcat.TomcatWebServer - Tomcat initialized with port 8080 (http)
2025-06-07 23:01:56 [main] INFO  o.a.coyote.http11.Http11NioProtocol - Initializing ProtocolHandler ["http-nio-8080"]
2025-06-07 23:01:56 [main] INFO  o.a.catalina.core.StandardService - Starting service [Tomcat]
2025-06-07 23:01:56 [main] INFO  o.a.catalina.core.StandardEngine - Starting Servlet engine: [Apache Tomcat/10.1.41]
2025-06-07 23:01:56 [main] INFO  o.a.c.c.C.[.[.[/api/backoffice-service/v1] - Initializing Spring embedded WebApplicationContext
2025-06-07 23:01:56 [main] INFO  o.s.b.w.s.c.ServletWebServerApplicationContext - Root WebApplicationContext: initialization completed in 537 ms
2025-06-07 23:01:57 [main] INFO  o.s.b.a.e.web.EndpointLinksResolver - Exposing 1 endpoint beneath base path '/actuator'
2025-06-07 23:01:57 [main] INFO  o.a.coyote.http11.Http11NioProtocol - Starting ProtocolHandler ["http-nio-8080"]
2025-06-07 23:01:57 [main] INFO  o.s.b.w.e.tomcat.TomcatWebServer - Tomcat started on port 8080 (http) with context path '/api/backoffice-service/v1'
2025-06-07 23:01:57 [main] INFO  o.epos.backoffice.Swagger2SpringBoot - Started Swagger2SpringBoot in 1.129 seconds (process running for 1.433)
2025-06-07 23:01:57 [RMI TCP Connection(4)-127.0.0.1] INFO  o.a.c.c.C.[.[.[/api/backoffice-service/v1] - Initializing Spring DispatcherServlet 'dispatcherServlet'
2025-06-07 23:01:57 [RMI TCP Connection(4)-127.0.0.1] INFO  o.s.web.servlet.DispatcherServlet - Initializing Servlet 'dispatcherServlet'
2025-06-07 23:01:57 [RMI TCP Connection(4)-127.0.0.1] INFO  o.s.web.servlet.DispatcherServlet - Completed initialization in 1 ms
2025-06-07 23:05:46 [SpringApplicationShutdownHook] INFO  o.s.b.w.e.tomcat.GracefulShutdown - Commencing graceful shutdown. Waiting for active requests to complete
2025-06-07 23:05:46 [tomcat-shutdown] INFO  o.s.b.w.e.tomcat.GracefulShutdown - Graceful shutdown complete
2025-06-07 23:05:50 [background-preinit] INFO  o.h.validator.internal.util.Version - HV000001: Hibernate Validator 8.0.2.Final
2025-06-07 23:05:50 [main] INFO  o.epos.backoffice.Swagger2SpringBoot - Starting Swagger2SpringBoot using Java 21.0.7 with PID 109672 (/home/valerio/Documenti/services/backoffice-service/target/classes started by valerio in /home/valerio/Documenti/services/backoffice-service)
2025-06-07 23:05:50 [main] INFO  o.epos.backoffice.Swagger2SpringBoot - No active profile set, falling back to 1 default profile: "default"
2025-06-07 23:05:50 [main] INFO  o.s.b.w.e.tomcat.TomcatWebServer - Tomcat initialized with port 8080 (http)
2025-06-07 23:05:50 [main] INFO  o.a.coyote.http11.Http11NioProtocol - Initializing ProtocolHandler ["http-nio-8080"]
2025-06-07 23:05:50 [main] INFO  o.a.catalina.core.StandardService - Starting service [Tomcat]
2025-06-07 23:05:50 [main] INFO  o.a.catalina.core.StandardEngine - Starting Servlet engine: [Apache Tomcat/10.1.41]
2025-06-07 23:05:50 [main] INFO  o.a.c.c.C.[.[.[/api/backoffice-service/v1] - Initializing Spring embedded WebApplicationContext
2025-06-07 23:05:50 [main] INFO  o.s.b.w.s.c.ServletWebServerApplicationContext - Root WebApplicationContext: initialization completed in 587 ms
2025-06-07 23:05:51 [main] INFO  o.s.b.a.e.web.EndpointLinksResolver - Exposing 1 endpoint beneath base path '/actuator'
2025-06-07 23:05:51 [main] INFO  o.a.coyote.http11.Http11NioProtocol - Starting ProtocolHandler ["http-nio-8080"]
2025-06-07 23:05:51 [main] INFO  o.s.b.w.e.tomcat.TomcatWebServer - Tomcat started on port 8080 (http) with context path '/api/backoffice-service/v1'
2025-06-07 23:05:51 [main] INFO  o.epos.backoffice.Swagger2SpringBoot - Started Swagger2SpringBoot in 1.267 seconds (process running for 1.657)
2025-06-07 23:05:51 [RMI TCP Connection(2)-127.0.0.1] INFO  o.a.c.c.C.[.[.[/api/backoffice-service/v1] - Initializing Spring DispatcherServlet 'dispatcherServlet'
2025-06-07 23:05:51 [RMI TCP Connection(2)-127.0.0.1] INFO  o.s.web.servlet.DispatcherServlet - Initializing Servlet 'dispatcherServlet'
2025-06-07 23:05:51 [RMI TCP Connection(2)-127.0.0.1] INFO  o.s.web.servlet.DispatcherServlet - Completed initialization in 1 ms
2025-06-07 23:06:46 [SpringApplicationShutdownHook] INFO  o.s.b.w.e.tomcat.GracefulShutdown - Commencing graceful shutdown. Waiting for active requests to complete
2025-06-07 23:06:46 [tomcat-shutdown] INFO  o.s.b.w.e.tomcat.GracefulShutdown - Graceful shutdown complete
2025-06-07 23:06:48 [background-preinit] INFO  o.h.validator.internal.util.Version - HV000001: Hibernate Validator 8.0.2.Final
2025-06-07 23:06:48 [main] INFO  o.epos.backoffice.Swagger2SpringBoot - Starting Swagger2SpringBoot using Java 21.0.7 with PID 109920 (/home/valerio/Documenti/services/backoffice-service/target/classes started by valerio in /home/valerio/Documenti/services/backoffice-service)
2025-06-07 23:06:48 [main] INFO  o.epos.backoffice.Swagger2SpringBoot - No active profile set, falling back to 1 default profile: "default"
2025-06-07 23:06:49 [main] INFO  o.s.b.w.e.tomcat.TomcatWebServer - Tomcat initialized with port 8080 (http)
2025-06-07 23:06:49 [main] INFO  o.a.coyote.http11.Http11NioProtocol - Initializing ProtocolHandler ["http-nio-8080"]
2025-06-07 23:06:49 [main] INFO  o.a.catalina.core.StandardService - Starting service [Tomcat]
2025-06-07 23:06:49 [main] INFO  o.a.catalina.core.StandardEngine - Starting Servlet engine: [Apache Tomcat/10.1.41]
2025-06-07 23:06:49 [main] INFO  o.a.c.c.C.[.[.[/api/backoffice-service/v1] - Initializing Spring embedded WebApplicationContext
2025-06-07 23:06:49 [main] INFO  o.s.b.w.s.c.ServletWebServerApplicationContext - Root WebApplicationContext: initialization completed in 605 ms
2025-06-07 23:06:49 [main] INFO  o.s.b.a.e.web.EndpointLinksResolver - Exposing 1 endpoint beneath base path '/actuator'
2025-06-07 23:06:49 [main] INFO  o.a.coyote.http11.Http11NioProtocol - Starting ProtocolHandler ["http-nio-8080"]
2025-06-07 23:06:49 [main] INFO  o.s.b.w.e.tomcat.TomcatWebServer - Tomcat started on port 8080 (http) with context path '/api/backoffice-service/v1'
2025-06-07 23:06:49 [main] INFO  o.epos.backoffice.Swagger2SpringBoot - Started Swagger2SpringBoot in 1.295 seconds (process running for 1.639)
2025-06-07 23:06:49 [RMI TCP Connection(3)-127.0.0.1] INFO  o.a.c.c.C.[.[.[/api/backoffice-service/v1] - Initializing Spring DispatcherServlet 'dispatcherServlet'
2025-06-07 23:06:49 [RMI TCP Connection(3)-127.0.0.1] INFO  o.s.web.servlet.DispatcherServlet - Initializing Servlet 'dispatcherServlet'
2025-06-07 23:06:49 [RMI TCP Connection(3)-127.0.0.1] INFO  o.s.web.servlet.DispatcherServlet - Completed initialization in 1 ms
2025-06-07 23:07:03 [http-nio-8080-exec-10] INFO  o.s.api.AbstractOpenApiResource - Init duration for springdoc-openapi is: 414 ms
2025-06-07 23:07:15 [SpringApplicationShutdownHook] INFO  o.s.b.w.e.tomcat.GracefulShutdown - Commencing graceful shutdown. Waiting for active requests to complete
2025-06-07 23:07:15 [tomcat-shutdown] INFO  o.s.b.w.e.tomcat.GracefulShutdown - Graceful shutdown complete
